1685260715551@vehicle@0xfc932e94fed02d65e282e933c8e0cb75f6c4cfd8@StartProcessing
1685260715608@vehicle@0xfdd87ce574fea6b415f3a8f70f4fcc752555b920@StartProcessing
1685260715617@vehicle@0xd05c44f7b7f9d7c76a32f6cd5c612ac9c0f5bfc2@StartProcessing
1685260715618@vehicle@0xbeacf6104014bfafccc307bb7e7b5ef850c1db0d@StartProcessing
1685261042679@vehicle@0xbeacf6104014bfafccc307bb7e7b5ef850c1db0d@PickUp@0x42389309e69a2b32b98f04bc8255ad971797f757000000000000000000000000
1685261044107@vehicle@0xbeacf6104014bfafccc307bb7e7b5ef850c1db0d@FinishedAStarToStartingPoint
1685261192926@vehicle@0xd05c44f7b7f9d7c76a32f6cd5c612ac9c0f5bfc2@PickUp@0xd402c7301a68c4c65529ab0c597bb8b13e27f607000000000000000000000000
1685261193024@vehicle@0xbeacf6104014bfafccc307bb7e7b5ef850c1db0d@StoreRouteToStartingPointThroughAStarSuccess
1685261193583@vehicle@0xd05c44f7b7f9d7c76a32f6cd5c612ac9c0f5bfc2@FinishedAStarToStartingPoint
1685261771895@vehicle@0xd05c44f7b7f9d7c76a32f6cd5c612ac9c0f5bfc2@StoreRouteToStartingPointThroughAStarSuccess
1685261771932@vehicle@0xfc932e94fed02d65e282e933c8e0cb75f6c4cfd8@PickUp@0x95d2b2a36e6a3d1e7ac8edbf99481c6009a19131000000000000000000000000
1685261772089@vehicle@0xbeacf6104014bfafccc307bb7e7b5ef850c1db0d@DestinationReady
1685261772629@vehicle@0xfc932e94fed02d65e282e933c8e0cb75f6c4cfd8@FinishedAStarToStartingPoint
1685261775060@vehicle@0xbeacf6104014bfafccc307bb7e7b5ef850c1db0d@FinishedAStarToDestination
1685262370649@vehicle@0xfdd87ce574fea6b415f3a8f70f4fcc752555b920@PickUp@0x6d1558ef76336d670fb6f2b04ae1f345eab94761000000000000000000000000
1685262370758@vehicle@0xfc932e94fed02d65e282e933c8e0cb75f6c4cfd8@StoreRouteToStartingPointThroughAStarSuccess
1685262370774@vehicle@0xbeacf6104014bfafccc307bb7e7b5ef850c1db0d@StoreRouteToDestinationSuccess
1685262370793@vehicle@0xd05c44f7b7f9d7c76a32f6cd5c612ac9c0f5bfc2@DestinationReady
1685262371465@vehicle@0xfdd87ce574fea6b415f3a8f70f4fcc752555b920@FinishedAStarToStartingPoint
1685262374198@vehicle@0xd05c44f7b7f9d7c76a32f6cd5c612ac9c0f5bfc2@FinishedAStarToDestination
1685262945249@vehicle@0xbeacf6104014bfafccc307bb7e7b5ef850c1db0d@PassengerPaid
1685262945292@vehicle@0xfdd87ce574fea6b415f3a8f70f4fcc752555b920@StoreRouteToStartingPointThroughAStarSuccess
1685262945295@vehicle@0xd05c44f7b7f9d7c76a32f6cd5c612ac9c0f5bfc2@StoreRouteToDestinationSuccess
1685262945299@vehicle@0xfc932e94fed02d65e282e933c8e0cb75f6c4cfd8@DestinationReady
1685262945301@vehicle@0xbeacf6104014bfafccc307bb7e7b5ef850c1db0d@CarReleased
1685262946790@vehicle@0xfc932e94fed02d65e282e933c8e0cb75f6c4cfd8@FinishedAStarToDestination
1685263125747@vehicle@0xd05c44f7b7f9d7c76a32f6cd5c612ac9c0f5bfc2@PassengerPaid
1685263125792@vehicle@0xfc932e94fed02d65e282e933c8e0cb75f6c4cfd8@StoreRouteToDestinationSuccess
1685263125806@vehicle@0xfdd87ce574fea6b415f3a8f70f4fcc752555b920@DestinationReady
1685263125896@vehicle@0xd05c44f7b7f9d7c76a32f6cd5c612ac9c0f5bfc2@CarReleased
1685263127911@vehicle@0xfdd87ce574fea6b415f3a8f70f4fcc752555b920@FinishedAStarToDestination
1685263311133@vehicle@0xfc932e94fed02d65e282e933c8e0cb75f6c4cfd8@PassengerPaid
1685263311179@vehicle@0xbeacf6104014bfafccc307bb7e7b5ef850c1db0d@PickUp@0x3df2c7b1e2c3e8e5e40c6035f6a3a5bb8fdb6b87000000000000000000000000
1685263311190@vehicle@0xfdd87ce574fea6b415f3a8f70f4fcc752555b920@StoreRouteToDestinationSuccess
1685263311232@vehicle@0xfc932e94fed02d65e282e933c8e0cb75f6c4cfd8@CarReleased
1685263311394@vehicle@0xbeacf6104014bfafccc307bb7e7b5ef850c1db0d@FinishedAStarToStartingPoint
1685263487062@vehicle@0xfdd87ce574fea6b415f3a8f70f4fcc752555b920@PassengerPaid
1685263487269@vehicle@0xd05c44f7b7f9d7c76a32f6cd5c612ac9c0f5bfc2@PickUp@0xcae58827099cb4557f40dd308f5efc29e9065be8000000000000000000000000
1685263488281@vehicle@0xbeacf6104014bfafccc307bb7e7b5ef850c1db0d@StoreRouteToStartingPointThroughAStarSuccess
1685263488282@vehicle@0xfdd87ce574fea6b415f3a8f70f4fcc752555b920@CarReleased
1685263488746@vehicle@0xd05c44f7b7f9d7c76a32f6cd5c612ac9c0f5bfc2@FinishedAStarToStartingPoint
1685263604420@vehicle@0xfc932e94fed02d65e282e933c8e0cb75f6c4cfd8@PickUp@0xd35d112793fe59877302d4064c9ef5a89c0485ba000000000000000000000000
1685263604463@vehicle@0xd05c44f7b7f9d7c76a32f6cd5c612ac9c0f5bfc2@StoreRouteToStartingPointThroughAStarSuccess
1685263604489@vehicle@0xbeacf6104014bfafccc307bb7e7b5ef850c1db0d@DestinationReady
1685263605143@vehicle@0xfc932e94fed02d65e282e933c8e0cb75f6c4cfd8@FinishedAStarToStartingPoint
1685263606506@vehicle@0xbeacf6104014bfafccc307bb7e7b5ef850c1db0d@FinishedAStarToDestination
1685264151344@vehicle@0xfdd87ce574fea6b415f3a8f70f4fcc752555b920@PickUp@0x46dfb062b17f2ef557a64283347653f11ba7c089000000000000000000000000
1685264151509@vehicle@0xbeacf6104014bfafccc307bb7e7b5ef850c1db0d@StoreRouteToDestinationSuccess
1685264151573@vehicle@0xfc932e94fed02d65e282e933c8e0cb75f6c4cfd8@StoreRouteToStartingPointThroughAStarSuccess
1685264151575@vehicle@0xd05c44f7b7f9d7c76a32f6cd5c612ac9c0f5bfc2@DestinationReady
1685264152077@vehicle@0xfdd87ce574fea6b415f3a8f70f4fcc752555b920@FinishedAStarToStartingPoint
1685264153405@vehicle@0xd05c44f7b7f9d7c76a32f6cd5c612ac9c0f5bfc2@FinishedAStarToDestination
1685264316194@vehicle@0xbeacf6104014bfafccc307bb7e7b5ef850c1db0d@PassengerPaid
1685264316250@vehicle@0xd05c44f7b7f9d7c76a32f6cd5c612ac9c0f5bfc2@StoreRouteToDestinationSuccess
1685264316251@vehicle@0xfdd87ce574fea6b415f3a8f70f4fcc752555b920@StoreRouteToStartingPointThroughAStarSuccess
1685264316265@vehicle@0xfc932e94fed02d65e282e933c8e0cb75f6c4cfd8@DestinationReady
1685264316283@vehicle@0xbeacf6104014bfafccc307bb7e7b5ef850c1db0d@CarReleased
1685264319054@vehicle@0xfc932e94fed02d65e282e933c8e0cb75f6c4cfd8@FinishedAStarToDestination
