1685260755977@passenger@0x0d5f26272be5a3b462c3b7a978c7bf4b0d6aadb1@StartProcessing
1685260758950@passenger@0x0cac0bfe17bd73be78486a51a15db39b10cbafcf@StartProcessing
1685260761948@passenger@0xbf5868b482ace24aa4f339ceb26e32230fc7d3aa@StartProcessing
1685260764958@passenger@0x926f155822d00a9191fe71ec570bcd1f0eb0c300@StartProcessing
1685260767967@passenger@0xedb6f3a4a1ebc511f7fe9bd4f2cd4219ca0a3cf4@StartProcessing
1685260771076@passenger@0xbd2f3e025a8f0b0d8bb9f64ef60980ebb27e8d5d@StartProcessing
1685260773970@passenger@0xabd6b57b7d198796947bc03e4f5bd911813caada@StartProcessing
1685260776951@passenger@0x62119c27e0081b14e6e0c596603d21eaa6d6452b@StartProcessing
1685260903540@passenger@0x0cac0bfe17bd73be78486a51a15db39b10cbafcf@StartingPointWrittenToContract
1685260903628@passenger@0x0d5f26272be5a3b462c3b7a978c7bf4b0d6aadb1@StartingPointWrittenToContract
1685260903629@passenger@0xabd6b57b7d198796947bc03e4f5bd911813caada@StartingPointWrittenToContract
1685260903633@passenger@0xbf5868b482ace24aa4f339ceb26e32230fc7d3aa@StartingPointWrittenToContract
1685260903636@passenger@0x926f155822d00a9191fe71ec570bcd1f0eb0c300@StartingPointWrittenToContract
1685260903637@passenger@0xbd2f3e025a8f0b0d8bb9f64ef60980ebb27e8d5d@StartingPointWrittenToContract
1685260903638@passenger@0xedb6f3a4a1ebc511f7fe9bd4f2cd4219ca0a3cf4@StartingPointWrittenToContract
1685260903641@passenger@0x62119c27e0081b14e6e0c596603d21eaa6d6452b@StartingPointWrittenToContract
1685261042645@passenger@0x62119c27e0081b14e6e0c596603d21eaa6d6452b@DestinationWrittenToContract
1685261042656@passenger@0xbf5868b482ace24aa4f339ceb26e32230fc7d3aa@DestinationWrittenToContract
1685261042657@passenger@0x926f155822d00a9191fe71ec570bcd1f0eb0c300@DestinationWrittenToContract
1685261042657@passenger@0xedb6f3a4a1ebc511f7fe9bd4f2cd4219ca0a3cf4@DestinationWrittenToContract
1685261042658@passenger@0x0d5f26272be5a3b462c3b7a978c7bf4b0d6aadb1@DestinationWrittenToContract
1685261042658@passenger@0xbd2f3e025a8f0b0d8bb9f64ef60980ebb27e8d5d@DestinationWrittenToContract
1685261042658@passenger@0x0cac0bfe17bd73be78486a51a15db39b10cbafcf@DestinationWrittenToContract
1685261042708@passenger@0xabd6b57b7d198796947bc03e4f5bd911813caada@DestinationWrittenToContract
1685261042737@passenger@0x62119c27e0081b14e6e0c596603d21eaa6d6452b@FoundIdleCarsNearby
1685261042741@passenger@0x926f155822d00a9191fe71ec570bcd1f0eb0c300@FoundIdleCarsNearby
1685261042743@passenger@0xedb6f3a4a1ebc511f7fe9bd4f2cd4219ca0a3cf4@FoundIdleCarsNearby
1685261042747@passenger@0x0d5f26272be5a3b462c3b7a978c7bf4b0d6aadb1@FoundIdleCarsNearby
1685261042847@passenger@0xbd2f3e025a8f0b0d8bb9f64ef60980ebb27e8d5d@FoundIdleCarsNearby
1685261042848@passenger@0xbf5868b482ace24aa4f339ceb26e32230fc7d3aa@FoundIdleCarsNearby
1685261042855@passenger@0x0cac0bfe17bd73be78486a51a15db39b10cbafcf@FoundIdleCarsNearby
1685261042859@passenger@0x62119c27e0081b14e6e0c596603d21eaa6d6452b@FoundTheMostNearbyCar
1685261042860@passenger@0xabd6b57b7d198796947bc03e4f5bd911813caada@FoundIdleCarsNearby
1685261042871@passenger@0x926f155822d00a9191fe71ec570bcd1f0eb0c300@FoundTheMostNearbyCar
1685261042897@passenger@0xedb6f3a4a1ebc511f7fe9bd4f2cd4219ca0a3cf4@FoundTheMostNearbyCar
1685261042954@passenger@0xbd2f3e025a8f0b0d8bb9f64ef60980ebb27e8d5d@FoundTheMostNearbyCar
1685261042958@passenger@0x0d5f26272be5a3b462c3b7a978c7bf4b0d6aadb1@FoundTheMostNearbyCar
1685261043212@passenger@0xabd6b57b7d198796947bc03e4f5bd911813caada@FoundTheMostNearbyCar
1685261043241@passenger@0xbf5868b482ace24aa4f339ceb26e32230fc7d3aa@FoundTheMostNearbyCar
1685261043326@passenger@0x0cac0bfe17bd73be78486a51a15db39b10cbafcf@FoundTheMostNearbyCar
1685261384935@passenger@0xbd2f3e025a8f0b0d8bb9f64ef60980ebb27e8d5d@TheMostNearbyCarConflict
1685261385007@passenger@0x926f155822d00a9191fe71ec570bcd1f0eb0c300@TheMostNearbyCarConflict
1685261385008@passenger@0x0cac0bfe17bd73be78486a51a15db39b10cbafcf@TheMostNearbyCarConflict
1685261385009@passenger@0x0d5f26272be5a3b462c3b7a978c7bf4b0d6aadb1@TheMostNearbyCarConflict
1685261385009@passenger@0xbf5868b482ace24aa4f339ceb26e32230fc7d3aa@TheMostNearbyCarConflict
1685261385034@passenger@0xedb6f3a4a1ebc511f7fe9bd4f2cd4219ca0a3cf4@TheMostNearbyCarIsSelected
1685261385060@passenger@0xabd6b57b7d198796947bc03e4f5bd911813caada@TheMostNearbyCarConflict
1685261385063@passenger@0x62119c27e0081b14e6e0c596603d21eaa6d6452b@TheMostNearbyCarConflict
1685261399098@passenger@0x926f155822d00a9191fe71ec570bcd1f0eb0c300@FoundTheMostNearbyCar
1685261399112@passenger@0x0d5f26272be5a3b462c3b7a978c7bf4b0d6aadb1@FoundTheMostNearbyCar
1685261399253@passenger@0xbd2f3e025a8f0b0d8bb9f64ef60980ebb27e8d5d@FoundTheMostNearbyCar
1685261399254@passenger@0xabd6b57b7d198796947bc03e4f5bd911813caada@FoundTheMostNearbyCar
1685261399255@passenger@0x0cac0bfe17bd73be78486a51a15db39b10cbafcf@FoundTheMostNearbyCar
1685261399255@passenger@0xbf5868b482ace24aa4f339ceb26e32230fc7d3aa@FoundTheMostNearbyCar
1685261399332@passenger@0x62119c27e0081b14e6e0c596603d21eaa6d6452b@FoundTheMostNearbyCar
1685261771288@passenger@0xbf5868b482ace24aa4f339ceb26e32230fc7d3aa@TheMostNearbyCarConflict
1685261771298@passenger@0x926f155822d00a9191fe71ec570bcd1f0eb0c300@TheMostNearbyCarIsSelected
1685261771301@passenger@0x0cac0bfe17bd73be78486a51a15db39b10cbafcf@TheMostNearbyCarConflict
1685261771302@passenger@0xbd2f3e025a8f0b0d8bb9f64ef60980ebb27e8d5d@TheMostNearbyCarConflict
1685261771302@passenger@0x0d5f26272be5a3b462c3b7a978c7bf4b0d6aadb1@TheMostNearbyCarConflict
1685261771302@passenger@0xabd6b57b7d198796947bc03e4f5bd911813caada@TheMostNearbyCarConflict
1685261771304@passenger@0x62119c27e0081b14e6e0c596603d21eaa6d6452b@TheMostNearbyCarConflict
1685261789339@passenger@0x0cac0bfe17bd73be78486a51a15db39b10cbafcf@FoundTheMostNearbyCar
1685261789356@passenger@0xbf5868b482ace24aa4f339ceb26e32230fc7d3aa@FoundTheMostNearbyCar
1685261789357@passenger@0x0d5f26272be5a3b462c3b7a978c7bf4b0d6aadb1@FoundTheMostNearbyCar
1685261789357@passenger@0xbd2f3e025a8f0b0d8bb9f64ef60980ebb27e8d5d@FoundTheMostNearbyCar
1685261789365@passenger@0x62119c27e0081b14e6e0c596603d21eaa6d6452b@FoundTheMostNearbyCar
1685261789384@passenger@0xabd6b57b7d198796947bc03e4f5bd911813caada@FoundTheMostNearbyCar
1685262370668@passenger@0xbf5868b482ace24aa4f339ceb26e32230fc7d3aa@TheMostNearbyCarConflict
1685262370679@passenger@0x0d5f26272be5a3b462c3b7a978c7bf4b0d6aadb1@TheMostNearbyCarConflict
1685262370682@passenger@0xbd2f3e025a8f0b0d8bb9f64ef60980ebb27e8d5d@TheMostNearbyCarIsSelected
1685262370732@passenger@0xedb6f3a4a1ebc511f7fe9bd4f2cd4219ca0a3cf4@PassengerOnBoard
1685262370761@passenger@0x0cac0bfe17bd73be78486a51a15db39b10cbafcf@TheMostNearbyCarConflict
1685262370762@passenger@0xabd6b57b7d198796947bc03e4f5bd911813caada@TheMostNearbyCarConflict
1685262370762@passenger@0x62119c27e0081b14e6e0c596603d21eaa6d6452b@TheMostNearbyCarConflict
1685262393297@passenger@0x0cac0bfe17bd73be78486a51a15db39b10cbafcf@FoundTheMostNearbyCar
1685262393358@passenger@0x0d5f26272be5a3b462c3b7a978c7bf4b0d6aadb1@FoundTheMostNearbyCar
1685262393365@passenger@0x62119c27e0081b14e6e0c596603d21eaa6d6452b@FoundTheMostNearbyCar
1685262393366@passenger@0xabd6b57b7d198796947bc03e4f5bd911813caada@FoundTheMostNearbyCar
1685262393395@passenger@0xbf5868b482ace24aa4f339ceb26e32230fc7d3aa@FoundTheMostNearbyCar
1685262529564@passenger@0x62119c27e0081b14e6e0c596603d21eaa6d6452b@TheMostNearbyCarConflict
1685262529587@passenger@0x926f155822d00a9191fe71ec570bcd1f0eb0c300@PassengerOnBoard
1685262529601@passenger@0x0d5f26272be5a3b462c3b7a978c7bf4b0d6aadb1@TheMostNearbyCarIsSelected
1685262529601@passenger@0xabd6b57b7d198796947bc03e4f5bd911813caada@TheMostNearbyCarConflict
1685262529601@passenger@0x0cac0bfe17bd73be78486a51a15db39b10cbafcf@TheMostNearbyCarConflict
1685262529602@passenger@0xbf5868b482ace24aa4f339ceb26e32230fc7d3aa@TheMostNearbyCarConflict
1685262556321@passenger@0x62119c27e0081b14e6e0c596603d21eaa6d6452b@FoundTheMostNearbyCar
1685262556334@passenger@0xbf5868b482ace24aa4f339ceb26e32230fc7d3aa@FoundTheMostNearbyCar
1685262556345@passenger@0x0cac0bfe17bd73be78486a51a15db39b10cbafcf@FoundTheMostNearbyCar
1685262556369@passenger@0xabd6b57b7d198796947bc03e4f5bd911813caada@FoundTheMostNearbyCar
1685262946646@passenger@0x62119c27e0081b14e6e0c596603d21eaa6d6452b@TheMostNearbyCarConflict
1685262946652@passenger@0xabd6b57b7d198796947bc03e4f5bd911813caada@TheMostNearbyCarConflict
1685262946652@passenger@0xbf5868b482ace24aa4f339ceb26e32230fc7d3aa@TheMostNearbyCarConflict
1685262946672@passenger@0xbd2f3e025a8f0b0d8bb9f64ef60980ebb27e8d5d@PassengerOnBoard
1685262946675@passenger@0x0cac0bfe17bd73be78486a51a15db39b10cbafcf@TheMostNearbyCarConflict
1685262976719@passenger@0x62119c27e0081b14e6e0c596603d21eaa6d6452b@FoundTheMostNearbyCar
1685262976767@passenger@0xabd6b57b7d198796947bc03e4f5bd911813caada@FoundTheMostNearbyCar
1685262976791@passenger@0x0cac0bfe17bd73be78486a51a15db39b10cbafcf@FoundTheMostNearbyCar
1685262976893@passenger@0xbf5868b482ace24aa4f339ceb26e32230fc7d3aa@FoundTheMostNearbyCar
1685263311624@passenger@0xbd2f3e025a8f0b0d8bb9f64ef60980ebb27e8d5d@PassengerArriveAtDestination
1685263311650@passenger@0x62119c27e0081b14e6e0c596603d21eaa6d6452b@TheMostNearbyCarConflict
1685263311650@passenger@0xbf5868b482ace24aa4f339ceb26e32230fc7d3aa@TheMostNearbyCarConflict
1685263311654@passenger@0x0cac0bfe17bd73be78486a51a15db39b10cbafcf@TheMostNearbyCarConflict
1685263311675@passenger@0x0d5f26272be5a3b462c3b7a978c7bf4b0d6aadb1@PassengerOnBoard
1685263311677@passenger@0xabd6b57b7d198796947bc03e4f5bd911813caada@TheMostNearbyCarConflict
1685263346764@passenger@0x0cac0bfe17bd73be78486a51a15db39b10cbafcf@FoundTheMostNearbyCar
1685263346816@passenger@0xabd6b57b7d198796947bc03e4f5bd911813caada@FoundTheMostNearbyCar
1685263346820@passenger@0x62119c27e0081b14e6e0c596603d21eaa6d6452b@FoundTheMostNearbyCar
1685263346824@passenger@0xbf5868b482ace24aa4f339ceb26e32230fc7d3aa@FoundTheMostNearbyCar
1685263604467@passenger@0x0d5f26272be5a3b462c3b7a978c7bf4b0d6aadb1@PassengerArriveAtDestination
1685263604475@passenger@0xbd2f3e025a8f0b0d8bb9f64ef60980ebb27e8d5d@PassengerPaysAndGetsOff
1685263604482@passenger@0xabd6b57b7d198796947bc03e4f5bd911813caada@TheMostNearbyCarConflict
1685263604483@passenger@0x0cac0bfe17bd73be78486a51a15db39b10cbafcf@TheMostNearbyCarConflict
1685263604483@passenger@0x62119c27e0081b14e6e0c596603d21eaa6d6452b@TheMostNearbyCarConflict
1685263604492@passenger@0xbf5868b482ace24aa4f339ceb26e32230fc7d3aa@TheMostNearbyCarConflict
1685263643190@passenger@0x62119c27e0081b14e6e0c596603d21eaa6d6452b@FoundTheMostNearbyCar
1685263643237@passenger@0x0cac0bfe17bd73be78486a51a15db39b10cbafcf@FoundTheMostNearbyCar
1685263643359@passenger@0xbf5868b482ace24aa4f339ceb26e32230fc7d3aa@FoundTheMostNearbyCar
1685263643360@passenger@0xabd6b57b7d198796947bc03e4f5bd911813caada@FoundTheMostNearbyCar
1685263804094@passenger@0xbf5868b482ace24aa4f339ceb26e32230fc7d3aa@TheMostNearbyCarConflict
1685263804110@passenger@0xabd6b57b7d198796947bc03e4f5bd911813caada@TheMostNearbyCarConflict
1685263804199@passenger@0x0d5f26272be5a3b462c3b7a978c7bf4b0d6aadb1@PassengerPaysAndGetsOff
1685263804204@passenger@0x0cac0bfe17bd73be78486a51a15db39b10cbafcf@TheMostNearbyCarConflict
1685263804204@passenger@0x62119c27e0081b14e6e0c596603d21eaa6d6452b@TheMostNearbyCarConflict
1685263846697@passenger@0xabd6b57b7d198796947bc03e4f5bd911813caada@FoundTheMostNearbyCar
1685263846728@passenger@0x0cac0bfe17bd73be78486a51a15db39b10cbafcf@FoundTheMostNearbyCar
1685263846821@passenger@0x62119c27e0081b14e6e0c596603d21eaa6d6452b@FoundTheMostNearbyCar
1685263846823@passenger@0xbf5868b482ace24aa4f339ceb26e32230fc7d3aa@FoundTheMostNearbyCar
1685264151389@passenger@0xbf5868b482ace24aa4f339ceb26e32230fc7d3aa@TheMostNearbyCarConflict
1685264151424@passenger@0x0cac0bfe17bd73be78486a51a15db39b10cbafcf@TheMostNearbyCarConflict
1685264151425@passenger@0x62119c27e0081b14e6e0c596603d21eaa6d6452b@TheMostNearbyCarConflict
1685264151495@passenger@0xabd6b57b7d198796947bc03e4f5bd911813caada@TheMostNearbyCarIsSelected
1685264197454@passenger@0x62119c27e0081b14e6e0c596603d21eaa6d6452b@FoundTheMostNearbyCar
1685264197500@passenger@0xbf5868b482ace24aa4f339ceb26e32230fc7d3aa@FoundTheMostNearbyCar
1685264197582@passenger@0x0cac0bfe17bd73be78486a51a15db39b10cbafcf@FoundTheMostNearbyCar
1685264316177@passenger@0x62119c27e0081b14e6e0c596603d21eaa6d6452b@TheMostNearbyCarIsSelected
1685264316195@passenger@0xabd6b57b7d198796947bc03e4f5bd911813caada@PassengerOnBoard
1685264316195@passenger@0x0cac0bfe17bd73be78486a51a15db39b10cbafcf@TheMostNearbyCarConflict
1685264316196@passenger@0xbf5868b482ace24aa4f339ceb26e32230fc7d3aa@TheMostNearbyCarConflict
1685264367127@passenger@0xbf5868b482ace24aa4f339ceb26e32230fc7d3aa@FoundTheMostNearbyCar
1685264367160@passenger@0x0cac0bfe17bd73be78486a51a15db39b10cbafcf@FoundTheMostNearbyCar
