1685260719032@passenger@0x3df2c7b1e2c3e8e5e40c6035f6a3a5bb8fdb6b87@StartProcessing
1685260722030@passenger@0x46dfb062b17f2ef557a64283347653f11ba7c089@StartProcessing
1685260725036@passenger@0xd402c7301a68c4c65529ab0c597bb8b13e27f607@StartProcessing
1685260728051@passenger@0x42389309e69a2b32b98f04bc8255ad971797f757@StartProcessing
1685260731028@passenger@0xcae58827099cb4557f40dd308f5efc29e9065be8@StartProcessing
1685260734032@passenger@0x6d1558ef76336d670fb6f2b04ae1f345eab94761@StartProcessing
1685260737029@passenger@0x95d2b2a36e6a3d1e7ac8edbf99481c6009a19131@StartProcessing
1685260740059@passenger@0xd35d112793fe59877302d4064c9ef5a89c0485ba@StartProcessing
1685260904453@passenger@0x95d2b2a36e6a3d1e7ac8edbf99481c6009a19131@StartingPointWrittenToContract
1685260904461@passenger@0x6d1558ef76336d670fb6f2b04ae1f345eab94761@StartingPointWrittenToContract
1685260904468@passenger@0xd402c7301a68c4c65529ab0c597bb8b13e27f607@StartingPointWrittenToContract
1685260904472@passenger@0x46dfb062b17f2ef557a64283347653f11ba7c089@StartingPointWrittenToContract
1685260904473@passenger@0x42389309e69a2b32b98f04bc8255ad971797f757@StartingPointWrittenToContract
1685260904475@passenger@0xd35d112793fe59877302d4064c9ef5a89c0485ba@StartingPointWrittenToContract
1685260904476@passenger@0xcae58827099cb4557f40dd308f5efc29e9065be8@StartingPointWrittenToContract
1685260904476@passenger@0x3df2c7b1e2c3e8e5e40c6035f6a3a5bb8fdb6b87@StartingPointWrittenToContract
1685261003344@passenger@0x6d1558ef76336d670fb6f2b04ae1f345eab94761@DestinationWrittenToContract
1685261003429@passenger@0xcae58827099cb4557f40dd308f5efc29e9065be8@DestinationWrittenToContract
1685261003440@passenger@0xd35d112793fe59877302d4064c9ef5a89c0485ba@DestinationWrittenToContract
1685261003440@passenger@0x3df2c7b1e2c3e8e5e40c6035f6a3a5bb8fdb6b87@DestinationWrittenToContract
1685261003441@passenger@0xd402c7301a68c4c65529ab0c597bb8b13e27f607@DestinationWrittenToContract
1685261003441@passenger@0x95d2b2a36e6a3d1e7ac8edbf99481c6009a19131@DestinationWrittenToContract
1685261003442@passenger@0x42389309e69a2b32b98f04bc8255ad971797f757@DestinationWrittenToContract
1685261003442@passenger@0x46dfb062b17f2ef557a64283347653f11ba7c089@DestinationWrittenToContract
1685261003555@passenger@0x6d1558ef76336d670fb6f2b04ae1f345eab94761@FoundIdleCarsNearby
1685261003635@passenger@0xd35d112793fe59877302d4064c9ef5a89c0485ba@FoundIdleCarsNearby
1685261003636@passenger@0xcae58827099cb4557f40dd308f5efc29e9065be8@FoundIdleCarsNearby
1685261003774@passenger@0x3df2c7b1e2c3e8e5e40c6035f6a3a5bb8fdb6b87@FoundIdleCarsNearby
1685261003778@passenger@0xd402c7301a68c4c65529ab0c597bb8b13e27f607@FoundIdleCarsNearby
1685261003781@passenger@0x42389309e69a2b32b98f04bc8255ad971797f757@FoundIdleCarsNearby
1685261003832@passenger@0x95d2b2a36e6a3d1e7ac8edbf99481c6009a19131@FoundIdleCarsNearby
1685261003834@passenger@0x46dfb062b17f2ef557a64283347653f11ba7c089@FoundIdleCarsNearby
1685261003847@passenger@0x6d1558ef76336d670fb6f2b04ae1f345eab94761@FoundTheMostNearbyCar
1685261003857@passenger@0xd35d112793fe59877302d4064c9ef5a89c0485ba@FoundTheMostNearbyCar
1685261003886@passenger@0x95d2b2a36e6a3d1e7ac8edbf99481c6009a19131@FoundTheMostNearbyCar
1685261003898@passenger@0xd402c7301a68c4c65529ab0c597bb8b13e27f607@FoundTheMostNearbyCar
1685261003958@passenger@0xcae58827099cb4557f40dd308f5efc29e9065be8@FoundTheMostNearbyCar
1685261003958@passenger@0x42389309e69a2b32b98f04bc8255ad971797f757@FoundTheMostNearbyCar
1685261003997@passenger@0x46dfb062b17f2ef557a64283347653f11ba7c089@FoundTheMostNearbyCar
1685261004017@passenger@0x3df2c7b1e2c3e8e5e40c6035f6a3a5bb8fdb6b87@FoundTheMostNearbyCar
1685261042660@passenger@0x95d2b2a36e6a3d1e7ac8edbf99481c6009a19131@TheMostNearbyCarConflict
1685261042662@passenger@0xd35d112793fe59877302d4064c9ef5a89c0485ba@TheMostNearbyCarConflict
1685261042663@passenger@0x6d1558ef76336d670fb6f2b04ae1f345eab94761@TheMostNearbyCarConflict
1685261042663@passenger@0xcae58827099cb4557f40dd308f5efc29e9065be8@TheMostNearbyCarConflict
1685261042684@passenger@0x46dfb062b17f2ef557a64283347653f11ba7c089@TheMostNearbyCarConflict
1685261042762@passenger@0x3df2c7b1e2c3e8e5e40c6035f6a3a5bb8fdb6b87@TheMostNearbyCarConflict
1685261042768@passenger@0x42389309e69a2b32b98f04bc8255ad971797f757@TheMostNearbyCarIsSelected
1685261042770@passenger@0xd402c7301a68c4c65529ab0c597bb8b13e27f607@TheMostNearbyCarConflict
1685261056770@passenger@0x95d2b2a36e6a3d1e7ac8edbf99481c6009a19131@FoundTheMostNearbyCar
1685261056791@passenger@0x6d1558ef76336d670fb6f2b04ae1f345eab94761@FoundTheMostNearbyCar
1685261056795@passenger@0x3df2c7b1e2c3e8e5e40c6035f6a3a5bb8fdb6b87@FoundTheMostNearbyCar
1685261056910@passenger@0x46dfb062b17f2ef557a64283347653f11ba7c089@FoundTheMostNearbyCar
1685261056969@passenger@0xcae58827099cb4557f40dd308f5efc29e9065be8@FoundTheMostNearbyCar
1685261056976@passenger@0xd35d112793fe59877302d4064c9ef5a89c0485ba@FoundTheMostNearbyCar
1685261057024@passenger@0xd402c7301a68c4c65529ab0c597bb8b13e27f607@FoundTheMostNearbyCar
1685261193122@passenger@0xd402c7301a68c4c65529ab0c597bb8b13e27f607@TheMostNearbyCarIsSelected
1685261193127@passenger@0xcae58827099cb4557f40dd308f5efc29e9065be8@TheMostNearbyCarConflict
1685261193127@passenger@0xd35d112793fe59877302d4064c9ef5a89c0485ba@TheMostNearbyCarConflict
1685261193166@passenger@0x46dfb062b17f2ef557a64283347653f11ba7c089@TheMostNearbyCarConflict
1685261193171@passenger@0x3df2c7b1e2c3e8e5e40c6035f6a3a5bb8fdb6b87@TheMostNearbyCarConflict
1685261193172@passenger@0x95d2b2a36e6a3d1e7ac8edbf99481c6009a19131@TheMostNearbyCarConflict
1685261193194@passenger@0x6d1558ef76336d670fb6f2b04ae1f345eab94761@TheMostNearbyCarConflict
1685261212239@passenger@0x46dfb062b17f2ef557a64283347653f11ba7c089@FoundTheMostNearbyCar
1685261212284@passenger@0xcae58827099cb4557f40dd308f5efc29e9065be8@FoundTheMostNearbyCar
1685261212354@passenger@0x6d1558ef76336d670fb6f2b04ae1f345eab94761@FoundTheMostNearbyCar
1685261212414@passenger@0x95d2b2a36e6a3d1e7ac8edbf99481c6009a19131@FoundTheMostNearbyCar
1685261212416@passenger@0x3df2c7b1e2c3e8e5e40c6035f6a3a5bb8fdb6b87@FoundTheMostNearbyCar
1685261212416@passenger@0xd35d112793fe59877302d4064c9ef5a89c0485ba@FoundTheMostNearbyCar
1685261771908@passenger@0x95d2b2a36e6a3d1e7ac8edbf99481c6009a19131@TheMostNearbyCarIsSelected
1685261771972@passenger@0x42389309e69a2b32b98f04bc8255ad971797f757@PassengerOnBoard
1685261771973@passenger@0x6d1558ef76336d670fb6f2b04ae1f345eab94761@TheMostNearbyCarConflict
1685261771995@passenger@0xd35d112793fe59877302d4064c9ef5a89c0485ba@TheMostNearbyCarConflict
1685261771999@passenger@0x46dfb062b17f2ef557a64283347653f11ba7c089@TheMostNearbyCarConflict
1685261772012@passenger@0xcae58827099cb4557f40dd308f5efc29e9065be8@TheMostNearbyCarConflict
1685261772013@passenger@0x3df2c7b1e2c3e8e5e40c6035f6a3a5bb8fdb6b87@TheMostNearbyCarConflict
1685261794022@passenger@0xd35d112793fe59877302d4064c9ef5a89c0485ba@FoundTheMostNearbyCar
1685261794205@passenger@0x46dfb062b17f2ef557a64283347653f11ba7c089@FoundTheMostNearbyCar
1685261794209@passenger@0x6d1558ef76336d670fb6f2b04ae1f345eab94761@FoundTheMostNearbyCar
1685261794284@passenger@0xcae58827099cb4557f40dd308f5efc29e9065be8@FoundTheMostNearbyCar
1685261794311@passenger@0x3df2c7b1e2c3e8e5e40c6035f6a3a5bb8fdb6b87@FoundTheMostNearbyCar
1685262370648@passenger@0x42389309e69a2b32b98f04bc8255ad971797f757@PassengerArriveAtDestination
1685262370769@passenger@0x6d1558ef76336d670fb6f2b04ae1f345eab94761@TheMostNearbyCarIsSelected
1685262370770@passenger@0xd402c7301a68c4c65529ab0c597bb8b13e27f607@PassengerOnBoard
1685262370770@passenger@0x3df2c7b1e2c3e8e5e40c6035f6a3a5bb8fdb6b87@TheMostNearbyCarConflict
1685262370771@passenger@0xcae58827099cb4557f40dd308f5efc29e9065be8@TheMostNearbyCarConflict
1685262370778@passenger@0x46dfb062b17f2ef557a64283347653f11ba7c089@TheMostNearbyCarConflict
1685262370778@passenger@0xd35d112793fe59877302d4064c9ef5a89c0485ba@TheMostNearbyCarConflict
1685262397054@passenger@0x46dfb062b17f2ef557a64283347653f11ba7c089@FoundTheMostNearbyCar
1685262397062@passenger@0x3df2c7b1e2c3e8e5e40c6035f6a3a5bb8fdb6b87@FoundTheMostNearbyCar
1685262397181@passenger@0xcae58827099cb4557f40dd308f5efc29e9065be8@FoundTheMostNearbyCar
1685262397333@passenger@0xd35d112793fe59877302d4064c9ef5a89c0485ba@FoundTheMostNearbyCar
1685262945325@passenger@0xd402c7301a68c4c65529ab0c597bb8b13e27f607@PassengerArriveAtDestination
1685262945332@passenger@0x95d2b2a36e6a3d1e7ac8edbf99481c6009a19131@PassengerOnBoard
1685262945338@passenger@0x46dfb062b17f2ef557a64283347653f11ba7c089@TheMostNearbyCarConflict
1685262945367@passenger@0x42389309e69a2b32b98f04bc8255ad971797f757@PassengerPaysAndGetsOff
1685262945368@passenger@0xd35d112793fe59877302d4064c9ef5a89c0485ba@TheMostNearbyCarConflict
1685262945368@passenger@0x3df2c7b1e2c3e8e5e40c6035f6a3a5bb8fdb6b87@TheMostNearbyCarConflict
1685262945684@passenger@0xcae58827099cb4557f40dd308f5efc29e9065be8@TheMostNearbyCarConflict
1685262976327@passenger@0xcae58827099cb4557f40dd308f5efc29e9065be8@FoundTheMostNearbyCar
1685262976428@passenger@0xd35d112793fe59877302d4064c9ef5a89c0485ba@FoundTheMostNearbyCar
1685262976428@passenger@0x3df2c7b1e2c3e8e5e40c6035f6a3a5bb8fdb6b87@FoundTheMostNearbyCar
1685262976429@passenger@0x46dfb062b17f2ef557a64283347653f11ba7c089@FoundTheMostNearbyCar
1685263125689@passenger@0x95d2b2a36e6a3d1e7ac8edbf99481c6009a19131@PassengerArriveAtDestination
1685263125730@passenger@0xd402c7301a68c4c65529ab0c597bb8b13e27f607@PassengerPaysAndGetsOff
1685263125743@passenger@0x6d1558ef76336d670fb6f2b04ae1f345eab94761@PassengerOnBoard
1685263125743@passenger@0xcae58827099cb4557f40dd308f5efc29e9065be8@TheMostNearbyCarConflict
1685263125744@passenger@0x3df2c7b1e2c3e8e5e40c6035f6a3a5bb8fdb6b87@TheMostNearbyCarConflict
1685263125744@passenger@0x46dfb062b17f2ef557a64283347653f11ba7c089@TheMostNearbyCarConflict
1685263125744@passenger@0xd35d112793fe59877302d4064c9ef5a89c0485ba@TheMostNearbyCarConflict
1685263160390@passenger@0x3df2c7b1e2c3e8e5e40c6035f6a3a5bb8fdb6b87@FoundTheMostNearbyCar
1685263160440@passenger@0x46dfb062b17f2ef557a64283347653f11ba7c089@FoundTheMostNearbyCar
1685263160551@passenger@0xd35d112793fe59877302d4064c9ef5a89c0485ba@FoundTheMostNearbyCar
1685263160552@passenger@0xcae58827099cb4557f40dd308f5efc29e9065be8@FoundTheMostNearbyCar
1685263311199@passenger@0x6d1558ef76336d670fb6f2b04ae1f345eab94761@PassengerArriveAtDestination
1685263311205@passenger@0x3df2c7b1e2c3e8e5e40c6035f6a3a5bb8fdb6b87@TheMostNearbyCarIsSelected
1685263311208@passenger@0x46dfb062b17f2ef557a64283347653f11ba7c089@TheMostNearbyCarConflict
1685263311226@passenger@0xcae58827099cb4557f40dd308f5efc29e9065be8@TheMostNearbyCarConflict
1685263311240@passenger@0xd35d112793fe59877302d4064c9ef5a89c0485ba@TheMostNearbyCarConflict
1685263311295@passenger@0x95d2b2a36e6a3d1e7ac8edbf99481c6009a19131@PassengerPaysAndGetsOff
1685263349264@passenger@0xcae58827099cb4557f40dd308f5efc29e9065be8@FoundTheMostNearbyCar
1685263349268@passenger@0x46dfb062b17f2ef557a64283347653f11ba7c089@FoundTheMostNearbyCar
1685263349278@passenger@0xd35d112793fe59877302d4064c9ef5a89c0485ba@FoundTheMostNearbyCar
1685263487324@passenger@0x6d1558ef76336d670fb6f2b04ae1f345eab94761@PassengerPaysAndGetsOff
1685263487340@passenger@0x46dfb062b17f2ef557a64283347653f11ba7c089@TheMostNearbyCarConflict
1685263487340@passenger@0xcae58827099cb4557f40dd308f5efc29e9065be8@TheMostNearbyCarIsSelected
1685263487341@passenger@0xd35d112793fe59877302d4064c9ef5a89c0485ba@TheMostNearbyCarConflict
1685263529885@passenger@0xd35d112793fe59877302d4064c9ef5a89c0485ba@FoundTheMostNearbyCar
1685263529940@passenger@0x46dfb062b17f2ef557a64283347653f11ba7c089@FoundTheMostNearbyCar
1685263604431@passenger@0x3df2c7b1e2c3e8e5e40c6035f6a3a5bb8fdb6b87@PassengerOnBoard
1685263604463@passenger@0x46dfb062b17f2ef557a64283347653f11ba7c089@TheMostNearbyCarConflict
1685263604473@passenger@0xd35d112793fe59877302d4064c9ef5a89c0485ba@TheMostNearbyCarIsSelected
1685263650599@passenger@0x46dfb062b17f2ef557a64283347653f11ba7c089@FoundTheMostNearbyCar
1685264151361@passenger@0x3df2c7b1e2c3e8e5e40c6035f6a3a5bb8fdb6b87@PassengerArriveAtDestination
1685264151421@passenger@0xcae58827099cb4557f40dd308f5efc29e9065be8@PassengerOnBoard
1685264151498@passenger@0x46dfb062b17f2ef557a64283347653f11ba7c089@TheMostNearbyCarIsSelected
1685264316129@passenger@0xcae58827099cb4557f40dd308f5efc29e9065be8@PassengerArriveAtDestination
1685264316212@passenger@0x3df2c7b1e2c3e8e5e40c6035f6a3a5bb8fdb6b87@PassengerPaysAndGetsOff
1685264316260@passenger@0xd35d112793fe59877302d4064c9ef5a89c0485ba@PassengerOnBoard
