1685260768158@vehicle@0xc265c858c1186113b2d830e6f46f6d95142e9750@StartProcessing
1685260768222@vehicle@0x03875bcc0db199992266825e2c1cf0f5bfc200d2@StartProcessing
1685260768229@vehicle@0xf0ce9fe96ac15405e4fd51a62cbdbdaef2d36372@StartProcessing
1685260768233@vehicle@0x1bdf42d9a37b5b5c5a3bc09cadfade23d075791a@StartProcessing
1685261385088@vehicle@0x03875bcc0db199992266825e2c1cf0f5bfc200d2@PickUp@0x3b49b8eb1d9d3c28242b97c135379e0e32468fb9000000000000000000000000
1685261387262@vehicle@0x03875bcc0db199992266825e2c1cf0f5bfc200d2@FinishedAStarToStartingPoint
1685261438824@vehicle@0x1bdf42d9a37b5b5c5a3bc09cadfade23d075791a@PickUp@0x5227daf8db7c57d268979df21ba9ee9c93d26712000000000000000000000000
1685261438976@vehicle@0x03875bcc0db199992266825e2c1cf0f5bfc200d2@StoreRouteToStartingPointThroughAStarSuccess
1685261440734@vehicle@0x1bdf42d9a37b5b5c5a3bc09cadfade23d075791a@FinishedAStarToStartingPoint
1685261770819@vehicle@0xc265c858c1186113b2d830e6f46f6d95142e9750@PickUp@0xb658cbd857f52f9705fbecf9b30cf827dd8c81a8000000000000000000000000
1685261770834@vehicle@0x1bdf42d9a37b5b5c5a3bc09cadfade23d075791a@StoreRouteToStartingPointThroughAStarSuccess
1685261770937@vehicle@0x03875bcc0db199992266825e2c1cf0f5bfc200d2@DestinationReady
astarErr:  0xc265c858c1186113b2d830e6f46f6d95142e9750去接乘客0xb658cbd857f52f9705fbecf9b30cf827dd8c81a8000000000000000000000000时导航超时, 起点：wx4erw9rmze终点：wx4erd4xkyz
astarErr:  0x03875bcc0db199992266825e2c1cf0f5bfc200d2送乘客0x3b49b8eb1d9d3c28242b97c135379e0e32468fb9000000000000000000000000去终点时导航超时, 起点：wx4erd4xkyz终点：wx4erw9rmze
1685261954081@vehicle@0xf0ce9fe96ac15405e4fd51a62cbdbdaef2d36372@PickUp@0x7906b337632876b8050f55ee5b57228f02972fa3000000000000000000000000
1685261954220@vehicle@0x1bdf42d9a37b5b5c5a3bc09cadfade23d075791a@DestinationReady
1685261958732@vehicle@0xf0ce9fe96ac15405e4fd51a62cbdbdaef2d36372@FinishedAStarToStartingPoint
astarErr:  0x1bdf42d9a37b5b5c5a3bc09cadfade23d075791a送乘客0x5227daf8db7c57d268979df21ba9ee9c93d26712000000000000000000000000去终点时导航超时, 起点：wx4erd4xkyz终点：wx4erw9rmze
1685262370680@vehicle@0xf0ce9fe96ac15405e4fd51a62cbdbdaef2d36372@StoreRouteToStartingPointThroughAStarSuccess
1685262531070@vehicle@0xf0ce9fe96ac15405e4fd51a62cbdbdaef2d36372@DestinationReady
1685262534841@vehicle@0xf0ce9fe96ac15405e4fd51a62cbdbdaef2d36372@FinishedAStarToDestination
1685262727421@vehicle@0xf0ce9fe96ac15405e4fd51a62cbdbdaef2d36372@StoreRouteToDestinationSuccess
1685262944048@vehicle@0xf0ce9fe96ac15405e4fd51a62cbdbdaef2d36372@PassengerPaid
1685262944149@vehicle@0xf0ce9fe96ac15405e4fd51a62cbdbdaef2d36372@CarReleased
1685263803340@vehicle@0xf0ce9fe96ac15405e4fd51a62cbdbdaef2d36372@PickUp@0x3449a20e1b4700ffd4dd49f0fc14bcac44fee63c000000000000000000000000
1685263806430@vehicle@0xf0ce9fe96ac15405e4fd51a62cbdbdaef2d36372@FinishedAStarToStartingPoint
1685263950916@vehicle@0xf0ce9fe96ac15405e4fd51a62cbdbdaef2d36372@StoreRouteToStartingPointThroughAStarSuccess
1685264316251@vehicle@0xf0ce9fe96ac15405e4fd51a62cbdbdaef2d36372@DestinationReady
1685264319804@vehicle@0xf0ce9fe96ac15405e4fd51a62cbdbdaef2d36372@FinishedAStarToDestination
