1685273569791@passenger@0xc0a3917e5679c0ef9033c41cbe294a212abe55df@StartProcessing
1685273572878@passenger@0x55577fd620a0b8379846fcb1499e4bdc22538843@StartProcessing
1685273575836@passenger@0xad8a321e2e8f8f51245f47b8f412979d5740e625@StartProcessing
1685273578835@passenger@0x91153bad44dcc46187c481d8d36a53e58522d0c4@StartProcessing
1685273578841@passenger@0xad8a321e2e8f8f51245f47b8f412979d5740e625@StartingPointWrittenToContract
1685273578843@passenger@0x55577fd620a0b8379846fcb1499e4bdc22538843@StartingPointWrittenToContract
1685273578852@passenger@0xc0a3917e5679c0ef9033c41cbe294a212abe55df@StartingPointWrittenToContract
1685273581908@passenger@0xe64e81bc77ee05caaa6b1476de75193607e84d87@StartProcessing
1685273582892@passenger@0x91153bad44dcc46187c481d8d36a53e58522d0c4@StartingPointWrittenToContract
1685273582898@passenger@0xad8a321e2e8f8f51245f47b8f412979d5740e625@DestinationWrittenToContract
1685273582905@passenger@0x55577fd620a0b8379846fcb1499e4bdc22538843@DestinationWrittenToContract
1685273582907@passenger@0xc0a3917e5679c0ef9033c41cbe294a212abe55df@DestinationWrittenToContract
1685273582936@passenger@0xad8a321e2e8f8f51245f47b8f412979d5740e625@FoundIdleCarsNearby
1685273582952@passenger@0x55577fd620a0b8379846fcb1499e4bdc22538843@FoundIdleCarsNearby
1685273583126@passenger@0xc0a3917e5679c0ef9033c41cbe294a212abe55df@FoundIdleCarsNearby
1685273583138@passenger@0x55577fd620a0b8379846fcb1499e4bdc22538843@FoundTheMostNearbyCar
1685273583187@passenger@0xad8a321e2e8f8f51245f47b8f412979d5740e625@FoundTheMostNearbyCar
1685273583199@passenger@0xc0a3917e5679c0ef9033c41cbe294a212abe55df@FoundTheMostNearbyCar
1685273585354@passenger@0x7a68b86008b0cfc3ae0e8068360271cbb999c97d@StartProcessing
1685273587795@passenger@0xd5f5ef5ff4c6323c62bdc5ab2061f440aefc511b@StartProcessing
1685273588981@passenger@0xad8a321e2e8f8f51245f47b8f412979d5740e625@TheMostNearbyCarIsSelected
1685273588982@passenger@0x7a68b86008b0cfc3ae0e8068360271cbb999c97d@StartingPointWrittenToContract
1685273588983@passenger@0x55577fd620a0b8379846fcb1499e4bdc22538843@TheMostNearbyCarConflict
1685273588983@passenger@0xc0a3917e5679c0ef9033c41cbe294a212abe55df@TheMostNearbyCarConflict
1685273588983@passenger@0xe64e81bc77ee05caaa6b1476de75193607e84d87@StartingPointWrittenToContract
1685273588984@passenger@0x91153bad44dcc46187c481d8d36a53e58522d0c4@DestinationWrittenToContract
1685273589028@passenger@0x91153bad44dcc46187c481d8d36a53e58522d0c4@FoundIdleCarsNearby
1685273589050@passenger@0x91153bad44dcc46187c481d8d36a53e58522d0c4@FoundTheMostNearbyCar
1685273590816@passenger@0xf4190533e1203597f7cbe83cd76a32192af04ebf@StartProcessing
1685273590832@passenger@0xd5f5ef5ff4c6323c62bdc5ab2061f440aefc511b@StartingPointWrittenToContract
1685273591095@passenger@0x7a68b86008b0cfc3ae0e8068360271cbb999c97d@DestinationWrittenToContract
1685273591308@passenger@0x91153bad44dcc46187c481d8d36a53e58522d0c4@TheMostNearbyCarIsSelected
1685273591309@passenger@0xe64e81bc77ee05caaa6b1476de75193607e84d87@DestinationWrittenToContract
1685273591311@passenger@0x7a68b86008b0cfc3ae0e8068360271cbb999c97d@FoundIdleCarsNearby
1685273591343@passenger@0xe64e81bc77ee05caaa6b1476de75193607e84d87@FoundIdleCarsNearby
1685273592036@passenger@0xe64e81bc77ee05caaa6b1476de75193607e84d87@FoundTheMostNearbyCar
1685273592137@passenger@0x7a68b86008b0cfc3ae0e8068360271cbb999c97d@FoundTheMostNearbyCar
1685273593373@passenger@0xf4190533e1203597f7cbe83cd76a32192af04ebf@StartingPointWrittenToContract
1685273593380@passenger@0xd5f5ef5ff4c6323c62bdc5ab2061f440aefc511b@DestinationWrittenToContract
1685273593510@passenger@0xd5f5ef5ff4c6323c62bdc5ab2061f440aefc511b@FoundIdleCarsNearby
1685273593528@passenger@0xd5f5ef5ff4c6323c62bdc5ab2061f440aefc511b@FoundTheMostNearbyCar
1685273598230@passenger@0xad8a321e2e8f8f51245f47b8f412979d5740e625@PassengerOnBoard
1685273598230@passenger@0xe64e81bc77ee05caaa6b1476de75193607e84d87@TheMostNearbyCarConflict
1685273598230@passenger@0xf4190533e1203597f7cbe83cd76a32192af04ebf@DestinationWrittenToContract
1685273598231@passenger@0xd5f5ef5ff4c6323c62bdc5ab2061f440aefc511b@TheMostNearbyCarIsSelected
1685273598355@passenger@0x7a68b86008b0cfc3ae0e8068360271cbb999c97d@TheMostNearbyCarConflict
1685273598358@passenger@0xf4190533e1203597f7cbe83cd76a32192af04ebf@FoundIdleCarsNearby
1685273598834@passenger@0xf4190533e1203597f7cbe83cd76a32192af04ebf@FoundTheMostNearbyCar
1685273603035@passenger@0xc0a3917e5679c0ef9033c41cbe294a212abe55df@FoundTheMostNearbyCar
1685273603158@passenger@0x55577fd620a0b8379846fcb1499e4bdc22538843@FoundTheMostNearbyCar
1685273603622@passenger@0xd5f5ef5ff4c6323c62bdc5ab2061f440aefc511b@PassengerArriveAtDestination
1685273603624@passenger@0x91153bad44dcc46187c481d8d36a53e58522d0c4@PassengerOnBoard
1685273603684@passenger@0xf4190533e1203597f7cbe83cd76a32192af04ebf@TheMostNearbyCarIsSelected
1685273607955@passenger@0xad8a321e2e8f8f51245f47b8f412979d5740e625@PassengerArriveAtDestination
1685273608156@passenger@0xd5f5ef5ff4c6323c62bdc5ab2061f440aefc511b@PassengerPaysAndGetsOff
1685273608157@passenger@0xd5f5ef5ff4c6323c62bdc5ab2061f440aefc511b@PassengerOnBoard
1685273608165@passenger@0xc0a3917e5679c0ef9033c41cbe294a212abe55df@TheMostNearbyCarConflict
1685273608169@passenger@0x55577fd620a0b8379846fcb1499e4bdc22538843@TheMostNearbyCarConflict
1685273612870@passenger@0x7a68b86008b0cfc3ae0e8068360271cbb999c97d@FoundTheMostNearbyCar
1685273612877@passenger@0xe64e81bc77ee05caaa6b1476de75193607e84d87@FoundTheMostNearbyCar
1685273625359@passenger@0xad8a321e2e8f8f51245f47b8f412979d5740e625@PassengerPaysAndGetsOff
1685273625360@passenger@0xf4190533e1203597f7cbe83cd76a32192af04ebf@PassengerOnBoard
1685273625361@passenger@0xf4190533e1203597f7cbe83cd76a32192af04ebf@PassengerArriveAtDestination
1685273625361@passenger@0xe64e81bc77ee05caaa6b1476de75193607e84d87@TheMostNearbyCarConflict
1685273625373@passenger@0x7a68b86008b0cfc3ae0e8068360271cbb999c97d@TheMostNearbyCarConflict
1685273626358@passenger@0xc0a3917e5679c0ef9033c41cbe294a212abe55df@FoundTheMostNearbyCar
1685273627645@passenger@0x55577fd620a0b8379846fcb1499e4bdc22538843@FoundTheMostNearbyCar
1685273633168@passenger@0xd5f5ef5ff4c6323c62bdc5ab2061f440aefc511b@PassengerOnBoard
1685273633169@passenger@0xc0a3917e5679c0ef9033c41cbe294a212abe55df@TheMostNearbyCarIsSelected
1685273633170@passenger@0xf4190533e1203597f7cbe83cd76a32192af04ebf@PassengerPaysAndGetsOff
1685273633170@passenger@0x55577fd620a0b8379846fcb1499e4bdc22538843@TheMostNearbyCarConflict
1685273634320@passenger@0xf4190533e1203597f7cbe83cd76a32192af04ebf@PassengerOnBoard
1685273643745@passenger@0x7a68b86008b0cfc3ae0e8068360271cbb999c97d@FoundTheMostNearbyCar
1685273644348@passenger@0xe64e81bc77ee05caaa6b1476de75193607e84d87@FoundTheMostNearbyCar
