1685260744186@vehicle@0xac37a0543b6abb8e7add0c00128c9f486e45b0e9@StartProcessing
1685260744265@vehicle@0x7a5b8a958a74e39ade01f412951fb319ee4fe6d9@StartProcessing
1685260744266@vehicle@0xfb1c049ecb1884a77e857bcca8ae6443f0143dbf@StartProcessing
1685260744267@vehicle@0x4c0ae67f9e2dcabbcaee58afa56c14e427272b6f@StartProcessing
1685261385102@vehicle@0x4c0ae67f9e2dcabbcaee58afa56c14e427272b6f@PickUp@0xedb6f3a4a1ebc511f7fe9bd4f2cd4219ca0a3cf4000000000000000000000000
1685261388698@vehicle@0x4c0ae67f9e2dcabbcaee58afa56c14e427272b6f@FinishedAStarToStartingPoint
1685261771247@vehicle@0x7a5b8a958a74e39ade01f412951fb319ee4fe6d9@PickUp@0x926f155822d00a9191fe71ec570bcd1f0eb0c300000000000000000000000000
1685261771300@vehicle@0x4c0ae67f9e2dcabbcaee58afa56c14e427272b6f@StoreRouteToStartingPointThroughAStarSuccess
1685261776131@vehicle@0x7a5b8a958a74e39ade01f412951fb319ee4fe6d9@FinishedAStarToStartingPoint
1685262370766@vehicle@0xac37a0543b6abb8e7add0c00128c9f486e45b0e9@PickUp@0xbd2f3e025a8f0b0d8bb9f64ef60980ebb27e8d5d000000000000000000000000
1685262370767@vehicle@0x7a5b8a958a74e39ade01f412951fb319ee4fe6d9@StoreRouteToStartingPointThroughAStarSuccess
1685262370786@vehicle@0x4c0ae67f9e2dcabbcaee58afa56c14e427272b6f@DestinationReady
1685262375422@vehicle@0xac37a0543b6abb8e7add0c00128c9f486e45b0e9@FinishedAStarToStartingPoint
astarErr:  0x4c0ae67f9e2dcabbcaee58afa56c14e427272b6f送乘客0xedb6f3a4a1ebc511f7fe9bd4f2cd4219ca0a3cf4000000000000000000000000去终点时导航超时, 起点：wx4eq7rgmxk终点：wx4eqt6u0vu
1685262529467@vehicle@0xfb1c049ecb1884a77e857bcca8ae6443f0143dbf@PickUp@0x0d5f26272be5a3b462c3b7a978c7bf4b0d6aadb1000000000000000000000000
1685262529572@vehicle@0xac37a0543b6abb8e7add0c00128c9f486e45b0e9@StoreRouteToStartingPointThroughAStarSuccess
1685262529596@vehicle@0x7a5b8a958a74e39ade01f412951fb319ee4fe6d9@DestinationReady
1685262534773@vehicle@0xfb1c049ecb1884a77e857bcca8ae6443f0143dbf@FinishedAStarToStartingPoint
astarErr:  0x7a5b8a958a74e39ade01f412951fb319ee4fe6d9送乘客0x926f155822d00a9191fe71ec570bcd1f0eb0c300000000000000000000000000去终点时导航超时, 起点：wx4eq7rgmxk终点：wx4eqt6u0vu
1685262946632@vehicle@0xfb1c049ecb1884a77e857bcca8ae6443f0143dbf@StoreRouteToStartingPointThroughAStarSuccess
1685262946637@vehicle@0xac37a0543b6abb8e7add0c00128c9f486e45b0e9@DestinationReady
1685262949117@vehicle@0xac37a0543b6abb8e7add0c00128c9f486e45b0e9@FinishedAStarToDestination
1685263311626@vehicle@0xfb1c049ecb1884a77e857bcca8ae6443f0143dbf@DestinationReady
1685263311673@vehicle@0xac37a0543b6abb8e7add0c00128c9f486e45b0e9@StoreRouteToDestinationSuccess
1685263313847@vehicle@0xfb1c049ecb1884a77e857bcca8ae6443f0143dbf@FinishedAStarToDestination
1685263604456@vehicle@0xac37a0543b6abb8e7add0c00128c9f486e45b0e9@PassengerPaid
1685263604489@vehicle@0xfb1c049ecb1884a77e857bcca8ae6443f0143dbf@StoreRouteToDestinationSuccess
1685263604492@vehicle@0xac37a0543b6abb8e7add0c00128c9f486e45b0e9@CarReleased
1685263804065@vehicle@0xfb1c049ecb1884a77e857bcca8ae6443f0143dbf@PassengerPaid
1685263804308@vehicle@0xfb1c049ecb1884a77e857bcca8ae6443f0143dbf@CarReleased
1685264151345@vehicle@0xac37a0543b6abb8e7add0c00128c9f486e45b0e9@PickUp@0xabd6b57b7d198796947bc03e4f5bd911813caada000000000000000000000000
1685264154985@vehicle@0xac37a0543b6abb8e7add0c00128c9f486e45b0e9@FinishedAStarToStartingPoint
1685264191112@vehicle@0xac37a0543b6abb8e7add0c00128c9f486e45b0e9@StoreRouteToStartingPointThroughAStarSuccess
1685264316136@vehicle@0xfb1c049ecb1884a77e857bcca8ae6443f0143dbf@PickUp@0x62119c27e0081b14e6e0c596603d21eaa6d6452b000000000000000000000000
1685264316428@vehicle@0xac37a0543b6abb8e7add0c00128c9f486e45b0e9@DestinationReady
1685264317380@vehicle@0xfb1c049ecb1884a77e857bcca8ae6443f0143dbf@FinishedAStarToStartingPoint
1685264320190@vehicle@0xac37a0543b6abb8e7add0c00128c9f486e45b0e9@FinishedAStarToDestination
