1685271744884@passenger@0xd5f5ef5ff4c6323c62bdc5ab2061f440aefc511b@StartProcessing
1685271747896@passenger@0xf4190533e1203597f7cbe83cd76a32192af04ebf@StartProcessing
1685271753614@passenger@0xd5f5ef5ff4c6323c62bdc5ab2061f440aefc511b@StartingPointWrittenToContract
1685271753631@passenger@0xf4190533e1203597f7cbe83cd76a32192af04ebf@StartingPointWrittenToContract
1685271754764@passenger@0xf4190533e1203597f7cbe83cd76a32192af04ebf@DestinationWrittenToContract
1685271754766@passenger@0xd5f5ef5ff4c6323c62bdc5ab2061f440aefc511b@DestinationWrittenToContract
1685271754770@passenger@0xf4190533e1203597f7cbe83cd76a32192af04ebf@FoundIdleCarsNearby
1685271754819@passenger@0xd5f5ef5ff4c6323c62bdc5ab2061f440aefc511b@FoundIdleCarsNearby
1685271754825@passenger@0xd5f5ef5ff4c6323c62bdc5ab2061f440aefc511b@FoundTheMostNearbyCar
1685271754830@passenger@0xf4190533e1203597f7cbe83cd76a32192af04ebf@FoundTheMostNearbyCar
1685271759664@passenger@0xd5f5ef5ff4c6323c62bdc5ab2061f440aefc511b@TheMostNearbyCarIsSelected
1685271759696@passenger@0xf4190533e1203597f7cbe83cd76a32192af04ebf@TheMostNearbyCarConflict
1685271773712@passenger@0xf4190533e1203597f7cbe83cd76a32192af04ebf@FoundTheMostNearbyCar
1685271775539@passenger@0xd5f5ef5ff4c6323c62bdc5ab2061f440aefc511b@PassengerOnBoard
1685271779405@passenger@0xf4190533e1203597f7cbe83cd76a32192af04ebf@TheMostNearbyCarConflict
1685271783640@passenger@0xd5f5ef5ff4c6323c62bdc5ab2061f440aefc511b@PassengerArriveAtDestination
1685271786167@passenger@0xd5f5ef5ff4c6323c62bdc5ab2061f440aefc511b@PassengerPaysAndGetsOff
1685271797839@passenger@0xf4190533e1203597f7cbe83cd76a32192af04ebf@FoundTheMostNearbyCar
1685271800856@passenger@0xf4190533e1203597f7cbe83cd76a32192af04ebf@TheMostNearbyCarIsSelected
1685271812571@passenger@0xf4190533e1203597f7cbe83cd76a32192af04ebf@PassengerOnBoard
1685271817094@passenger@0xf4190533e1203597f7cbe83cd76a32192af04ebf@PassengerArriveAtDestination
1685271820255@passenger@0xf4190533e1203597f7cbe83cd76a32192af04ebf@PassengerPaysAndGetsOff
