1685260704643@vehicle@0x196424dd2bf7c978228ebd7a17b38b993d650696@StartProcessing
1685260704650@vehicle@0x12d0e4381ef94a70a49252e35b9a65fadd3872b9@StartProcessing
1685260704660@vehicle@0x456c4df0610c7611ae8bcaed32dd1d94e88ceca4@StartProcessing
1685260704660@vehicle@0xdedee68f2020c0d3f98d2a8c23b6563f7b97e559@StartProcessing
1685261599941@vehicle@0x12d0e4381ef94a70a49252e35b9a65fadd3872b9@PickUp@0xd5f5ef5ff4c6323c62bdc5ab2061f440aefc511b000000000000000000000000
1685261602990@vehicle@0x12d0e4381ef94a70a49252e35b9a65fadd3872b9@FinishedAStarToStartingPoint
1685261627521@vehicle@0x196424dd2bf7c978228ebd7a17b38b993d650696@PickUp@0xc0a3917e5679c0ef9033c41cbe294a212abe55df000000000000000000000000
1685261627739@vehicle@0x12d0e4381ef94a70a49252e35b9a65fadd3872b9@StoreRouteToStartingPointThroughAStarSuccess
1685261628927@vehicle@0x196424dd2bf7c978228ebd7a17b38b993d650696@FinishedAStarToStartingPoint
1685261954944@vehicle@0x456c4df0610c7611ae8bcaed32dd1d94e88ceca4@PickUp@0xe64e81bc77ee05caaa6b1476de75193607e84d87000000000000000000000000
1685261954953@vehicle@0x12d0e4381ef94a70a49252e35b9a65fadd3872b9@DestinationReady
1685261954977@vehicle@0x196424dd2bf7c978228ebd7a17b38b993d650696@StoreRouteToStartingPointThroughAStarSuccess
1685261957511@vehicle@0x456c4df0610c7611ae8bcaed32dd1d94e88ceca4@FinishedAStarToStartingPoint
astarErr:  0x12d0e4381ef94a70a49252e35b9a65fadd3872b9送乘客0xd5f5ef5ff4c6323c62bdc5ab2061f440aefc511b000000000000000000000000去终点时导航超时, 起点：wx4enscgue5终点：wx4enrq9mm9
1685262147739@vehicle@0xdedee68f2020c0d3f98d2a8c23b6563f7b97e559@PickUp@0xad8a321e2e8f8f51245f47b8f412979d5740e625000000000000000000000000
1685262147788@vehicle@0x456c4df0610c7611ae8bcaed32dd1d94e88ceca4@StoreRouteToStartingPointThroughAStarSuccess
1685262147806@vehicle@0x196424dd2bf7c978228ebd7a17b38b993d650696@DestinationReady
1685262150828@vehicle@0xdedee68f2020c0d3f98d2a8c23b6563f7b97e559@FinishedAStarToStartingPoint
astarErr:  0x196424dd2bf7c978228ebd7a17b38b993d650696送乘客0xc0a3917e5679c0ef9033c41cbe294a212abe55df000000000000000000000000去终点时导航超时, 起点：wx4enscgue5终点：wx4enrq9mm9
1685262189587@vehicle@0x456c4df0610c7611ae8bcaed32dd1d94e88ceca4@DestinationReady
1685262189705@vehicle@0xdedee68f2020c0d3f98d2a8c23b6563f7b97e559@StoreRouteToStartingPointThroughAStarSuccess
astarErr:  0x456c4df0610c7611ae8bcaed32dd1d94e88ceca4送乘客0xe64e81bc77ee05caaa6b1476de75193607e84d87000000000000000000000000去终点时导航超时, 起点：wx4enscgue5终点：wx4enrq9mm9
1685262529582@vehicle@0xdedee68f2020c0d3f98d2a8c23b6563f7b97e559@DestinationReady
astarErr:  0xdedee68f2020c0d3f98d2a8c23b6563f7b97e559送乘客0xad8a321e2e8f8f51245f47b8f412979d5740e625000000000000000000000000去终点时导航超时, 起点：wx4enscgue5终点：wx4enrq9mm9
