1686107912272@passenger@0x91153bad44dcc46187c481d8d36a53e58522d0c4@StartProcessing
1686107915279@passenger@0xe64e81bc77ee05caaa6b1476de75193607e84d87@StartProcessing
1686107915548@passenger@0x91153bad44dcc46187c481d8d36a53e58522d0c4@StartingPointWrittenToContract
1686107915681@passenger@0xe64e81bc77ee05caaa6b1476de75193607e84d87@StartingPointWrittenToContract
1686107920770@passenger@0xe64e81bc77ee05caaa6b1476de75193607e84d87@DestinationWrittenToContract
1686107920771@passenger@0x91153bad44dcc46187c481d8d36a53e58522d0c4@DestinationWrittenToContract
1686107920774@passenger@0xe64e81bc77ee05caaa6b1476de75193607e84d87@FoundIdleCarsNearby
1686107920787@passenger@0x91153bad44dcc46187c481d8d36a53e58522d0c4@FoundIdleCarsNearby
1686107920803@passenger@0xe64e81bc77ee05caaa6b1476de75193607e84d87@FoundTheMostNearbyCar
1686107920804@passenger@0x91153bad44dcc46187c481d8d36a53e58522d0c4@FoundTheMostNearbyCar
1686107924444@passenger@0xe64e81bc77ee05caaa6b1476de75193607e84d87@TheMostNearbyCarIsSelected
1686107924660@passenger@0x91153bad44dcc46187c481d8d36a53e58522d0c4@TheMostNearbyCarConflict
1686107927841@passenger@0xe64e81bc77ee05caaa6b1476de75193607e84d87@PassengerOnBoard
1686107932687@passenger@0xe64e81bc77ee05caaa6b1476de75193607e84d87@PassengerArriveAtDestination
1686107938065@passenger@0xe64e81bc77ee05caaa6b1476de75193607e84d87@PassengerPaysAndGetsOff
1686107938761@passenger@0x91153bad44dcc46187c481d8d36a53e58522d0c4@FoundTheMostNearbyCar
1686107943535@passenger@0x91153bad44dcc46187c481d8d36a53e58522d0c4@TheMostNearbyCarConflict
1686107961584@passenger@0x91153bad44dcc46187c481d8d36a53e58522d0c4@FoundTheMostNearbyCar
1686107966349@passenger@0x91153bad44dcc46187c481d8d36a53e58522d0c4@TheMostNearbyCarIsSelected
1686107977820@passenger@0x91153bad44dcc46187c481d8d36a53e58522d0c4@PassengerOnBoard
1686107982767@passenger@0x91153bad44dcc46187c481d8d36a53e58522d0c4@PassengerArriveAtDestination
1686107993500@passenger@0x91153bad44dcc46187c481d8d36a53e58522d0c4@PassengerPaysAndGetsOff
