1686107915574@passenger@0xd5f5ef5ff4c6323c62bdc5ab2061f440aefc511b@StartProcessing
1686107918583@passenger@0xf4190533e1203597f7cbe83cd76a32192af04ebf@StartProcessing
1686107919692@passenger@0xd5f5ef5ff4c6323c62bdc5ab2061f440aefc511b@StartingPointWrittenToContract
1686107923112@passenger@0xd5f5ef5ff4c6323c62bdc5ab2061f440aefc511b@DestinationWrittenToContract
1686107923118@passenger@0xf4190533e1203597f7cbe83cd76a32192af04ebf@StartingPointWrittenToContract
1686107923130@passenger@0xd5f5ef5ff4c6323c62bdc5ab2061f440aefc511b@FoundIdleCarsNearby
1686107923163@passenger@0xd5f5ef5ff4c6323c62bdc5ab2061f440aefc511b@FoundTheMostNearbyCar
1686107927058@passenger@0xd5f5ef5ff4c6323c62bdc5ab2061f440aefc511b@TheMostNearbyCarIsSelected
1686107927059@passenger@0xf4190533e1203597f7cbe83cd76a32192af04ebf@DestinationWrittenToContract
1686107927065@passenger@0xf4190533e1203597f7cbe83cd76a32192af04ebf@FoundIdleCarsNearby
1686107927071@passenger@0xf4190533e1203597f7cbe83cd76a32192af04ebf@FoundTheMostNearbyCar
1686107929468@passenger@0xf4190533e1203597f7cbe83cd76a32192af04ebf@TheMostNearbyCarConflict
1686107936522@passenger@0xd5f5ef5ff4c6323c62bdc5ab2061f440aefc511b@PassengerOnBoard
1686107939212@passenger@0xd5f5ef5ff4c6323c62bdc5ab2061f440aefc511b@PassengerArriveAtDestination
1686107943534@passenger@0xf4190533e1203597f7cbe83cd76a32192af04ebf@FoundTheMostNearbyCar
1686107945342@passenger@0xd5f5ef5ff4c6323c62bdc5ab2061f440aefc511b@PassengerPaysAndGetsOff
1686107952268@passenger@0xf4190533e1203597f7cbe83cd76a32192af04ebf@TheMostNearbyCarIsSelected
1686107961281@passenger@0xf4190533e1203597f7cbe83cd76a32192af04ebf@PassengerOnBoard
1686107967434@passenger@0xf4190533e1203597f7cbe83cd76a32192af04ebf@PassengerArriveAtDestination
1686107972746@passenger@0xf4190533e1203597f7cbe83cd76a32192af04ebf@PassengerPaysAndGetsOff
