1686107908364@passenger@0x12d0e4381ef94a70a49252e35b9a65fadd3872b9@StartProcessing
1686107911370@passenger@0x456c4df0610c7611ae8bcaed32dd1d94e88ceca4@StartProcessing
1686107913032@passenger@0x12d0e4381ef94a70a49252e35b9a65fadd3872b9@StartingPointWrittenToContract
1686107914038@passenger@0x456c4df0610c7611ae8bcaed32dd1d94e88ceca4@StartingPointWrittenToContract
1686107917155@passenger@0x12d0e4381ef94a70a49252e35b9a65fadd3872b9@DestinationWrittenToContract
1686107917156@passenger@0x456c4df0610c7611ae8bcaed32dd1d94e88ceca4@DestinationWrittenToContract
1686107917213@passenger@0x12d0e4381ef94a70a49252e35b9a65fadd3872b9@FoundIdleCarsNearby
1686107917217@passenger@0x456c4df0610c7611ae8bcaed32dd1d94e88ceca4@FoundIdleCarsNearby
1686107917282@passenger@0x456c4df0610c7611ae8bcaed32dd1d94e88ceca4@FoundTheMostNearbyCar
1686107917294@passenger@0x12d0e4381ef94a70a49252e35b9a65fadd3872b9@FoundTheMostNearbyCar
1686107920749@passenger@0x12d0e4381ef94a70a49252e35b9a65fadd3872b9@TheMostNearbyCarIsSelected
1686107920755@passenger@0x456c4df0610c7611ae8bcaed32dd1d94e88ceca4@TheMostNearbyCarConflict
1686107935623@passenger@0x456c4df0610c7611ae8bcaed32dd1d94e88ceca4@FoundTheMostNearbyCar
1686107935882@passenger@0x12d0e4381ef94a70a49252e35b9a65fadd3872b9@PassengerOnBoard
1686107936525@passenger@0x456c4df0610c7611ae8bcaed32dd1d94e88ceca4@TheMostNearbyCarConflict
1686107943211@passenger@0x12d0e4381ef94a70a49252e35b9a65fadd3872b9@PassengerArriveAtDestination
1686107951143@passenger@0x12d0e4381ef94a70a49252e35b9a65fadd3872b9@PassengerPaysAndGetsOff
1686107954537@passenger@0x456c4df0610c7611ae8bcaed32dd1d94e88ceca4@FoundTheMostNearbyCar
1686107959417@passenger@0x456c4df0610c7611ae8bcaed32dd1d94e88ceca4@TheMostNearbyCarIsSelected
1686107969384@passenger@0x456c4df0610c7611ae8bcaed32dd1d94e88ceca4@PassengerOnBoard
1686107973369@passenger@0x456c4df0610c7611ae8bcaed32dd1d94e88ceca4@PassengerArriveAtDestination
1686107976760@passenger@0x456c4df0610c7611ae8bcaed32dd1d94e88ceca4@PassengerPaysAndGetsOff
