1686107910254@passenger@0xc0a3917e5679c0ef9033c41cbe294a212abe55df@StartProcessing
1686107913267@passenger@0x55577fd620a0b8379846fcb1499e4bdc22538843@StartProcessing
1686107919297@passenger@0x55577fd620a0b8379846fcb1499e4bdc22538843@StartingPointWrittenToContract
1686107919336@passenger@0xc0a3917e5679c0ef9033c41cbe294a212abe55df@StartingPointWrittenToContract
1686107927465@passenger@0x55577fd620a0b8379846fcb1499e4bdc22538843@DestinationWrittenToContract
1686107927467@passenger@0xc0a3917e5679c0ef9033c41cbe294a212abe55df@DestinationWrittenToContract
1686107927470@passenger@0x55577fd620a0b8379846fcb1499e4bdc22538843@FoundIdleCarsNearby
1686107927474@passenger@0xc0a3917e5679c0ef9033c41cbe294a212abe55df@FoundIdleCarsNearby
1686107927481@passenger@0xc0a3917e5679c0ef9033c41cbe294a212abe55df@FoundTheMostNearbyCar
1686107927562@passenger@0x55577fd620a0b8379846fcb1499e4bdc22538843@FoundTheMostNearbyCar
1686107933029@passenger@0xc0a3917e5679c0ef9033c41cbe294a212abe55df@TheMostNearbyCarIsSelected
1686107933039@passenger@0x55577fd620a0b8379846fcb1499e4bdc22538843@TheMostNearbyCarConflict
1686107943538@passenger@0xc0a3917e5679c0ef9033c41cbe294a212abe55df@PassengerOnBoard
1686107947098@passenger@0x55577fd620a0b8379846fcb1499e4bdc22538843@FoundTheMostNearbyCar
1686107955133@passenger@0xc0a3917e5679c0ef9033c41cbe294a212abe55df@PassengerArriveAtDestination
1686107955151@passenger@0x55577fd620a0b8379846fcb1499e4bdc22538843@TheMostNearbyCarConflict
1686107956306@passenger@0xc0a3917e5679c0ef9033c41cbe294a212abe55df@PassengerPaysAndGetsOff
1686107973419@passenger@0x55577fd620a0b8379846fcb1499e4bdc22538843@FoundTheMostNearbyCar
1686107977761@passenger@0x55577fd620a0b8379846fcb1499e4bdc22538843@TheMostNearbyCarIsSelected
1686107986223@passenger@0x55577fd620a0b8379846fcb1499e4bdc22538843@PassengerOnBoard
1686107988544@passenger@0x55577fd620a0b8379846fcb1499e4bdc22538843@PassengerArriveAtDestination
1686107991660@passenger@0x55577fd620a0b8379846fcb1499e4bdc22538843@PassengerPaysAndGetsOff
