1683719592892@passenger@0xd5f5ef5ff4c6323c62bdc5ab2061f440aefc511b@StartProcessing
1683719595469@passenger@0xd5f5ef5ff4c6323c62bdc5ab2061f440aefc511b@StartingPointWrittenToContract
1683719595891@passenger@0xf4190533e1203597f7cbe83cd76a32192af04ebf@StartProcessing
1683719596766@passenger@0xf4190533e1203597f7cbe83cd76a32192af04ebf@StartingPointWrittenToContract
1683719596768@passenger@0xd5f5ef5ff4c6323c62bdc5ab2061f440aefc511b@DestinationWrittenToContract
1683719596769@passenger@0xd5f5ef5ff4c6323c62bdc5ab2061f440aefc511b@FoundIdleCarsNearby
1683719596781@passenger@0xd5f5ef5ff4c6323c62bdc5ab2061f440aefc511b@FoundTheMostNearbyCar
1683719597809@passenger@0xf4190533e1203597f7cbe83cd76a32192af04ebf@DestinationWrittenToContract
1683719597812@passenger@0xd5f5ef5ff4c6323c62bdc5ab2061f440aefc511b@TheMostNearbyCarIsSelected
1683719597814@passenger@0xf4190533e1203597f7cbe83cd76a32192af04ebf@FoundIdleCarsNearby
1683719597820@passenger@0xf4190533e1203597f7cbe83cd76a32192af04ebf@FoundTheMostNearbyCar
1683719600487@passenger@0xf4190533e1203597f7cbe83cd76a32192af04ebf@TheMostNearbyCarConflict
1683719604363@passenger@0xd5f5ef5ff4c6323c62bdc5ab2061f440aefc511b@PassengerOnBoard
1683719606572@passenger@0xd5f5ef5ff4c6323c62bdc5ab2061f440aefc511b@PassengerArriveAtDestination
1683719608404@passenger@0xd5f5ef5ff4c6323c62bdc5ab2061f440aefc511b@PassengerPaysAndGetsOff
1683719614501@passenger@0xf4190533e1203597f7cbe83cd76a32192af04ebf@FoundTheMostNearbyCar
1683719614899@passenger@0xf4190533e1203597f7cbe83cd76a32192af04ebf@TheMostNearbyCarIsSelected
1683719621389@passenger@0xf4190533e1203597f7cbe83cd76a32192af04ebf@PassengerOnBoard
1683719623093@passenger@0xf4190533e1203597f7cbe83cd76a32192af04ebf@PassengerArriveAtDestination
1683719629270@passenger@0xf4190533e1203597f7cbe83cd76a32192af04ebf@PassengerPaysAndGetsOff
