1683722151268@passenger@0xe64e81bc77ee05caaa6b1476de75193607e84d87@StartProcessing
1683722152697@passenger@0xe64e81bc77ee05caaa6b1476de75193607e84d87@StartingPointWrittenToContract
1683722154267@passenger@0x7a68b86008b0cfc3ae0e8068360271cbb999c97d@StartProcessing
1683722154275@passenger@0xe64e81bc77ee05caaa6b1476de75193607e84d87@DestinationWrittenToContract
1683722154276@passenger@0xe64e81bc77ee05caaa6b1476de75193607e84d87@FoundIdleCarsNearby
1683722154293@passenger@0xe64e81bc77ee05caaa6b1476de75193607e84d87@FoundTheMostNearbyCar
1683722154812@passenger@0x7a68b86008b0cfc3ae0e8068360271cbb999c97d@StartingPointWrittenToContract
1683722157270@passenger@0xd5f5ef5ff4c6323c62bdc5ab2061f440aefc511b@StartProcessing
1683722157330@passenger@0x7a68b86008b0cfc3ae0e8068360271cbb999c97d@DestinationWrittenToContract
1683722157334@passenger@0xe64e81bc77ee05caaa6b1476de75193607e84d87@TheMostNearbyCarIsSelected
1683722157335@passenger@0x7a68b86008b0cfc3ae0e8068360271cbb999c97d@FoundIdleCarsNearby
1683722157353@passenger@0x7a68b86008b0cfc3ae0e8068360271cbb999c97d@FoundTheMostNearbyCar
1683722157659@passenger@0xd5f5ef5ff4c6323c62bdc5ab2061f440aefc511b@StartingPointWrittenToContract
1683722157873@passenger@0x7a68b86008b0cfc3ae0e8068360271cbb999c97d@TheMostNearbyCarIsSelected
1683722160267@passenger@0xf4190533e1203597f7cbe83cd76a32192af04ebf@StartProcessing
1683722163267@passenger@0xfc932e94fed02d65e282e933c8e0cb75f6c4cfd8@StartProcessing
1683722164552@passenger@0xd5f5ef5ff4c6323c62bdc5ab2061f440aefc511b@DestinationWrittenToContract
1683722164552@passenger@0xf4190533e1203597f7cbe83cd76a32192af04ebf@StartingPointWrittenToContract
1683722164553@passenger@0xfc932e94fed02d65e282e933c8e0cb75f6c4cfd8@StartingPointWrittenToContract
1683722164554@passenger@0xe64e81bc77ee05caaa6b1476de75193607e84d87@PassengerOnBoard
1683722164555@passenger@0xd5f5ef5ff4c6323c62bdc5ab2061f440aefc511b@FoundIdleCarsNearby
1683722164576@passenger@0xd5f5ef5ff4c6323c62bdc5ab2061f440aefc511b@FoundTheMostNearbyCar
1683722166268@passenger@0xfdd87ce574fea6b415f3a8f70f4fcc752555b920@StartProcessing
1683722168176@passenger@0xe64e81bc77ee05caaa6b1476de75193607e84d87@PassengerArriveAtDestination
1683722168178@passenger@0x7a68b86008b0cfc3ae0e8068360271cbb999c97d@PassengerOnBoard
1683722168179@passenger@0xf4190533e1203597f7cbe83cd76a32192af04ebf@DestinationWrittenToContract
1683722168180@passenger@0xfdd87ce574fea6b415f3a8f70f4fcc752555b920@StartingPointWrittenToContract
1683722168182@passenger@0xd5f5ef5ff4c6323c62bdc5ab2061f440aefc511b@TheMostNearbyCarIsSelected
1683722168183@passenger@0xfc932e94fed02d65e282e933c8e0cb75f6c4cfd8@DestinationWrittenToContract
1683722168185@passenger@0xf4190533e1203597f7cbe83cd76a32192af04ebf@FoundIdleCarsNearby
1683722168187@passenger@0xfc932e94fed02d65e282e933c8e0cb75f6c4cfd8@FoundIdleCarsNearby
1683722168229@passenger@0xfc932e94fed02d65e282e933c8e0cb75f6c4cfd8@FoundTheMostNearbyCar
1683722168231@passenger@0xf4190533e1203597f7cbe83cd76a32192af04ebf@FoundTheMostNearbyCar
1683722169268@passenger@0xd05c44f7b7f9d7c76a32f6cd5c612ac9c0f5bfc2@StartProcessing
1683722171600@passenger@0x7a68b86008b0cfc3ae0e8068360271cbb999c97d@PassengerArriveAtDestination
1683722171603@passenger@0xfdd87ce574fea6b415f3a8f70f4fcc752555b920@DestinationWrittenToContract
1683722171604@passenger@0xf4190533e1203597f7cbe83cd76a32192af04ebf@TheMostNearbyCarIsSelected
1683722171606@passenger@0xd05c44f7b7f9d7c76a32f6cd5c612ac9c0f5bfc2@StartingPointWrittenToContract
1683722171607@passenger@0xfc932e94fed02d65e282e933c8e0cb75f6c4cfd8@TheMostNearbyCarConflict
1683722171608@passenger@0xe64e81bc77ee05caaa6b1476de75193607e84d87@PassengerPaysAndGetsOff
1683722171609@passenger@0xfdd87ce574fea6b415f3a8f70f4fcc752555b920@FoundIdleCarsNearby
1683722171661@passenger@0xfdd87ce574fea6b415f3a8f70f4fcc752555b920@FoundTheMostNearbyCar
1683722172267@passenger@0xbeacf6104014bfafccc307bb7e7b5ef850c1db0d@StartProcessing
1683722172633@passenger@0x7a68b86008b0cfc3ae0e8068360271cbb999c97d@PassengerPaysAndGetsOff
1683722172634@passenger@0xd5f5ef5ff4c6323c62bdc5ab2061f440aefc511b@PassengerOnBoard
1683722172634@passenger@0xd05c44f7b7f9d7c76a32f6cd5c612ac9c0f5bfc2@DestinationWrittenToContract
1683722172636@passenger@0xfdd87ce574fea6b415f3a8f70f4fcc752555b920@TheMostNearbyCarIsSelected
1683722172637@passenger@0xd05c44f7b7f9d7c76a32f6cd5c612ac9c0f5bfc2@FoundIdleCarsNearby
1683722172659@passenger@0xd05c44f7b7f9d7c76a32f6cd5c612ac9c0f5bfc2@FoundTheMostNearbyCar
1683722172907@passenger@0xbeacf6104014bfafccc307bb7e7b5ef850c1db0d@StartingPointWrittenToContract
1683722175269@passenger@0x3df2c7b1e2c3e8e5e40c6035f6a3a5bb8fdb6b87@StartProcessing
1683722175293@passenger@0xd5f5ef5ff4c6323c62bdc5ab2061f440aefc511b@PassengerArriveAtDestination
1683722175295@passenger@0xbeacf6104014bfafccc307bb7e7b5ef850c1db0d@DestinationWrittenToContract
1683722175297@passenger@0xd05c44f7b7f9d7c76a32f6cd5c612ac9c0f5bfc2@TheMostNearbyCarIsSelected
1683722175299@passenger@0xf4190533e1203597f7cbe83cd76a32192af04ebf@PassengerOnBoard
1683722175300@passenger@0xbeacf6104014bfafccc307bb7e7b5ef850c1db0d@FoundIdleCarsNearby
1683722175330@passenger@0xbeacf6104014bfafccc307bb7e7b5ef850c1db0d@FoundTheMostNearbyCar
1683722177270@passenger@0x3df2c7b1e2c3e8e5e40c6035f6a3a5bb8fdb6b87@StartingPointWrittenToContract
1683722177705@passenger@0xf4190533e1203597f7cbe83cd76a32192af04ebf@PassengerArriveAtDestination
1683722177708@passenger@0xd5f5ef5ff4c6323c62bdc5ab2061f440aefc511b@PassengerPaysAndGetsOff
1683722177709@passenger@0xbeacf6104014bfafccc307bb7e7b5ef850c1db0d@TheMostNearbyCarIsSelected
1683722177712@passenger@0xfdd87ce574fea6b415f3a8f70f4fcc752555b920@PassengerOnBoard
1683722177897@passenger@0x3df2c7b1e2c3e8e5e40c6035f6a3a5bb8fdb6b87@DestinationWrittenToContract
1683722177898@passenger@0x3df2c7b1e2c3e8e5e40c6035f6a3a5bb8fdb6b87@FoundIdleCarsNearby
1683722177930@passenger@0x3df2c7b1e2c3e8e5e40c6035f6a3a5bb8fdb6b87@FoundTheMostNearbyCar
1683722178268@passenger@0x46dfb062b17f2ef557a64283347653f11ba7c089@StartProcessing
1683722180754@passenger@0xfdd87ce574fea6b415f3a8f70f4fcc752555b920@PassengerArriveAtDestination
1683722180760@passenger@0xd05c44f7b7f9d7c76a32f6cd5c612ac9c0f5bfc2@PassengerOnBoard
1683722180760@passenger@0xf4190533e1203597f7cbe83cd76a32192af04ebf@PassengerPaysAndGetsOff
1683722180761@passenger@0x46dfb062b17f2ef557a64283347653f11ba7c089@StartingPointWrittenToContract
1683722180762@passenger@0x3df2c7b1e2c3e8e5e40c6035f6a3a5bb8fdb6b87@TheMostNearbyCarIsSelected
1683722181268@passenger@0xd402c7301a68c4c65529ab0c597bb8b13e27f607@StartProcessing
1683722183809@passenger@0xd05c44f7b7f9d7c76a32f6cd5c612ac9c0f5bfc2@PassengerArriveAtDestination
1683722183812@passenger@0xd402c7301a68c4c65529ab0c597bb8b13e27f607@StartingPointWrittenToContract
1683722183813@passenger@0xfdd87ce574fea6b415f3a8f70f4fcc752555b920@PassengerPaysAndGetsOff
1683722183813@passenger@0x46dfb062b17f2ef557a64283347653f11ba7c089@DestinationWrittenToContract
1683722183813@passenger@0xbeacf6104014bfafccc307bb7e7b5ef850c1db0d@PassengerOnBoard
1683722183816@passenger@0x46dfb062b17f2ef557a64283347653f11ba7c089@FoundIdleCarsNearby
1683722183834@passenger@0x46dfb062b17f2ef557a64283347653f11ba7c089@FoundTheMostNearbyCar
1683722184268@passenger@0x42389309e69a2b32b98f04bc8255ad971797f757@StartProcessing
1683722184881@passenger@0xbeacf6104014bfafccc307bb7e7b5ef850c1db0d@PassengerArriveAtDestination
1683722184882@passenger@0xd402c7301a68c4c65529ab0c597bb8b13e27f607@DestinationWrittenToContract
1683722184883@passenger@0x3df2c7b1e2c3e8e5e40c6035f6a3a5bb8fdb6b87@PassengerOnBoard
1683722184883@passenger@0x42389309e69a2b32b98f04bc8255ad971797f757@StartingPointWrittenToContract
1683722184884@passenger@0x46dfb062b17f2ef557a64283347653f11ba7c089@TheMostNearbyCarIsSelected
1683722184886@passenger@0xd05c44f7b7f9d7c76a32f6cd5c612ac9c0f5bfc2@PassengerPaysAndGetsOff
1683722184888@passenger@0xd402c7301a68c4c65529ab0c597bb8b13e27f607@FoundIdleCarsNearby
1683722184925@passenger@0xd402c7301a68c4c65529ab0c597bb8b13e27f607@FoundTheMostNearbyCar
1683722185532@passenger@0x3df2c7b1e2c3e8e5e40c6035f6a3a5bb8fdb6b87@PassengerArriveAtDestination
1683722185539@passenger@0xbeacf6104014bfafccc307bb7e7b5ef850c1db0d@PassengerPaysAndGetsOff
1683722185539@passenger@0x42389309e69a2b32b98f04bc8255ad971797f757@DestinationWrittenToContract
1683722185541@passenger@0xd402c7301a68c4c65529ab0c597bb8b13e27f607@TheMostNearbyCarIsSelected
1683722185543@passenger@0x42389309e69a2b32b98f04bc8255ad971797f757@FoundIdleCarsNearby
1683722185569@passenger@0x42389309e69a2b32b98f04bc8255ad971797f757@FoundTheMostNearbyCar
1683722185630@passenger@0xfc932e94fed02d65e282e933c8e0cb75f6c4cfd8@FoundTheMostNearbyCar
1683722187268@passenger@0xcae58827099cb4557f40dd308f5efc29e9065be8@StartProcessing
1683722188210@passenger@0xfc932e94fed02d65e282e933c8e0cb75f6c4cfd8@TheMostNearbyCarIsSelected
1683722188212@passenger@0x46dfb062b17f2ef557a64283347653f11ba7c089@PassengerOnBoard
1683722188213@passenger@0x3df2c7b1e2c3e8e5e40c6035f6a3a5bb8fdb6b87@PassengerPaysAndGetsOff
1683722188214@passenger@0xcae58827099cb4557f40dd308f5efc29e9065be8@StartingPointWrittenToContract
1683722188216@passenger@0x42389309e69a2b32b98f04bc8255ad971797f757@TheMostNearbyCarConflict
1683722190077@passenger@0x46dfb062b17f2ef557a64283347653f11ba7c089@PassengerArriveAtDestination
1683722190084@passenger@0xd402c7301a68c4c65529ab0c597bb8b13e27f607@PassengerOnBoard
1683722190084@passenger@0xcae58827099cb4557f40dd308f5efc29e9065be8@DestinationWrittenToContract
1683722190086@passenger@0xcae58827099cb4557f40dd308f5efc29e9065be8@FoundIdleCarsNearby
1683722190118@passenger@0xcae58827099cb4557f40dd308f5efc29e9065be8@FoundTheMostNearbyCar
1683722190267@passenger@0x6d1558ef76336d670fb6f2b04ae1f345eab94761@StartProcessing
1683722191504@passenger@0xd402c7301a68c4c65529ab0c597bb8b13e27f607@PassengerArriveAtDestination
1683722191505@passenger@0x6d1558ef76336d670fb6f2b04ae1f345eab94761@StartingPointWrittenToContract
1683722191506@passenger@0xcae58827099cb4557f40dd308f5efc29e9065be8@TheMostNearbyCarIsSelected
1683722191508@passenger@0x46dfb062b17f2ef557a64283347653f11ba7c089@PassengerPaysAndGetsOff
1683722191509@passenger@0xfc932e94fed02d65e282e933c8e0cb75f6c4cfd8@PassengerOnBoard
1683722193268@passenger@0x95d2b2a36e6a3d1e7ac8edbf99481c6009a19131@StartProcessing
1683722193443@passenger@0xfc932e94fed02d65e282e933c8e0cb75f6c4cfd8@PassengerArriveAtDestination
1683722193448@passenger@0xd402c7301a68c4c65529ab0c597bb8b13e27f607@PassengerPaysAndGetsOff
1683722193449@passenger@0x6d1558ef76336d670fb6f2b04ae1f345eab94761@DestinationWrittenToContract
1683722193451@passenger@0x6d1558ef76336d670fb6f2b04ae1f345eab94761@FoundIdleCarsNearby
1683722193485@passenger@0x6d1558ef76336d670fb6f2b04ae1f345eab94761@FoundTheMostNearbyCar
1683722195836@passenger@0x95d2b2a36e6a3d1e7ac8edbf99481c6009a19131@StartingPointWrittenToContract
1683722196176@passenger@0xcae58827099cb4557f40dd308f5efc29e9065be8@PassengerOnBoard
1683722196177@passenger@0xfc932e94fed02d65e282e933c8e0cb75f6c4cfd8@PassengerPaysAndGetsOff
1683722196178@passenger@0x6d1558ef76336d670fb6f2b04ae1f345eab94761@TheMostNearbyCarIsSelected
1683722196267@passenger@0xd35d112793fe59877302d4064c9ef5a89c0485ba@StartProcessing
1683722196320@passenger@0x95d2b2a36e6a3d1e7ac8edbf99481c6009a19131@DestinationWrittenToContract
1683722196322@passenger@0x95d2b2a36e6a3d1e7ac8edbf99481c6009a19131@FoundIdleCarsNearby
1683722196362@passenger@0x95d2b2a36e6a3d1e7ac8edbf99481c6009a19131@FoundTheMostNearbyCar
1683722196822@passenger@0xcae58827099cb4557f40dd308f5efc29e9065be8@PassengerArriveAtDestination
1683722196824@passenger@0xd35d112793fe59877302d4064c9ef5a89c0485ba@StartingPointWrittenToContract
1683722199943@passenger@0x95d2b2a36e6a3d1e7ac8edbf99481c6009a19131@TheMostNearbyCarIsSelected
1683722199944@passenger@0x6d1558ef76336d670fb6f2b04ae1f345eab94761@PassengerOnBoard
1683722199945@passenger@0xd35d112793fe59877302d4064c9ef5a89c0485ba@DestinationWrittenToContract
1683722199947@passenger@0xcae58827099cb4557f40dd308f5efc29e9065be8@PassengerPaysAndGetsOff
1683722199948@passenger@0xd35d112793fe59877302d4064c9ef5a89c0485ba@FoundIdleCarsNearby
1683722199969@passenger@0xd35d112793fe59877302d4064c9ef5a89c0485ba@FoundTheMostNearbyCar
1683722202169@passenger@0x6d1558ef76336d670fb6f2b04ae1f345eab94761@PassengerArriveAtDestination
1683722202174@passenger@0xd35d112793fe59877302d4064c9ef5a89c0485ba@TheMostNearbyCarIsSelected
1683722202254@passenger@0x42389309e69a2b32b98f04bc8255ad971797f757@FoundTheMostNearbyCar
1683722202557@passenger@0x6d1558ef76336d670fb6f2b04ae1f345eab94761@PassengerPaysAndGetsOff
1683722202558@passenger@0x95d2b2a36e6a3d1e7ac8edbf99481c6009a19131@PassengerOnBoard
1683722202559@passenger@0x42389309e69a2b32b98f04bc8255ad971797f757@TheMostNearbyCarIsSelected
1683722205232@passenger@0x95d2b2a36e6a3d1e7ac8edbf99481c6009a19131@PassengerArriveAtDestination
1683722205234@passenger@0xd35d112793fe59877302d4064c9ef5a89c0485ba@PassengerOnBoard
1683722209684@passenger@0xd35d112793fe59877302d4064c9ef5a89c0485ba@PassengerArriveAtDestination
1683722209684@passenger@0x42389309e69a2b32b98f04bc8255ad971797f757@PassengerOnBoard
1683722209685@passenger@0x95d2b2a36e6a3d1e7ac8edbf99481c6009a19131@PassengerPaysAndGetsOff
1683722213895@passenger@0x42389309e69a2b32b98f04bc8255ad971797f757@PassengerArriveAtDestination
1683722213897@passenger@0xd35d112793fe59877302d4064c9ef5a89c0485ba@PassengerPaysAndGetsOff
1683722216568@passenger@0x42389309e69a2b32b98f04bc8255ad971797f757@PassengerPaysAndGetsOff
/home/endericedragon/repos/taxi-4-leaves/passenger.js:172
                if (event.returnValues.passengerId.slice(0, 42) == passengerId.toLowerCase()) {
                                       ^

TypeError: Cannot read properties of undefined (reading 'passengerId')
    at Subscription.callback (/home/endericedragon/repos/taxi-4-leaves/passenger.js:172:40)
    at Object.callback (/home/endericedragon/repos/taxi-4-leaves/node_modules/web3/node_modules/web3-core-subscriptions/lib/subscription.js:248:27)
    at /home/endericedragon/repos/taxi-4-leaves/node_modules/web3/node_modules/web3-core-requestmanager/lib/index.js:108:34
    at Map.forEach (<anonymous>)
    at WebsocketProvider.disconnect (/home/endericedragon/repos/taxi-4-leaves/node_modules/web3/node_modules/web3-core-requestmanager/lib/index.js:107:37)
    at WebsocketProvider.emit (/home/endericedragon/repos/taxi-4-leaves/node_modules/web3/node_modules/eventemitter3/index.js:181:35)
    at WebsocketProvider._onClose (/home/endericedragon/repos/taxi-4-leaves/node_modules/web3/node_modules/web3-providers-ws/lib/index.js:152:10)
    at W3CWebSocket._dispatchEvent [as dispatchEvent] (/home/endericedragon/repos/taxi-4-leaves/node_modules/web3/node_modules/yaeti/lib/EventTarget.js:115:12)
    at W3CWebSocket.onClose (/home/endericedragon/repos/taxi-4-leaves/node_modules/web3/node_modules/websocket/lib/W3CWebSocket.js:228:10)
    at WebSocketConnection.<anonymous> (/home/endericedragon/repos/taxi-4-leaves/node_modules/web3/node_modules/websocket/lib/W3CWebSocket.js:201:17)
    at WebSocketConnection.emit (node:events:513:28)
    at WebSocketConnection.handleSocketClose (/home/endericedragon/repos/taxi-4-leaves/node_modules/web3/node_modules/websocket/lib/WebSocketConnection.js:389:14)
    at Socket.emit (node:events:513:28)
    at TCP.<anonymous> (node:net:322:12)

Node.js v18.16.0
