1683722170966@passenger@0x075c06e40ff4067d3f9d765719555f06532bb170@StartProcessing
1683722173965@passenger@0xbb9fdf370e08bb5dee6f39ea440de18f01cdb1c8@StartProcessing
1683722175736@passenger@0x075c06e40ff4067d3f9d765719555f06532bb170@StartingPointWrittenToContract
1683722176358@passenger@0xbb9fdf370e08bb5dee6f39ea440de18f01cdb1c8@StartingPointWrittenToContract
1683722176965@passenger@0xed04389fb476cbfb0737477e9aa3a509404917cf@StartProcessing
1683722178802@passenger@0x075c06e40ff4067d3f9d765719555f06532bb170@DestinationWrittenToContract
1683722178803@passenger@0x075c06e40ff4067d3f9d765719555f06532bb170@FoundIdleCarsNearby
1683722178827@passenger@0x075c06e40ff4067d3f9d765719555f06532bb170@FoundTheMostNearbyCar
1683722179692@passenger@0xed04389fb476cbfb0737477e9aa3a509404917cf@StartingPointWrittenToContract
1683722179693@passenger@0xbb9fdf370e08bb5dee6f39ea440de18f01cdb1c8@DestinationWrittenToContract
1683722179694@passenger@0xbb9fdf370e08bb5dee6f39ea440de18f01cdb1c8@FoundIdleCarsNearby
1683722179716@passenger@0xbb9fdf370e08bb5dee6f39ea440de18f01cdb1c8@FoundTheMostNearbyCar
1683722179964@passenger@0x54dd0a733e1c1ae9ea5ddab64c5f3922daec1ddf@StartProcessing
1683722180159@passenger@0x075c06e40ff4067d3f9d765719555f06532bb170@TheMostNearbyCarIsSelected
1683722180341@passenger@0xed04389fb476cbfb0737477e9aa3a509404917cf@DestinationWrittenToContract
1683722180342@passenger@0x54dd0a733e1c1ae9ea5ddab64c5f3922daec1ddf@StartingPointWrittenToContract
1683722180343@passenger@0xbb9fdf370e08bb5dee6f39ea440de18f01cdb1c8@TheMostNearbyCarConflict
1683722180344@passenger@0xed04389fb476cbfb0737477e9aa3a509404917cf@FoundIdleCarsNearby
1683722180381@passenger@0xed04389fb476cbfb0737477e9aa3a509404917cf@FoundTheMostNearbyCar
1683722182447@passenger@0x54dd0a733e1c1ae9ea5ddab64c5f3922daec1ddf@DestinationWrittenToContract
1683722182448@passenger@0xed04389fb476cbfb0737477e9aa3a509404917cf@TheMostNearbyCarIsSelected
1683722182449@passenger@0x54dd0a733e1c1ae9ea5ddab64c5f3922daec1ddf@FoundIdleCarsNearby
1683722182477@passenger@0x54dd0a733e1c1ae9ea5ddab64c5f3922daec1ddf@FoundTheMostNearbyCar
1683722182727@passenger@0x075c06e40ff4067d3f9d765719555f06532bb170@PassengerOnBoard
1683722182964@passenger@0xd93f7bbe87e0986efca3dedc91880635a0f355d9@StartProcessing
1683722185967@passenger@0x781b6d4d069a201ca8dc1542684edffd1b79c025@StartProcessing
1683722187640@passenger@0x075c06e40ff4067d3f9d765719555f06532bb170@PassengerArriveAtDestination
1683722187644@passenger@0xd93f7bbe87e0986efca3dedc91880635a0f355d9@StartingPointWrittenToContract
1683722187645@passenger@0x54dd0a733e1c1ae9ea5ddab64c5f3922daec1ddf@TheMostNearbyCarIsSelected
1683722188966@passenger@0x05d6ca3c365ab26983bfca03809309a8258e3f62@StartProcessing
1683722191967@passenger@0x792e5531f6d360524e4dd3f1d17725edcc9b1dc1@StartProcessing
1683722194387@passenger@0xbb9fdf370e08bb5dee6f39ea440de18f01cdb1c8@FoundTheMostNearbyCar
1683722194965@passenger@0x086ba65affc894f226e87f8d16f20a35d4f60b4d@StartProcessing
1683722197967@passenger@0x2702ee5633daab4d277f5660f1c29d3e5454f7b3@StartProcessing
1683722198028@passenger@0x075c06e40ff4067d3f9d765719555f06532bb170@PassengerPaysAndGetsOff
1683722198029@passenger@0x781b6d4d069a201ca8dc1542684edffd1b79c025@StartingPointWrittenToContract
1683722198031@passenger@0xbb9fdf370e08bb5dee6f39ea440de18f01cdb1c8@TheMostNearbyCarIsSelected
1683722198033@passenger@0xd93f7bbe87e0986efca3dedc91880635a0f355d9@DestinationWrittenToContract
1683722198035@passenger@0xed04389fb476cbfb0737477e9aa3a509404917cf@PassengerOnBoard
1683722198036@passenger@0x086ba65affc894f226e87f8d16f20a35d4f60b4d@StartingPointWrittenToContract
1683722198038@passenger@0x05d6ca3c365ab26983bfca03809309a8258e3f62@StartingPointWrittenToContract
1683722198040@passenger@0x792e5531f6d360524e4dd3f1d17725edcc9b1dc1@StartingPointWrittenToContract
1683722198042@passenger@0xd93f7bbe87e0986efca3dedc91880635a0f355d9@FoundIdleCarsNearby
1683722198095@passenger@0xd93f7bbe87e0986efca3dedc91880635a0f355d9@FoundTheMostNearbyCar
1683722200967@passenger@0x2888bd343cbbc9cb5469c7a3c52d51dff4350d97@StartProcessing
1683722201982@passenger@0xed04389fb476cbfb0737477e9aa3a509404917cf@PassengerArriveAtDestination
1683722201989@passenger@0x781b6d4d069a201ca8dc1542684edffd1b79c025@DestinationWrittenToContract
1683722201992@passenger@0x086ba65affc894f226e87f8d16f20a35d4f60b4d@DestinationWrittenToContract
1683722201994@passenger@0x2702ee5633daab4d277f5660f1c29d3e5454f7b3@StartingPointWrittenToContract
1683722201996@passenger@0x792e5531f6d360524e4dd3f1d17725edcc9b1dc1@DestinationWrittenToContract
1683722202000@passenger@0xd93f7bbe87e0986efca3dedc91880635a0f355d9@TheMostNearbyCarIsSelected
1683722202005@passenger@0x54dd0a733e1c1ae9ea5ddab64c5f3922daec1ddf@PassengerOnBoard
1683722202006@passenger@0x05d6ca3c365ab26983bfca03809309a8258e3f62@DestinationWrittenToContract
1683722202008@passenger@0x2888bd343cbbc9cb5469c7a3c52d51dff4350d97@StartingPointWrittenToContract
1683722202014@passenger@0x781b6d4d069a201ca8dc1542684edffd1b79c025@FoundIdleCarsNearby
1683722202016@passenger@0x086ba65affc894f226e87f8d16f20a35d4f60b4d@FoundIdleCarsNearby
1683722202017@passenger@0x792e5531f6d360524e4dd3f1d17725edcc9b1dc1@FoundIdleCarsNearby
1683722202021@passenger@0x05d6ca3c365ab26983bfca03809309a8258e3f62@FoundIdleCarsNearby
1683722202047@passenger@0x781b6d4d069a201ca8dc1542684edffd1b79c025@FoundTheMostNearbyCar
1683722202049@passenger@0x086ba65affc894f226e87f8d16f20a35d4f60b4d@FoundTheMostNearbyCar
1683722202051@passenger@0x792e5531f6d360524e4dd3f1d17725edcc9b1dc1@FoundTheMostNearbyCar
1683722202053@passenger@0x05d6ca3c365ab26983bfca03809309a8258e3f62@FoundTheMostNearbyCar
1683722203395@passenger@0x54dd0a733e1c1ae9ea5ddab64c5f3922daec1ddf@PassengerArriveAtDestination
1683722203398@passenger@0x2888bd343cbbc9cb5469c7a3c52d51dff4350d97@DestinationWrittenToContract
1683722203400@passenger@0xed04389fb476cbfb0737477e9aa3a509404917cf@PassengerPaysAndGetsOff
1683722203401@passenger@0x781b6d4d069a201ca8dc1542684edffd1b79c025@TheMostNearbyCarIsSelected
1683722203403@passenger@0xbb9fdf370e08bb5dee6f39ea440de18f01cdb1c8@PassengerOnBoard
1683722203404@passenger@0x792e5531f6d360524e4dd3f1d17725edcc9b1dc1@TheMostNearbyCarConflict
1683722203404@passenger@0x086ba65affc894f226e87f8d16f20a35d4f60b4d@TheMostNearbyCarConflict
1683722203404@passenger@0x05d6ca3c365ab26983bfca03809309a8258e3f62@TheMostNearbyCarConflict
1683722203405@passenger@0x2702ee5633daab4d277f5660f1c29d3e5454f7b3@DestinationWrittenToContract
1683722203406@passenger@0x2888bd343cbbc9cb5469c7a3c52d51dff4350d97@FoundIdleCarsNearby
1683722203410@passenger@0x2702ee5633daab4d277f5660f1c29d3e5454f7b3@FoundIdleCarsNearby
1683722203440@passenger@0x2888bd343cbbc9cb5469c7a3c52d51dff4350d97@FoundTheMostNearbyCar
1683722203441@passenger@0x2702ee5633daab4d277f5660f1c29d3e5454f7b3@FoundTheMostNearbyCar
1683722203965@passenger@0x7a594ef9f871e4ef17c8d659aa58b3b09e090cf3@StartProcessing
1683722204714@passenger@0xbb9fdf370e08bb5dee6f39ea440de18f01cdb1c8@PassengerArriveAtDestination
1683722204719@passenger@0x54dd0a733e1c1ae9ea5ddab64c5f3922daec1ddf@PassengerPaysAndGetsOff
1683722204720@passenger@0x2702ee5633daab4d277f5660f1c29d3e5454f7b3@TheMostNearbyCarIsSelected
1683722204721@passenger@0x7a594ef9f871e4ef17c8d659aa58b3b09e090cf3@StartingPointWrittenToContract
1683722204723@passenger@0xd93f7bbe87e0986efca3dedc91880635a0f355d9@PassengerOnBoard
1683722204725@passenger@0x2888bd343cbbc9cb5469c7a3c52d51dff4350d97@TheMostNearbyCarConflict
1683722205673@passenger@0xd93f7bbe87e0986efca3dedc91880635a0f355d9@PassengerArriveAtDestination
1683722205674@passenger@0x781b6d4d069a201ca8dc1542684edffd1b79c025@PassengerOnBoard
1683722205674@passenger@0xbb9fdf370e08bb5dee6f39ea440de18f01cdb1c8@PassengerPaysAndGetsOff
1683722205674@passenger@0x7a594ef9f871e4ef17c8d659aa58b3b09e090cf3@DestinationWrittenToContract
1683722205675@passenger@0x7a594ef9f871e4ef17c8d659aa58b3b09e090cf3@FoundIdleCarsNearby
1683722205704@passenger@0x7a594ef9f871e4ef17c8d659aa58b3b09e090cf3@FoundTheMostNearbyCar
1683722206965@passenger@0xb2e192f38247113c0a695a4da975771bfd32d68e@StartProcessing
1683722207831@passenger@0x781b6d4d069a201ca8dc1542684edffd1b79c025@PassengerArriveAtDestination
1683722207836@passenger@0x2702ee5633daab4d277f5660f1c29d3e5454f7b3@PassengerOnBoard
1683722207836@passenger@0xb2e192f38247113c0a695a4da975771bfd32d68e@StartingPointWrittenToContract
1683722207838@passenger@0x7a594ef9f871e4ef17c8d659aa58b3b09e090cf3@TheMostNearbyCarIsSelected
1683722207839@passenger@0xd93f7bbe87e0986efca3dedc91880635a0f355d9@PassengerPaysAndGetsOff
1683722208764@passenger@0x2702ee5633daab4d277f5660f1c29d3e5454f7b3@PassengerArriveAtDestination
1683722208767@passenger@0xb2e192f38247113c0a695a4da975771bfd32d68e@DestinationWrittenToContract
1683722208768@passenger@0x781b6d4d069a201ca8dc1542684edffd1b79c025@PassengerPaysAndGetsOff
1683722208768@passenger@0xb2e192f38247113c0a695a4da975771bfd32d68e@FoundIdleCarsNearby
1683722208791@passenger@0xb2e192f38247113c0a695a4da975771bfd32d68e@FoundTheMostNearbyCar
1683722209965@passenger@0xe3cfc7fd117fa5762bfb5390acbdf48557a18ac2@StartProcessing
1683722211729@passenger@0xe3cfc7fd117fa5762bfb5390acbdf48557a18ac2@StartingPointWrittenToContract
1683722211731@passenger@0xb2e192f38247113c0a695a4da975771bfd32d68e@TheMostNearbyCarIsSelected
1683722211732@passenger@0x7a594ef9f871e4ef17c8d659aa58b3b09e090cf3@PassengerOnBoard
1683722211733@passenger@0x2702ee5633daab4d277f5660f1c29d3e5454f7b3@PassengerPaysAndGetsOff
1683722212588@passenger@0x7a594ef9f871e4ef17c8d659aa58b3b09e090cf3@PassengerArriveAtDestination
1683722212592@passenger@0xe3cfc7fd117fa5762bfb5390acbdf48557a18ac2@DestinationWrittenToContract
1683722212593@passenger@0xe3cfc7fd117fa5762bfb5390acbdf48557a18ac2@FoundIdleCarsNearby
1683722212614@passenger@0xe3cfc7fd117fa5762bfb5390acbdf48557a18ac2@FoundTheMostNearbyCar
1683722212965@passenger@0xa97253e4fe217e80b5f2e995bd54904f63726719@StartProcessing
1683722213647@passenger@0x7a594ef9f871e4ef17c8d659aa58b3b09e090cf3@PassengerPaysAndGetsOff
1683722213647@passenger@0xb2e192f38247113c0a695a4da975771bfd32d68e@PassengerOnBoard
1683722213648@passenger@0xe3cfc7fd117fa5762bfb5390acbdf48557a18ac2@TheMostNearbyCarIsSelected
1683722213648@passenger@0xa97253e4fe217e80b5f2e995bd54904f63726719@StartingPointWrittenToContract
1683722215966@passenger@0xce2897c392e16c5762131a56686733e035a4aa30@StartProcessing
1683722216597@passenger@0xb2e192f38247113c0a695a4da975771bfd32d68e@PassengerArriveAtDestination
1683722216602@passenger@0xa97253e4fe217e80b5f2e995bd54904f63726719@DestinationWrittenToContract
1683722216605@passenger@0xa97253e4fe217e80b5f2e995bd54904f63726719@FoundIdleCarsNearby
1683722216633@passenger@0xa97253e4fe217e80b5f2e995bd54904f63726719@FoundTheMostNearbyCar
1683722217429@passenger@0x086ba65affc894f226e87f8d16f20a35d4f60b4d@FoundTheMostNearbyCar
1683722217436@passenger@0x792e5531f6d360524e4dd3f1d17725edcc9b1dc1@FoundTheMostNearbyCar
1683722217437@passenger@0x05d6ca3c365ab26983bfca03809309a8258e3f62@FoundTheMostNearbyCar
1683722218568@passenger@0xce2897c392e16c5762131a56686733e035a4aa30@StartingPointWrittenToContract
1683722218747@passenger@0x2888bd343cbbc9cb5469c7a3c52d51dff4350d97@FoundTheMostNearbyCar
1683722220703@passenger@0xb2e192f38247113c0a695a4da975771bfd32d68e@PassengerPaysAndGetsOff
1683722220703@passenger@0x086ba65affc894f226e87f8d16f20a35d4f60b4d@TheMostNearbyCarConflict
1683722220704@passenger@0x792e5531f6d360524e4dd3f1d17725edcc9b1dc1@TheMostNearbyCarIsSelected
1683722220706@passenger@0xe3cfc7fd117fa5762bfb5390acbdf48557a18ac2@PassengerOnBoard
1683722220706@passenger@0x05d6ca3c365ab26983bfca03809309a8258e3f62@TheMostNearbyCarConflict
1683722220708@passenger@0xa97253e4fe217e80b5f2e995bd54904f63726719@TheMostNearbyCarConflict
1683722221096@passenger@0xce2897c392e16c5762131a56686733e035a4aa30@DestinationWrittenToContract
1683722221098@passenger@0x2888bd343cbbc9cb5469c7a3c52d51dff4350d97@TheMostNearbyCarConflict
1683722221099@passenger@0xce2897c392e16c5762131a56686733e035a4aa30@FoundIdleCarsNearby
1683722221133@passenger@0xce2897c392e16c5762131a56686733e035a4aa30@FoundTheMostNearbyCar
1683722222725@passenger@0xe3cfc7fd117fa5762bfb5390acbdf48557a18ac2@PassengerArriveAtDestination
1683722223580@passenger@0xce2897c392e16c5762131a56686733e035a4aa30@TheMostNearbyCarIsSelected
1683722224778@passenger@0x792e5531f6d360524e4dd3f1d17725edcc9b1dc1@PassengerOnBoard
1683722224779@passenger@0xe3cfc7fd117fa5762bfb5390acbdf48557a18ac2@PassengerPaysAndGetsOff
1683722227916@passenger@0x792e5531f6d360524e4dd3f1d17725edcc9b1dc1@PassengerArriveAtDestination
1683722228339@passenger@0xce2897c392e16c5762131a56686733e035a4aa30@PassengerOnBoard
1683722228947@passenger@0x792e5531f6d360524e4dd3f1d17725edcc9b1dc1@PassengerPaysAndGetsOff
1683722228957@passenger@0xce2897c392e16c5762131a56686733e035a4aa30@PassengerArriveAtDestination
1683722233709@passenger@0xce2897c392e16c5762131a56686733e035a4aa30@PassengerPaysAndGetsOff
1683722234734@passenger@0xa97253e4fe217e80b5f2e995bd54904f63726719@FoundTheMostNearbyCar
1683722238731@passenger@0x086ba65affc894f226e87f8d16f20a35d4f60b4d@FoundTheMostNearbyCar
1683722238734@passenger@0x05d6ca3c365ab26983bfca03809309a8258e3f62@FoundTheMostNearbyCar
1683722239127@passenger@0x2888bd343cbbc9cb5469c7a3c52d51dff4350d97@FoundTheMostNearbyCar
1683722241163@passenger@0x2888bd343cbbc9cb5469c7a3c52d51dff4350d97@TheMostNearbyCarIsSelected
1683722241164@passenger@0xa97253e4fe217e80b5f2e995bd54904f63726719@TheMostNearbyCarConflict
1683722241165@passenger@0x05d6ca3c365ab26983bfca03809309a8258e3f62@TheMostNearbyCarConflict
1683722241166@passenger@0x086ba65affc894f226e87f8d16f20a35d4f60b4d@TheMostNearbyCarConflict
1683722245656@passenger@0x2888bd343cbbc9cb5469c7a3c52d51dff4350d97@PassengerOnBoard
1683722248855@passenger@0x2888bd343cbbc9cb5469c7a3c52d51dff4350d97@PassengerArriveAtDestination
1683722255516@passenger@0x2888bd343cbbc9cb5469c7a3c52d51dff4350d97@PassengerPaysAndGetsOff
1683722259195@passenger@0xa97253e4fe217e80b5f2e995bd54904f63726719@FoundTheMostNearbyCar
1683722260188@passenger@0xa97253e4fe217e80b5f2e995bd54904f63726719@TheMostNearbyCarIsSelected
1683722263183@passenger@0x086ba65affc894f226e87f8d16f20a35d4f60b4d@FoundTheMostNearbyCar
1683722263184@passenger@0x05d6ca3c365ab26983bfca03809309a8258e3f62@FoundTheMostNearbyCar
1683722264104@passenger@0xa97253e4fe217e80b5f2e995bd54904f63726719@PassengerOnBoard
1683722264104@passenger@0x086ba65affc894f226e87f8d16f20a35d4f60b4d@TheMostNearbyCarConflict
1683722264105@passenger@0x05d6ca3c365ab26983bfca03809309a8258e3f62@TheMostNearbyCarIsSelected
1683722266290@passenger@0xa97253e4fe217e80b5f2e995bd54904f63726719@PassengerArriveAtDestination
1683722269942@passenger@0xa97253e4fe217e80b5f2e995bd54904f63726719@PassengerPaysAndGetsOff
1683722269943@passenger@0x05d6ca3c365ab26983bfca03809309a8258e3f62@PassengerOnBoard
1683722273417@passenger@0x05d6ca3c365ab26983bfca03809309a8258e3f62@PassengerArriveAtDestination
1683722273691@passenger@0x05d6ca3c365ab26983bfca03809309a8258e3f62@PassengerPaysAndGetsOff
1683722290146@passenger@0x086ba65affc894f226e87f8d16f20a35d4f60b4d@FoundTheMostNearbyCar
1683722293685@passenger@0x086ba65affc894f226e87f8d16f20a35d4f60b4d@TheMostNearbyCarIsSelected
1683722299001@passenger@0x086ba65affc894f226e87f8d16f20a35d4f60b4d@PassengerOnBoard
1683722304253@passenger@0x086ba65affc894f226e87f8d16f20a35d4f60b4d@PassengerArriveAtDestination
1683722307776@passenger@0x086ba65affc894f226e87f8d16f20a35d4f60b4d@PassengerPaysAndGetsOff
/home/endericedragon/repos/taxi-4-leaves/passenger.js:172
                if (event.returnValues.passengerId.slice(0, 42) == passengerId.toLowerCase()) {
                                       ^

TypeError: Cannot read properties of undefined (reading 'passengerId')
    at Subscription.callback (/home/endericedragon/repos/taxi-4-leaves/passenger.js:172:40)
    at Object.callback (/home/endericedragon/repos/taxi-4-leaves/node_modules/web3/node_modules/web3-core-subscriptions/lib/subscription.js:248:27)
    at /home/endericedragon/repos/taxi-4-leaves/node_modules/web3/node_modules/web3-core-requestmanager/lib/index.js:108:34
    at Map.forEach (<anonymous>)
    at WebsocketProvider.disconnect (/home/endericedragon/repos/taxi-4-leaves/node_modules/web3/node_modules/web3-core-requestmanager/lib/index.js:107:37)
    at WebsocketProvider.emit (/home/endericedragon/repos/taxi-4-leaves/node_modules/web3/node_modules/eventemitter3/index.js:181:35)
    at WebsocketProvider._onClose (/home/endericedragon/repos/taxi-4-leaves/node_modules/web3/node_modules/web3-providers-ws/lib/index.js:152:10)
    at W3CWebSocket._dispatchEvent [as dispatchEvent] (/home/endericedragon/repos/taxi-4-leaves/node_modules/web3/node_modules/yaeti/lib/EventTarget.js:115:12)
    at W3CWebSocket.onClose (/home/endericedragon/repos/taxi-4-leaves/node_modules/web3/node_modules/websocket/lib/W3CWebSocket.js:228:10)
    at WebSocketConnection.<anonymous> (/home/endericedragon/repos/taxi-4-leaves/node_modules/web3/node_modules/websocket/lib/W3CWebSocket.js:201:17)
    at WebSocketConnection.emit (node:events:513:28)
    at WebSocketConnection.handleSocketClose (/home/endericedragon/repos/taxi-4-leaves/node_modules/web3/node_modules/websocket/lib/WebSocketConnection.js:389:14)
    at Socket.emit (node:events:513:28)
    at TCP.<anonymous> (node:net:322:12)

Node.js v18.16.0
