1683815111042@vehicle@0x196424dd2bf7c978228ebd7a17b38b993d650696@StartProcessing
1683815111047@vehicle@0x12d0e4381ef94a70a49252e35b9a65fadd3872b9@StartProcessing
1683815111048@vehicle@0x456c4df0610c7611ae8bcaed32dd1d94e88ceca4@StartProcessing
1683815111048@vehicle@0xdedee68f2020c0d3f98d2a8c23b6563f7b97e559@StartProcessing
1683815111049@vehicle@0xc0a3917e5679c0ef9033c41cbe294a212abe55df@StartProcessing
1683815111049@vehicle@0x55577fd620a0b8379846fcb1499e4bdc22538843@StartProcessing
1683815111050@vehicle@0xad8a321e2e8f8f51245f47b8f412979d5740e625@StartProcessing
1683815111050@vehicle@0x91153bad44dcc46187c481d8d36a53e58522d0c4@StartProcessing
1683815111051@vehicle@0xac37a0543b6abb8e7add0c00128c9f486e45b0e9@StartProcessing
1683815111051@vehicle@0x7a5b8a958a74e39ade01f412951fb319ee4fe6d9@StartProcessing
1683815111052@vehicle@0xfb1c049ecb1884a77e857bcca8ae6443f0143dbf@StartProcessing
1683815111053@vehicle@0x4c0ae67f9e2dcabbcaee58afa56c14e427272b6f@StartProcessing
1683815111053@vehicle@0x0d5f26272be5a3b462c3b7a978c7bf4b0d6aadb1@StartProcessing
1683815111054@vehicle@0x0cac0bfe17bd73be78486a51a15db39b10cbafcf@StartProcessing
1683815111054@vehicle@0xbf5868b482ace24aa4f339ceb26e32230fc7d3aa@StartProcessing
1683815111054@vehicle@0x926f155822d00a9191fe71ec570bcd1f0eb0c300@StartProcessing
1683815111055@vehicle@0x1cdf2caf87fe659e3d2fb0d2482049d74375eca6@StartProcessing
1683815111055@vehicle@0x00cbd2864b7c93822826f80a7c968a2ada1cbaa7@StartProcessing
1683815111056@vehicle@0x6667d6c8b9d92f20a6a8ffaae8aace0147bee999@StartProcessing
1683815111056@vehicle@0x98a7df3e665e83ed12f900bb0a9f7d2914808fa7@StartProcessing
1683815111057@vehicle@0xcb1d4560f811ae161002ffadc4c834ecd1fa82ba@StartProcessing
1683815111057@vehicle@0x3d79e4b740913678fcab6e490f4c273f3e7d6a89@StartProcessing
1683815111057@vehicle@0xbcbc44f60dea618c7df6a08a3a9683ee138813ba@StartProcessing
1683815111058@vehicle@0x1c230c5d5ae6b126d0d7fd8e8af3aa09905d2b4b@StartProcessing
1683815111058@vehicle@0x441d24425b99411edd0ecf95501cb0db988e2f13@StartProcessing
1683815111058@vehicle@0xf5493c66a2f85637127510a53b6cd0b067936b51@StartProcessing
1683815111059@vehicle@0xcd924d3e8e043bb9579a4033ab08f8c1404840f0@StartProcessing
1683815111059@vehicle@0xf85378de486a9514f26f3118450ff6409aaf2bfb@StartProcessing
1683815111059@vehicle@0x2a52bc09f527f500c7fc62c63f681d24dad62a77@StartProcessing
1683815111059@vehicle@0x0c05c7ae6e3a58c23e5d27fc1d121ed1aec0f738@StartProcessing
1683815111060@vehicle@0x7776ed3449f97157630b06035e11bc7759e4f0db@StartProcessing
1683815111060@vehicle@0xd30d093abb9d34fb14917d07121ed6a61cb1f99e@StartProcessing
1683815121256@vehicle@0x12d0e4381ef94a70a49252e35b9a65fadd3872b9@PickUp@0xd5f5ef5ff4c6323c62bdc5ab2061f440aefc511b000000000000000000000000
1683815121259@vehicle@0x12d0e4381ef94a70a49252e35b9a65fadd3872b9@FinishedAStarToStartingPoint
1683815123203@vehicle@0x196424dd2bf7c978228ebd7a17b38b993d650696@PickUp@0xfc932e94fed02d65e282e933c8e0cb75f6c4cfd8000000000000000000000000
1683815123207@vehicle@0x12d0e4381ef94a70a49252e35b9a65fadd3872b9@StoreRouteToStartingPointThroughAStarSuccess
1683815123208@vehicle@0x196424dd2bf7c978228ebd7a17b38b993d650696@FinishedAStarToStartingPoint
1683815127118@vehicle@0x456c4df0610c7611ae8bcaed32dd1d94e88ceca4@PickUp@0x3df2c7b1e2c3e8e5e40c6035f6a3a5bb8fdb6b87000000000000000000000000
1683815127127@vehicle@0x12d0e4381ef94a70a49252e35b9a65fadd3872b9@DestinationReady
1683815127129@vehicle@0x456c4df0610c7611ae8bcaed32dd1d94e88ceca4@FinishedAStarToStartingPoint
1683815127131@vehicle@0x196424dd2bf7c978228ebd7a17b38b993d650696@StoreRouteToStartingPointThroughAStarSuccess
1683815127131@vehicle@0x12d0e4381ef94a70a49252e35b9a65fadd3872b9@FinishedAStarToDestination
1683815129654@vehicle@0x55577fd620a0b8379846fcb1499e4bdc22538843@PickUp@0x46dfb062b17f2ef557a64283347653f11ba7c089000000000000000000000000
1683815129661@vehicle@0x456c4df0610c7611ae8bcaed32dd1d94e88ceca4@StoreRouteToStartingPointThroughAStarSuccess
1683815129662@vehicle@0x196424dd2bf7c978228ebd7a17b38b993d650696@DestinationReady
1683815129664@vehicle@0x12d0e4381ef94a70a49252e35b9a65fadd3872b9@StoreRouteToDestinationSuccess
1683815129665@vehicle@0x55577fd620a0b8379846fcb1499e4bdc22538843@FinishedAStarToStartingPoint
1683815129665@vehicle@0x196424dd2bf7c978228ebd7a17b38b993d650696@FinishedAStarToDestination
1683815134266@vehicle@0x12d0e4381ef94a70a49252e35b9a65fadd3872b9@PassengerPaid
1683815134269@vehicle@0x91153bad44dcc46187c481d8d36a53e58522d0c4@PickUp@0xcae58827099cb4557f40dd308f5efc29e9065be8000000000000000000000000
1683815134273@vehicle@0x0cac0bfe17bd73be78486a51a15db39b10cbafcf@PickUp@0xedb6f3a4a1ebc511f7fe9bd4f2cd4219ca0a3cf4000000000000000000000000
1683815134285@vehicle@0x456c4df0610c7611ae8bcaed32dd1d94e88ceca4@DestinationReady
1683815134290@vehicle@0x91153bad44dcc46187c481d8d36a53e58522d0c4@FinishedAStarToStartingPoint
1683815134291@vehicle@0x0cac0bfe17bd73be78486a51a15db39b10cbafcf@FinishedAStarToStartingPoint
1683815134293@vehicle@0x196424dd2bf7c978228ebd7a17b38b993d650696@StoreRouteToDestinationSuccess
1683815134294@vehicle@0x55577fd620a0b8379846fcb1499e4bdc22538843@StoreRouteToStartingPointThroughAStarSuccess
1683815134295@vehicle@0x456c4df0610c7611ae8bcaed32dd1d94e88ceca4@FinishedAStarToDestination
1683815134296@vehicle@0x12d0e4381ef94a70a49252e35b9a65fadd3872b9@CarReleased
1683815134958@vehicle@0x196424dd2bf7c978228ebd7a17b38b993d650696@PassengerPaid
1683815134961@vehicle@0x0d5f26272be5a3b462c3b7a978c7bf4b0d6aadb1@PickUp@0x62119c27e0081b14e6e0c596603d21eaa6d6452b000000000000000000000000
1683815134969@vehicle@0x0d5f26272be5a3b462c3b7a978c7bf4b0d6aadb1@FinishedAStarToStartingPoint
1683815134971@vehicle@0x91153bad44dcc46187c481d8d36a53e58522d0c4@StoreRouteToStartingPointThroughAStarSuccess
1683815134972@vehicle@0x0cac0bfe17bd73be78486a51a15db39b10cbafcf@StoreRouteToStartingPointThroughAStarSuccess
1683815134973@vehicle@0x55577fd620a0b8379846fcb1499e4bdc22538843@DestinationReady
1683815134974@vehicle@0x456c4df0610c7611ae8bcaed32dd1d94e88ceca4@StoreRouteToDestinationSuccess
1683815134975@vehicle@0x196424dd2bf7c978228ebd7a17b38b993d650696@CarReleased
1683815134976@vehicle@0x55577fd620a0b8379846fcb1499e4bdc22538843@FinishedAStarToDestination
1683815137023@vehicle@0x12d0e4381ef94a70a49252e35b9a65fadd3872b9@PickUp@0xf4190533e1203597f7cbe83cd76a32192af04ebf000000000000000000000000
1683815137031@vehicle@0x456c4df0610c7611ae8bcaed32dd1d94e88ceca4@PassengerPaid
1683815137041@vehicle@0x4c0ae67f9e2dcabbcaee58afa56c14e427272b6f@PickUp@0xc265c858c1186113b2d830e6f46f6d95142e9750000000000000000000000000
1683815137043@vehicle@0x0cac0bfe17bd73be78486a51a15db39b10cbafcf@DestinationReady
1683815137044@vehicle@0x55577fd620a0b8379846fcb1499e4bdc22538843@StoreRouteToDestinationSuccess
1683815137044@vehicle@0x0d5f26272be5a3b462c3b7a978c7bf4b0d6aadb1@StoreRouteToStartingPointThroughAStarSuccess
1683815137044@vehicle@0x12d0e4381ef94a70a49252e35b9a65fadd3872b9@FinishedAStarToStartingPoint
1683815137045@vehicle@0x91153bad44dcc46187c481d8d36a53e58522d0c4@DestinationReady
1683815137046@vehicle@0x4c0ae67f9e2dcabbcaee58afa56c14e427272b6f@FinishedAStarToStartingPoint
1683815137046@vehicle@0x0cac0bfe17bd73be78486a51a15db39b10cbafcf@FinishedAStarToDestination
1683815137047@vehicle@0x456c4df0610c7611ae8bcaed32dd1d94e88ceca4@CarReleased
1683815137048@vehicle@0x91153bad44dcc46187c481d8d36a53e58522d0c4@FinishedAStarToDestination
1683815138572@vehicle@0x55577fd620a0b8379846fcb1499e4bdc22538843@PassengerPaid
1683815138578@vehicle@0x196424dd2bf7c978228ebd7a17b38b993d650696@PickUp@0xfdd87ce574fea6b415f3a8f70f4fcc752555b920000000000000000000000000
1683815138582@vehicle@0x7a5b8a958a74e39ade01f412951fb319ee4fe6d9@PickUp@0x5227daf8db7c57d268979df21ba9ee9c93d26712000000000000000000000000
1683815138582@vehicle@0x12d0e4381ef94a70a49252e35b9a65fadd3872b9@StoreRouteToStartingPointThroughAStarSuccess
1683815138583@vehicle@0x4c0ae67f9e2dcabbcaee58afa56c14e427272b6f@StoreRouteToStartingPointThroughAStarSuccess
1683815138583@vehicle@0x0cac0bfe17bd73be78486a51a15db39b10cbafcf@StoreRouteToDestinationSuccess
1683815138583@vehicle@0x91153bad44dcc46187c481d8d36a53e58522d0c4@StoreRouteToDestinationSuccess
1683815138584@vehicle@0x196424dd2bf7c978228ebd7a17b38b993d650696@FinishedAStarToStartingPoint
1683815138585@vehicle@0x0d5f26272be5a3b462c3b7a978c7bf4b0d6aadb1@DestinationReady
1683815138586@vehicle@0x7a5b8a958a74e39ade01f412951fb319ee4fe6d9@FinishedAStarToStartingPoint
1683815138587@vehicle@0x55577fd620a0b8379846fcb1499e4bdc22538843@CarReleased
1683815138588@vehicle@0x0d5f26272be5a3b462c3b7a978c7bf4b0d6aadb1@FinishedAStarToDestination
1683815139990@vehicle@0x0cac0bfe17bd73be78486a51a15db39b10cbafcf@PassengerPaid
1683815139995@vehicle@0x91153bad44dcc46187c481d8d36a53e58522d0c4@PassengerPaid
1683815139997@vehicle@0x926f155822d00a9191fe71ec570bcd1f0eb0c300@PickUp@0x4093777e3bf0a104ef5576011a965c58a206b69b000000000000000000000000
1683815139999@vehicle@0x0d5f26272be5a3b462c3b7a978c7bf4b0d6aadb1@StoreRouteToDestinationSuccess
1683815139999@vehicle@0x7a5b8a958a74e39ade01f412951fb319ee4fe6d9@StoreRouteToStartingPointThroughAStarSuccess
1683815139999@vehicle@0x196424dd2bf7c978228ebd7a17b38b993d650696@StoreRouteToStartingPointThroughAStarSuccess
1683815140000@vehicle@0x4c0ae67f9e2dcabbcaee58afa56c14e427272b6f@DestinationReady
1683815140000@vehicle@0x12d0e4381ef94a70a49252e35b9a65fadd3872b9@DestinationReady
1683815140000@vehicle@0x926f155822d00a9191fe71ec570bcd1f0eb0c300@FinishedAStarToStartingPoint
1683815140001@vehicle@0x4c0ae67f9e2dcabbcaee58afa56c14e427272b6f@FinishedAStarToDestination
1683815140002@vehicle@0x0cac0bfe17bd73be78486a51a15db39b10cbafcf@CarReleased
1683815140002@vehicle@0x12d0e4381ef94a70a49252e35b9a65fadd3872b9@FinishedAStarToDestination
1683815140002@vehicle@0x91153bad44dcc46187c481d8d36a53e58522d0c4@CarReleased
1683815143415@vehicle@0x0d5f26272be5a3b462c3b7a978c7bf4b0d6aadb1@PassengerPaid
1683815143417@vehicle@0xac37a0543b6abb8e7add0c00128c9f486e45b0e9@PickUp@0x3b49b8eb1d9d3c28242b97c135379e0e32468fb9000000000000000000000000
1683815143421@vehicle@0x4c0ae67f9e2dcabbcaee58afa56c14e427272b6f@StoreRouteToDestinationSuccess
1683815143421@vehicle@0x926f155822d00a9191fe71ec570bcd1f0eb0c300@StoreRouteToStartingPointThroughAStarSuccess
1683815143422@vehicle@0x12d0e4381ef94a70a49252e35b9a65fadd3872b9@StoreRouteToDestinationSuccess
1683815143422@vehicle@0x196424dd2bf7c978228ebd7a17b38b993d650696@DestinationReady
1683815143422@vehicle@0xac37a0543b6abb8e7add0c00128c9f486e45b0e9@FinishedAStarToStartingPoint
1683815143423@vehicle@0x7a5b8a958a74e39ade01f412951fb319ee4fe6d9@DestinationReady
1683815143423@vehicle@0x196424dd2bf7c978228ebd7a17b38b993d650696@FinishedAStarToDestination
1683815143424@vehicle@0x0d5f26272be5a3b462c3b7a978c7bf4b0d6aadb1@CarReleased
1683815143424@vehicle@0x7a5b8a958a74e39ade01f412951fb319ee4fe6d9@FinishedAStarToDestination
1683815145656@vehicle@0x196424dd2bf7c978228ebd7a17b38b993d650696@StoreRouteToDestinationSuccess
1683815145657@vehicle@0x7a5b8a958a74e39ade01f412951fb319ee4fe6d9@StoreRouteToDestinationSuccess
1683815145657@vehicle@0xac37a0543b6abb8e7add0c00128c9f486e45b0e9@StoreRouteToStartingPointThroughAStarSuccess
1683815145657@vehicle@0x456c4df0610c7611ae8bcaed32dd1d94e88ceca4@PickUp@0x42389309e69a2b32b98f04bc8255ad971797f757000000000000000000000000
1683815145661@vehicle@0x12d0e4381ef94a70a49252e35b9a65fadd3872b9@PassengerPaid
1683815145664@vehicle@0x4c0ae67f9e2dcabbcaee58afa56c14e427272b6f@PassengerPaid
1683815145665@vehicle@0x00cbd2864b7c93822826f80a7c968a2ada1cbaa7@PickUp@0x075c06e40ff4067d3f9d765719555f06532bb170000000000000000000000000
1683815145676@vehicle@0x456c4df0610c7611ae8bcaed32dd1d94e88ceca4@FinishedAStarToStartingPoint
1683815145677@vehicle@0x926f155822d00a9191fe71ec570bcd1f0eb0c300@DestinationReady
1683815145678@vehicle@0x00cbd2864b7c93822826f80a7c968a2ada1cbaa7@FinishedAStarToStartingPoint
1683815145679@vehicle@0x12d0e4381ef94a70a49252e35b9a65fadd3872b9@CarReleased
1683815145680@vehicle@0x926f155822d00a9191fe71ec570bcd1f0eb0c300@FinishedAStarToDestination
1683815145681@vehicle@0x4c0ae67f9e2dcabbcaee58afa56c14e427272b6f@CarReleased
1683815147230@vehicle@0x196424dd2bf7c978228ebd7a17b38b993d650696@PassengerPaid
1683815147232@vehicle@0x7a5b8a958a74e39ade01f412951fb319ee4fe6d9@PassengerPaid
1683815147233@vehicle@0x1c230c5d5ae6b126d0d7fd8e8af3aa09905d2b4b@PickUp@0x781b6d4d069a201ca8dc1542684edffd1b79c025000000000000000000000000
1683815147237@vehicle@0x00cbd2864b7c93822826f80a7c968a2ada1cbaa7@StoreRouteToStartingPointThroughAStarSuccess
1683815147237@vehicle@0x456c4df0610c7611ae8bcaed32dd1d94e88ceca4@StoreRouteToStartingPointThroughAStarSuccess
1683815147238@vehicle@0x926f155822d00a9191fe71ec570bcd1f0eb0c300@StoreRouteToDestinationSuccess
1683815147239@vehicle@0x1c230c5d5ae6b126d0d7fd8e8af3aa09905d2b4b@FinishedAStarToStartingPoint
1683815147240@vehicle@0xac37a0543b6abb8e7add0c00128c9f486e45b0e9@DestinationReady
1683815147241@vehicle@0x196424dd2bf7c978228ebd7a17b38b993d650696@CarReleased
1683815147241@vehicle@0x7a5b8a958a74e39ade01f412951fb319ee4fe6d9@CarReleased
1683815147242@vehicle@0xac37a0543b6abb8e7add0c00128c9f486e45b0e9@FinishedAStarToDestination
1683815150372@vehicle@0x0cac0bfe17bd73be78486a51a15db39b10cbafcf@PickUp@0xabd6b57b7d198796947bc03e4f5bd911813caada000000000000000000000000
1683815150376@vehicle@0x926f155822d00a9191fe71ec570bcd1f0eb0c300@PassengerPaid
1683815150381@vehicle@0x12d0e4381ef94a70a49252e35b9a65fadd3872b9@PickUp@0xd35d112793fe59877302d4064c9ef5a89c0485ba000000000000000000000000
1683815150388@vehicle@0x1cdf2caf87fe659e3d2fb0d2482049d74375eca6@PickUp@0x086ba65affc894f226e87f8d16f20a35d4f60b4d000000000000000000000000
1683815150395@vehicle@0xac37a0543b6abb8e7add0c00128c9f486e45b0e9@StoreRouteToDestinationSuccess
1683815150396@vehicle@0x1c230c5d5ae6b126d0d7fd8e8af3aa09905d2b4b@StoreRouteToStartingPointThroughAStarSuccess
1683815150396@vehicle@0x0cac0bfe17bd73be78486a51a15db39b10cbafcf@FinishedAStarToStartingPoint
1683815150397@vehicle@0x00cbd2864b7c93822826f80a7c968a2ada1cbaa7@DestinationReady
1683815150398@vehicle@0x12d0e4381ef94a70a49252e35b9a65fadd3872b9@FinishedAStarToStartingPoint
1683815150399@vehicle@0x1cdf2caf87fe659e3d2fb0d2482049d74375eca6@FinishedAStarToStartingPoint
1683815150400@vehicle@0x456c4df0610c7611ae8bcaed32dd1d94e88ceca4@DestinationReady
1683815150400@vehicle@0x926f155822d00a9191fe71ec570bcd1f0eb0c300@CarReleased
1683815150401@vehicle@0x00cbd2864b7c93822826f80a7c968a2ada1cbaa7@FinishedAStarToDestination
1683815150403@vehicle@0x456c4df0610c7611ae8bcaed32dd1d94e88ceca4@FinishedAStarToDestination
1683815150732@vehicle@0x3d79e4b740913678fcab6e490f4c273f3e7d6a89@PickUp@0x7a594ef9f871e4ef17c8d659aa58b3b09e090cf3000000000000000000000000
1683815150733@vehicle@0xac37a0543b6abb8e7add0c00128c9f486e45b0e9@PassengerPaid
1683815150739@vehicle@0x12d0e4381ef94a70a49252e35b9a65fadd3872b9@StoreRouteToStartingPointThroughAStarSuccess
1683815150740@vehicle@0x0cac0bfe17bd73be78486a51a15db39b10cbafcf@StoreRouteToStartingPointThroughAStarSuccess
1683815150740@vehicle@0x1c230c5d5ae6b126d0d7fd8e8af3aa09905d2b4b@DestinationReady
1683815150740@vehicle@0x3d79e4b740913678fcab6e490f4c273f3e7d6a89@FinishedAStarToStartingPoint
1683815150741@vehicle@0x00cbd2864b7c93822826f80a7c968a2ada1cbaa7@StoreRouteToDestinationSuccess
1683815150741@vehicle@0x456c4df0610c7611ae8bcaed32dd1d94e88ceca4@StoreRouteToDestinationSuccess
1683815150742@vehicle@0x1cdf2caf87fe659e3d2fb0d2482049d74375eca6@StoreRouteToStartingPointThroughAStarSuccess
1683815150742@vehicle@0x1c230c5d5ae6b126d0d7fd8e8af3aa09905d2b4b@FinishedAStarToDestination
1683815150744@vehicle@0xac37a0543b6abb8e7add0c00128c9f486e45b0e9@CarReleased
1683815154775@vehicle@0x00cbd2864b7c93822826f80a7c968a2ada1cbaa7@PassengerPaid
1683815154778@vehicle@0x6667d6c8b9d92f20a6a8ffaae8aace0147bee999@PickUp@0xe3cfc7fd117fa5762bfb5390acbdf48557a18ac2000000000000000000000000
1683815154783@vehicle@0x456c4df0610c7611ae8bcaed32dd1d94e88ceca4@PassengerPaid
1683815154787@vehicle@0x0d5f26272be5a3b462c3b7a978c7bf4b0d6aadb1@PickUp@0xd2ed0cb17fd847c8aa8bc8e9ed3870481ede088b000000000000000000000000
1683815154788@vehicle@0x1c230c5d5ae6b126d0d7fd8e8af3aa09905d2b4b@StoreRouteToDestinationSuccess
1683815154789@vehicle@0x3d79e4b740913678fcab6e490f4c273f3e7d6a89@StoreRouteToStartingPointThroughAStarSuccess
1683815154789@vehicle@0x0cac0bfe17bd73be78486a51a15db39b10cbafcf@DestinationReady
1683815154789@vehicle@0x12d0e4381ef94a70a49252e35b9a65fadd3872b9@DestinationReady
1683815154790@vehicle@0x6667d6c8b9d92f20a6a8ffaae8aace0147bee999@FinishedAStarToStartingPoint
1683815154791@vehicle@0x1cdf2caf87fe659e3d2fb0d2482049d74375eca6@DestinationReady
1683815154792@vehicle@0x0d5f26272be5a3b462c3b7a978c7bf4b0d6aadb1@FinishedAStarToStartingPoint
1683815154792@vehicle@0x0cac0bfe17bd73be78486a51a15db39b10cbafcf@FinishedAStarToDestination
1683815154792@vehicle@0x12d0e4381ef94a70a49252e35b9a65fadd3872b9@FinishedAStarToDestination
1683815154793@vehicle@0x00cbd2864b7c93822826f80a7c968a2ada1cbaa7@CarReleased
1683815154793@vehicle@0x456c4df0610c7611ae8bcaed32dd1d94e88ceca4@CarReleased
1683815154793@vehicle@0x1cdf2caf87fe659e3d2fb0d2482049d74375eca6@FinishedAStarToDestination
1683815157388@vehicle@0x196424dd2bf7c978228ebd7a17b38b993d650696@PickUp@0xbeacf6104014bfafccc307bb7e7b5ef850c1db0d000000000000000000000000
1683815157388@vehicle@0x1c230c5d5ae6b126d0d7fd8e8af3aa09905d2b4b@PassengerPaid
1683815157399@vehicle@0x12d0e4381ef94a70a49252e35b9a65fadd3872b9@StoreRouteToDestinationSuccess
1683815157399@vehicle@0x196424dd2bf7c978228ebd7a17b38b993d650696@FinishedAStarToStartingPoint
1683815157400@vehicle@0x6667d6c8b9d92f20a6a8ffaae8aace0147bee999@StoreRouteToStartingPointThroughAStarSuccess
1683815157401@vehicle@0x1cdf2caf87fe659e3d2fb0d2482049d74375eca6@StoreRouteToDestinationSuccess
1683815157401@vehicle@0x0cac0bfe17bd73be78486a51a15db39b10cbafcf@StoreRouteToDestinationSuccess
1683815157402@vehicle@0x0d5f26272be5a3b462c3b7a978c7bf4b0d6aadb1@StoreRouteToStartingPointThroughAStarSuccess
1683815157402@vehicle@0x3d79e4b740913678fcab6e490f4c273f3e7d6a89@DestinationReady
1683815157403@vehicle@0x1c230c5d5ae6b126d0d7fd8e8af3aa09905d2b4b@CarReleased
1683815157405@vehicle@0x3d79e4b740913678fcab6e490f4c273f3e7d6a89@FinishedAStarToDestination
1683815161098@vehicle@0x0cac0bfe17bd73be78486a51a15db39b10cbafcf@PassengerPaid
1683815161102@vehicle@0x3d79e4b740913678fcab6e490f4c273f3e7d6a89@StoreRouteToDestinationSuccess
1683815161106@vehicle@0x196424dd2bf7c978228ebd7a17b38b993d650696@StoreRouteToStartingPointThroughAStarSuccess
1683815161106@vehicle@0x4c0ae67f9e2dcabbcaee58afa56c14e427272b6f@PickUp@0x7906b337632876b8050f55ee5b57228f02972fa3000000000000000000000000
1683815161125@vehicle@0x12d0e4381ef94a70a49252e35b9a65fadd3872b9@PassengerPaid
1683815161129@vehicle@0x1cdf2caf87fe659e3d2fb0d2482049d74375eca6@PassengerPaid
1683815161133@vehicle@0x0c05c7ae6e3a58c23e5d27fc1d121ed1aec0f738@PickUp@0xeef75753e18f97f0ee8a61119d84cdba23d22a7f000000000000000000000000
1683815161136@vehicle@0x00cbd2864b7c93822826f80a7c968a2ada1cbaa7@PickUp@0xbb9fdf370e08bb5dee6f39ea440de18f01cdb1c8000000000000000000000000
1683815161142@vehicle@0x4c0ae67f9e2dcabbcaee58afa56c14e427272b6f@FinishedAStarToStartingPoint
1683815161143@vehicle@0x6667d6c8b9d92f20a6a8ffaae8aace0147bee999@DestinationReady
1683815161143@vehicle@0x0d5f26272be5a3b462c3b7a978c7bf4b0d6aadb1@DestinationReady
1683815161144@vehicle@0x0cac0bfe17bd73be78486a51a15db39b10cbafcf@CarReleased
1683815161145@vehicle@0x0c05c7ae6e3a58c23e5d27fc1d121ed1aec0f738@FinishedAStarToStartingPoint
1683815161145@vehicle@0x00cbd2864b7c93822826f80a7c968a2ada1cbaa7@FinishedAStarToStartingPoint
1683815161146@vehicle@0x6667d6c8b9d92f20a6a8ffaae8aace0147bee999@FinishedAStarToDestination
1683815161147@vehicle@0x0d5f26272be5a3b462c3b7a978c7bf4b0d6aadb1@FinishedAStarToDestination
1683815161148@vehicle@0x12d0e4381ef94a70a49252e35b9a65fadd3872b9@CarReleased
1683815161148@vehicle@0x1cdf2caf87fe659e3d2fb0d2482049d74375eca6@CarReleased
1683815161828@vehicle@0x3d79e4b740913678fcab6e490f4c273f3e7d6a89@PassengerPaid
1683815161831@vehicle@0x2a52bc09f527f500c7fc62c63f681d24dad62a77@PickUp@0x17164c34807aa124363d80a604efd4560d8cea0e000000000000000000000000
1683815161837@vehicle@0x1c230c5d5ae6b126d0d7fd8e8af3aa09905d2b4b@PickUp@0x54dd0a733e1c1ae9ea5ddab64c5f3922daec1ddf000000000000000000000000
1683815161838@vehicle@0x2a52bc09f527f500c7fc62c63f681d24dad62a77@FinishedAStarToStartingPoint
1683815161838@vehicle@0x196424dd2bf7c978228ebd7a17b38b993d650696@DestinationReady
1683815161839@vehicle@0x0d5f26272be5a3b462c3b7a978c7bf4b0d6aadb1@StoreRouteToDestinationSuccess
1683815161840@vehicle@0x4c0ae67f9e2dcabbcaee58afa56c14e427272b6f@StoreRouteToStartingPointThroughAStarSuccess
1683815161840@vehicle@0x00cbd2864b7c93822826f80a7c968a2ada1cbaa7@StoreRouteToStartingPointThroughAStarSuccess
1683815161841@vehicle@0x0c05c7ae6e3a58c23e5d27fc1d121ed1aec0f738@StoreRouteToStartingPointThroughAStarSuccess
1683815161841@vehicle@0x1c230c5d5ae6b126d0d7fd8e8af3aa09905d2b4b@FinishedAStarToStartingPoint
1683815161842@vehicle@0x6667d6c8b9d92f20a6a8ffaae8aace0147bee999@StoreRouteToDestinationSuccess
1683815161842@vehicle@0x3d79e4b740913678fcab6e490f4c273f3e7d6a89@CarReleased
1683815161843@vehicle@0x196424dd2bf7c978228ebd7a17b38b993d650696@FinishedAStarToDestination
1683815164603@vehicle@0x12d0e4381ef94a70a49252e35b9a65fadd3872b9@PickUp@0xd402c7301a68c4c65529ab0c597bb8b13e27f607000000000000000000000000
1683815164605@vehicle@0x0d5f26272be5a3b462c3b7a978c7bf4b0d6aadb1@PassengerPaid
1683815164615@vehicle@0x6667d6c8b9d92f20a6a8ffaae8aace0147bee999@PassengerPaid
1683815164618@vehicle@0x441d24425b99411edd0ecf95501cb0db988e2f13@PickUp@0xb08c2456169491982bb3ab852eae8ee3300b9261000000000000000000000000
1683815164627@vehicle@0x1c230c5d5ae6b126d0d7fd8e8af3aa09905d2b4b@StoreRouteToStartingPointThroughAStarSuccess
1683815164627@vehicle@0x12d0e4381ef94a70a49252e35b9a65fadd3872b9@FinishedAStarToStartingPoint
1683815164628@vehicle@0x196424dd2bf7c978228ebd7a17b38b993d650696@StoreRouteToDestinationSuccess
1683815164628@vehicle@0x0c05c7ae6e3a58c23e5d27fc1d121ed1aec0f738@DestinationReady
1683815164629@vehicle@0x2a52bc09f527f500c7fc62c63f681d24dad62a77@StoreRouteToStartingPointThroughAStarSuccess
1683815164629@vehicle@0x441d24425b99411edd0ecf95501cb0db988e2f13@FinishedAStarToStartingPoint
1683815164630@vehicle@0x00cbd2864b7c93822826f80a7c968a2ada1cbaa7@DestinationReady
1683815164631@vehicle@0x4c0ae67f9e2dcabbcaee58afa56c14e427272b6f@DestinationReady
1683815164632@vehicle@0x0d5f26272be5a3b462c3b7a978c7bf4b0d6aadb1@CarReleased
1683815164633@vehicle@0x0c05c7ae6e3a58c23e5d27fc1d121ed1aec0f738@FinishedAStarToDestination
1683815164634@vehicle@0x6667d6c8b9d92f20a6a8ffaae8aace0147bee999@CarReleased
1683815164635@vehicle@0x00cbd2864b7c93822826f80a7c968a2ada1cbaa7@FinishedAStarToDestination
1683815164636@vehicle@0x4c0ae67f9e2dcabbcaee58afa56c14e427272b6f@FinishedAStarToDestination
1683815164738@vehicle@0x1cdf2caf87fe659e3d2fb0d2482049d74375eca6@PickUp@0x2702ee5633daab4d277f5660f1c29d3e5454f7b3000000000000000000000000
1683815164741@vehicle@0x1cdf2caf87fe659e3d2fb0d2482049d74375eca6@FinishedAStarToStartingPoint
1683815165232@vehicle@0x196424dd2bf7c978228ebd7a17b38b993d650696@PassengerPaid
1683815165233@vehicle@0x7776ed3449f97157630b06035e11bc7759e4f0db@PickUp@0x3007e2b9de5a7a57c84cd64609441bef2d29a9d0000000000000000000000000
1683815165236@vehicle@0x4c0ae67f9e2dcabbcaee58afa56c14e427272b6f@StoreRouteToDestinationSuccess
1683815165237@vehicle@0x00cbd2864b7c93822826f80a7c968a2ada1cbaa7@StoreRouteToDestinationSuccess
1683815165238@vehicle@0x12d0e4381ef94a70a49252e35b9a65fadd3872b9@StoreRouteToStartingPointThroughAStarSuccess
1683815165238@vehicle@0x2a52bc09f527f500c7fc62c63f681d24dad62a77@DestinationReady
1683815165239@vehicle@0x441d24425b99411edd0ecf95501cb0db988e2f13@StoreRouteToStartingPointThroughAStarSuccess
1683815165239@vehicle@0x1c230c5d5ae6b126d0d7fd8e8af3aa09905d2b4b@DestinationReady
1683815165240@vehicle@0x0c05c7ae6e3a58c23e5d27fc1d121ed1aec0f738@StoreRouteToDestinationSuccess
1683815165240@vehicle@0x7776ed3449f97157630b06035e11bc7759e4f0db@FinishedAStarToStartingPoint
1683815165241@vehicle@0x2a52bc09f527f500c7fc62c63f681d24dad62a77@FinishedAStarToDestination
1683815165242@vehicle@0x1c230c5d5ae6b126d0d7fd8e8af3aa09905d2b4b@FinishedAStarToDestination
1683815165243@vehicle@0x196424dd2bf7c978228ebd7a17b38b993d650696@CarReleased
1683815166166@vehicle@0x3d79e4b740913678fcab6e490f4c273f3e7d6a89@PickUp@0x2888bd343cbbc9cb5469c7a3c52d51dff4350d97000000000000000000000000
1683815166167@vehicle@0x1cdf2caf87fe659e3d2fb0d2482049d74375eca6@StoreRouteToStartingPointThroughAStarSuccess
1683815166167@vehicle@0x3d79e4b740913678fcab6e490f4c273f3e7d6a89@FinishedAStarToStartingPoint
1683815168601@vehicle@0x00cbd2864b7c93822826f80a7c968a2ada1cbaa7@PassengerPaid
1683815168603@vehicle@0x4c0ae67f9e2dcabbcaee58afa56c14e427272b6f@PassengerPaid
1683815168608@vehicle@0xcd924d3e8e043bb9579a4033ab08f8c1404840f0@PickUp@0xea9453d9095bf11acba9728c471703e9af4c31af000000000000000000000000
1683815168612@vehicle@0x0c05c7ae6e3a58c23e5d27fc1d121ed1aec0f738@PassengerPaid
1683815168614@vehicle@0x1c230c5d5ae6b126d0d7fd8e8af3aa09905d2b4b@StoreRouteToDestinationSuccess
1683815168614@vehicle@0x7776ed3449f97157630b06035e11bc7759e4f0db@StoreRouteToStartingPointThroughAStarSuccess
1683815168615@vehicle@0x2a52bc09f527f500c7fc62c63f681d24dad62a77@StoreRouteToDestinationSuccess
1683815168615@vehicle@0x12d0e4381ef94a70a49252e35b9a65fadd3872b9@DestinationReady
1683815168616@vehicle@0xcd924d3e8e043bb9579a4033ab08f8c1404840f0@FinishedAStarToStartingPoint
1683815168617@vehicle@0x441d24425b99411edd0ecf95501cb0db988e2f13@DestinationReady
1683815168618@vehicle@0x00cbd2864b7c93822826f80a7c968a2ada1cbaa7@CarReleased
1683815168619@vehicle@0x4c0ae67f9e2dcabbcaee58afa56c14e427272b6f@CarReleased
1683815168620@vehicle@0x12d0e4381ef94a70a49252e35b9a65fadd3872b9@FinishedAStarToDestination
1683815168620@vehicle@0x441d24425b99411edd0ecf95501cb0db988e2f13@FinishedAStarToDestination
1683815168620@vehicle@0x0c05c7ae6e3a58c23e5d27fc1d121ed1aec0f738@CarReleased
1683815168943@vehicle@0x456c4df0610c7611ae8bcaed32dd1d94e88ceca4@PickUp@0x6d1558ef76336d670fb6f2b04ae1f345eab94761000000000000000000000000
1683815168945@vehicle@0x0cac0bfe17bd73be78486a51a15db39b10cbafcf@PickUp@0xbd2f3e025a8f0b0d8bb9f64ef60980ebb27e8d5d000000000000000000000000
1683815168945@vehicle@0x3d79e4b740913678fcab6e490f4c273f3e7d6a89@StoreRouteToStartingPointThroughAStarSuccess
1683815168946@vehicle@0x1cdf2caf87fe659e3d2fb0d2482049d74375eca6@DestinationReady
1683815168946@vehicle@0x456c4df0610c7611ae8bcaed32dd1d94e88ceca4@FinishedAStarToStartingPoint
1683815168946@vehicle@0x0cac0bfe17bd73be78486a51a15db39b10cbafcf@FinishedAStarToStartingPoint
1683815168947@vehicle@0x1cdf2caf87fe659e3d2fb0d2482049d74375eca6@FinishedAStarToDestination
1683815169024@vehicle@0x6667d6c8b9d92f20a6a8ffaae8aace0147bee999@PickUp@0xa97253e4fe217e80b5f2e995bd54904f63726719000000000000000000000000
1683815169029@vehicle@0x2a52bc09f527f500c7fc62c63f681d24dad62a77@PassengerPaid
1683815169031@vehicle@0x441d24425b99411edd0ecf95501cb0db988e2f13@StoreRouteToDestinationSuccess
1683815169035@vehicle@0x1c230c5d5ae6b126d0d7fd8e8af3aa09905d2b4b@PassengerPaid
1683815169036@vehicle@0x6667d6c8b9d92f20a6a8ffaae8aace0147bee999@FinishedAStarToStartingPoint
1683815169037@vehicle@0xcd924d3e8e043bb9579a4033ab08f8c1404840f0@StoreRouteToStartingPointThroughAStarSuccess
1683815169037@vehicle@0x12d0e4381ef94a70a49252e35b9a65fadd3872b9@StoreRouteToDestinationSuccess
1683815169037@vehicle@0x7776ed3449f97157630b06035e11bc7759e4f0db@DestinationReady
1683815169037@vehicle@0x2a52bc09f527f500c7fc62c63f681d24dad62a77@CarReleased
1683815169038@vehicle@0x7776ed3449f97157630b06035e11bc7759e4f0db@FinishedAStarToDestination
1683815169039@vehicle@0x1c230c5d5ae6b126d0d7fd8e8af3aa09905d2b4b@CarReleased
1683815169480@vehicle@0x456c4df0610c7611ae8bcaed32dd1d94e88ceca4@StoreRouteToStartingPointThroughAStarSuccess
1683815169481@vehicle@0x1cdf2caf87fe659e3d2fb0d2482049d74375eca6@StoreRouteToDestinationSuccess
1683815169481@vehicle@0x0cac0bfe17bd73be78486a51a15db39b10cbafcf@StoreRouteToStartingPointThroughAStarSuccess
1683815169481@vehicle@0x3d79e4b740913678fcab6e490f4c273f3e7d6a89@DestinationReady
1683815169482@vehicle@0x3d79e4b740913678fcab6e490f4c273f3e7d6a89@FinishedAStarToDestination
1683815172023@vehicle@0x441d24425b99411edd0ecf95501cb0db988e2f13@PassengerPaid
1683815172027@vehicle@0x1cdf2caf87fe659e3d2fb0d2482049d74375eca6@PassengerPaid
1683815172030@vehicle@0x12d0e4381ef94a70a49252e35b9a65fadd3872b9@PassengerPaid
1683815172035@vehicle@0x7776ed3449f97157630b06035e11bc7759e4f0db@StoreRouteToDestinationSuccess
1683815172035@vehicle@0x6667d6c8b9d92f20a6a8ffaae8aace0147bee999@StoreRouteToStartingPointThroughAStarSuccess
1683815172035@vehicle@0x3d79e4b740913678fcab6e490f4c273f3e7d6a89@StoreRouteToDestinationSuccess
1683815172036@vehicle@0x456c4df0610c7611ae8bcaed32dd1d94e88ceca4@DestinationReady
1683815172036@vehicle@0x0cac0bfe17bd73be78486a51a15db39b10cbafcf@DestinationReady
1683815172037@vehicle@0xcd924d3e8e043bb9579a4033ab08f8c1404840f0@DestinationReady
1683815172038@vehicle@0x441d24425b99411edd0ecf95501cb0db988e2f13@CarReleased
1683815172038@vehicle@0x456c4df0610c7611ae8bcaed32dd1d94e88ceca4@FinishedAStarToDestination
1683815172039@vehicle@0x1cdf2caf87fe659e3d2fb0d2482049d74375eca6@CarReleased
1683815172040@vehicle@0x12d0e4381ef94a70a49252e35b9a65fadd3872b9@CarReleased
1683815172040@vehicle@0x0cac0bfe17bd73be78486a51a15db39b10cbafcf@FinishedAStarToDestination
1683815172040@vehicle@0xcd924d3e8e043bb9579a4033ab08f8c1404840f0@FinishedAStarToDestination
1683815173249@vehicle@0x7776ed3449f97157630b06035e11bc7759e4f0db@PassengerPaid
1683815173255@vehicle@0x3d79e4b740913678fcab6e490f4c273f3e7d6a89@PassengerPaid
1683815173256@vehicle@0x0d5f26272be5a3b462c3b7a978c7bf4b0d6aadb1@PickUp@0x3449a20e1b4700ffd4dd49f0fc14bcac44fee63c000000000000000000000000
1683815173257@vehicle@0x456c4df0610c7611ae8bcaed32dd1d94e88ceca4@StoreRouteToDestinationSuccess
1683815173258@vehicle@0x6667d6c8b9d92f20a6a8ffaae8aace0147bee999@DestinationReady
1683815173259@vehicle@0xcd924d3e8e043bb9579a4033ab08f8c1404840f0@StoreRouteToDestinationSuccess
1683815173259@vehicle@0x0cac0bfe17bd73be78486a51a15db39b10cbafcf@StoreRouteToDestinationSuccess
1683815173260@vehicle@0x0d5f26272be5a3b462c3b7a978c7bf4b0d6aadb1@FinishedAStarToStartingPoint
1683815173260@vehicle@0x7776ed3449f97157630b06035e11bc7759e4f0db@CarReleased
1683815173261@vehicle@0x6667d6c8b9d92f20a6a8ffaae8aace0147bee999@FinishedAStarToDestination
1683815173261@vehicle@0x3d79e4b740913678fcab6e490f4c273f3e7d6a89@CarReleased
1683815175927@vehicle@0x4c0ae67f9e2dcabbcaee58afa56c14e427272b6f@PickUp@0xb658cbd857f52f9705fbecf9b30cf827dd8c81a8000000000000000000000000
1683815175928@vehicle@0x0cac0bfe17bd73be78486a51a15db39b10cbafcf@PassengerPaid
1683815175929@vehicle@0xcd924d3e8e043bb9579a4033ab08f8c1404840f0@PassengerPaid
1683815175932@vehicle@0x0c05c7ae6e3a58c23e5d27fc1d121ed1aec0f738@PickUp@0x3c28dc70332560ed17d1002704780df9df497abb000000000000000000000000
1683815175937@vehicle@0x456c4df0610c7611ae8bcaed32dd1d94e88ceca4@PassengerPaid
1683815175944@vehicle@0x6667d6c8b9d92f20a6a8ffaae8aace0147bee999@StoreRouteToDestinationSuccess
1683815175944@vehicle@0x4c0ae67f9e2dcabbcaee58afa56c14e427272b6f@FinishedAStarToStartingPoint
1683815175944@vehicle@0x0c05c7ae6e3a58c23e5d27fc1d121ed1aec0f738@FinishedAStarToStartingPoint
1683815175945@vehicle@0x0d5f26272be5a3b462c3b7a978c7bf4b0d6aadb1@StoreRouteToStartingPointThroughAStarSuccess
1683815175945@vehicle@0xcd924d3e8e043bb9579a4033ab08f8c1404840f0@CarReleased
1683815175945@vehicle@0x0cac0bfe17bd73be78486a51a15db39b10cbafcf@CarReleased
1683815175946@vehicle@0x456c4df0610c7611ae8bcaed32dd1d94e88ceca4@CarReleased
1683815176284@vehicle@0x6667d6c8b9d92f20a6a8ffaae8aace0147bee999@PassengerPaid
1683815176286@vehicle@0x4c0ae67f9e2dcabbcaee58afa56c14e427272b6f@StoreRouteToStartingPointThroughAStarSuccess
1683815176287@vehicle@0x0c05c7ae6e3a58c23e5d27fc1d121ed1aec0f738@StoreRouteToStartingPointThroughAStarSuccess
1683815176287@vehicle@0x0d5f26272be5a3b462c3b7a978c7bf4b0d6aadb1@DestinationReady
1683815176288@vehicle@0x0d5f26272be5a3b462c3b7a978c7bf4b0d6aadb1@FinishedAStarToDestination
1683815176288@vehicle@0x6667d6c8b9d92f20a6a8ffaae8aace0147bee999@CarReleased
1683815178682@vehicle@0x0d5f26272be5a3b462c3b7a978c7bf4b0d6aadb1@StoreRouteToDestinationSuccess
1683815178682@vehicle@0x4c0ae67f9e2dcabbcaee58afa56c14e427272b6f@DestinationReady
1683815178682@vehicle@0x0c05c7ae6e3a58c23e5d27fc1d121ed1aec0f738@DestinationReady
1683815178683@vehicle@0x4c0ae67f9e2dcabbcaee58afa56c14e427272b6f@FinishedAStarToDestination
1683815178683@vehicle@0x0c05c7ae6e3a58c23e5d27fc1d121ed1aec0f738@FinishedAStarToDestination
1683815180492@vehicle@0x0d5f26272be5a3b462c3b7a978c7bf4b0d6aadb1@PassengerPaid
1683815180493@vehicle@0x00cbd2864b7c93822826f80a7c968a2ada1cbaa7@PickUp@0xed04389fb476cbfb0737477e9aa3a509404917cf000000000000000000000000
1683815180494@vehicle@0x2a52bc09f527f500c7fc62c63f681d24dad62a77@PickUp@0x9edfe6721d18361bf2b6d83b5cc22c0bf4db6314000000000000000000000000
1683815180495@vehicle@0x12d0e4381ef94a70a49252e35b9a65fadd3872b9@PickUp@0xe64e81bc77ee05caaa6b1476de75193607e84d87000000000000000000000000
1683815180497@vehicle@0x0c05c7ae6e3a58c23e5d27fc1d121ed1aec0f738@StoreRouteToDestinationSuccess
1683815180497@vehicle@0x4c0ae67f9e2dcabbcaee58afa56c14e427272b6f@StoreRouteToDestinationSuccess
1683815180497@vehicle@0x00cbd2864b7c93822826f80a7c968a2ada1cbaa7@FinishedAStarToStartingPoint
1683815180497@vehicle@0x2a52bc09f527f500c7fc62c63f681d24dad62a77@FinishedAStarToStartingPoint
1683815180498@vehicle@0x12d0e4381ef94a70a49252e35b9a65fadd3872b9@FinishedAStarToStartingPoint
1683815180498@vehicle@0x0d5f26272be5a3b462c3b7a978c7bf4b0d6aadb1@CarReleased
1683815182043@vehicle@0x0c05c7ae6e3a58c23e5d27fc1d121ed1aec0f738@PassengerPaid
1683815182046@vehicle@0x4c0ae67f9e2dcabbcaee58afa56c14e427272b6f@PassengerPaid
1683815182047@vehicle@0x12d0e4381ef94a70a49252e35b9a65fadd3872b9@StoreRouteToStartingPointThroughAStarSuccess
1683815182047@vehicle@0x2a52bc09f527f500c7fc62c63f681d24dad62a77@StoreRouteToStartingPointThroughAStarSuccess
1683815182048@vehicle@0x00cbd2864b7c93822826f80a7c968a2ada1cbaa7@StoreRouteToStartingPointThroughAStarSuccess
1683815182048@vehicle@0x0c05c7ae6e3a58c23e5d27fc1d121ed1aec0f738@CarReleased
1683815182049@vehicle@0x4c0ae67f9e2dcabbcaee58afa56c14e427272b6f@CarReleased
1683815184569@vehicle@0x1c230c5d5ae6b126d0d7fd8e8af3aa09905d2b4b@PickUp@0x792e5531f6d360524e4dd3f1d17725edcc9b1dc1000000000000000000000000
1683815184573@vehicle@0x2a52bc09f527f500c7fc62c63f681d24dad62a77@DestinationReady
1683815184574@vehicle@0x12d0e4381ef94a70a49252e35b9a65fadd3872b9@DestinationReady
1683815184574@vehicle@0x1c230c5d5ae6b126d0d7fd8e8af3aa09905d2b4b@FinishedAStarToStartingPoint
1683815184575@vehicle@0x00cbd2864b7c93822826f80a7c968a2ada1cbaa7@DestinationReady
1683815184575@vehicle@0x2a52bc09f527f500c7fc62c63f681d24dad62a77@FinishedAStarToDestination
1683815184576@vehicle@0x12d0e4381ef94a70a49252e35b9a65fadd3872b9@FinishedAStarToDestination
1683815184577@vehicle@0x00cbd2864b7c93822826f80a7c968a2ada1cbaa7@FinishedAStarToDestination
1683815186411@vehicle@0x2a52bc09f527f500c7fc62c63f681d24dad62a77@StoreRouteToDestinationSuccess
1683815186411@vehicle@0x12d0e4381ef94a70a49252e35b9a65fadd3872b9@StoreRouteToDestinationSuccess
1683815186411@vehicle@0x00cbd2864b7c93822826f80a7c968a2ada1cbaa7@StoreRouteToDestinationSuccess
1683815186411@vehicle@0x1c230c5d5ae6b126d0d7fd8e8af3aa09905d2b4b@StoreRouteToStartingPointThroughAStarSuccess
1683815188713@vehicle@0x2a52bc09f527f500c7fc62c63f681d24dad62a77@PassengerPaid
1683815188714@vehicle@0x1cdf2caf87fe659e3d2fb0d2482049d74375eca6@PickUp@0xb2e192f38247113c0a695a4da975771bfd32d68e000000000000000000000000
1683815188717@vehicle@0x00cbd2864b7c93822826f80a7c968a2ada1cbaa7@PassengerPaid
1683815188718@vehicle@0x12d0e4381ef94a70a49252e35b9a65fadd3872b9@PassengerPaid
1683815188719@vehicle@0x1cdf2caf87fe659e3d2fb0d2482049d74375eca6@FinishedAStarToStartingPoint
1683815188720@vehicle@0x1c230c5d5ae6b126d0d7fd8e8af3aa09905d2b4b@DestinationReady
1683815188720@vehicle@0x2a52bc09f527f500c7fc62c63f681d24dad62a77@CarReleased
1683815188721@vehicle@0x1c230c5d5ae6b126d0d7fd8e8af3aa09905d2b4b@FinishedAStarToDestination
1683815188721@vehicle@0x00cbd2864b7c93822826f80a7c968a2ada1cbaa7@CarReleased
1683815188722@vehicle@0x12d0e4381ef94a70a49252e35b9a65fadd3872b9@CarReleased
1683815191381@vehicle@0x1cdf2caf87fe659e3d2fb0d2482049d74375eca6@StoreRouteToStartingPointThroughAStarSuccess
1683815191382@vehicle@0x1c230c5d5ae6b126d0d7fd8e8af3aa09905d2b4b@StoreRouteToDestinationSuccess
1683815191382@vehicle@0x196424dd2bf7c978228ebd7a17b38b993d650696@PickUp@0x95d2b2a36e6a3d1e7ac8edbf99481c6009a19131000000000000000000000000
1683815191385@vehicle@0x196424dd2bf7c978228ebd7a17b38b993d650696@FinishedAStarToStartingPoint
1683815193221@vehicle@0x1c230c5d5ae6b126d0d7fd8e8af3aa09905d2b4b@PassengerPaid
1683815193224@vehicle@0x196424dd2bf7c978228ebd7a17b38b993d650696@StoreRouteToStartingPointThroughAStarSuccess
1683815193224@vehicle@0x1cdf2caf87fe659e3d2fb0d2482049d74375eca6@DestinationReady
1683815193225@vehicle@0x1cdf2caf87fe659e3d2fb0d2482049d74375eca6@FinishedAStarToDestination
1683815193225@vehicle@0x1c230c5d5ae6b126d0d7fd8e8af3aa09905d2b4b@CarReleased
1683815196734@vehicle@0x0c05c7ae6e3a58c23e5d27fc1d121ed1aec0f738@PickUp@0x2a772e261792d208c40d685b31673a85ad18eb90000000000000000000000000
1683815196741@vehicle@0x0cac0bfe17bd73be78486a51a15db39b10cbafcf@PickUp@0x03875bcc0db199992266825e2c1cf0f5bfc200d2000000000000000000000000
1683815196743@vehicle@0x196424dd2bf7c978228ebd7a17b38b993d650696@DestinationReady
1683815196743@vehicle@0x0c05c7ae6e3a58c23e5d27fc1d121ed1aec0f738@FinishedAStarToStartingPoint
1683815196744@vehicle@0x1cdf2caf87fe659e3d2fb0d2482049d74375eca6@StoreRouteToDestinationSuccess
1683815196744@vehicle@0x0cac0bfe17bd73be78486a51a15db39b10cbafcf@FinishedAStarToStartingPoint
1683815196745@vehicle@0x196424dd2bf7c978228ebd7a17b38b993d650696@FinishedAStarToDestination
1683815198821@vehicle@0x1cdf2caf87fe659e3d2fb0d2482049d74375eca6@PassengerPaid
1683815198822@vehicle@0x0d5f26272be5a3b462c3b7a978c7bf4b0d6aadb1@PickUp@0x5895ef03d8c36b9a53b4f961cd1345ed0bd79fa3000000000000000000000000
1683815198823@vehicle@0x196424dd2bf7c978228ebd7a17b38b993d650696@StoreRouteToDestinationSuccess
1683815198823@vehicle@0x0cac0bfe17bd73be78486a51a15db39b10cbafcf@StoreRouteToStartingPointThroughAStarSuccess
1683815198823@vehicle@0x0c05c7ae6e3a58c23e5d27fc1d121ed1aec0f738@StoreRouteToStartingPointThroughAStarSuccess
1683815198823@vehicle@0x0d5f26272be5a3b462c3b7a978c7bf4b0d6aadb1@FinishedAStarToStartingPoint
1683815198824@vehicle@0x1cdf2caf87fe659e3d2fb0d2482049d74375eca6@CarReleased
1683815199501@vehicle@0x2a52bc09f527f500c7fc62c63f681d24dad62a77@PickUp@0x08346710bfb71d0fea0b4a9a3d31107df5fe287a000000000000000000000000
1683815199504@vehicle@0x2a52bc09f527f500c7fc62c63f681d24dad62a77@FinishedAStarToStartingPoint
1683815200235@vehicle@0x196424dd2bf7c978228ebd7a17b38b993d650696@PassengerPaid
1683815200238@vehicle@0x0c05c7ae6e3a58c23e5d27fc1d121ed1aec0f738@DestinationReady
1683815200238@vehicle@0x0d5f26272be5a3b462c3b7a978c7bf4b0d6aadb1@StoreRouteToStartingPointThroughAStarSuccess
1683815200239@vehicle@0x0cac0bfe17bd73be78486a51a15db39b10cbafcf@DestinationReady
1683815200239@vehicle@0x0c05c7ae6e3a58c23e5d27fc1d121ed1aec0f738@FinishedAStarToDestination
1683815200240@vehicle@0x196424dd2bf7c978228ebd7a17b38b993d650696@CarReleased
1683815200240@vehicle@0x0cac0bfe17bd73be78486a51a15db39b10cbafcf@FinishedAStarToDestination
1683815200728@vehicle@0x2a52bc09f527f500c7fc62c63f681d24dad62a77@StoreRouteToStartingPointThroughAStarSuccess
1683815203865@vehicle@0x00cbd2864b7c93822826f80a7c968a2ada1cbaa7@PickUp@0x05d6ca3c365ab26983bfca03809309a8258e3f62000000000000000000000000
1683815203866@vehicle@0x0d5f26272be5a3b462c3b7a978c7bf4b0d6aadb1@DestinationReady
1683815203866@vehicle@0x2a52bc09f527f500c7fc62c63f681d24dad62a77@DestinationReady
1683815203866@vehicle@0x0cac0bfe17bd73be78486a51a15db39b10cbafcf@StoreRouteToDestinationSuccess
1683815203866@vehicle@0x00cbd2864b7c93822826f80a7c968a2ada1cbaa7@FinishedAStarToStartingPoint
1683815203867@vehicle@0x0c05c7ae6e3a58c23e5d27fc1d121ed1aec0f738@StoreRouteToDestinationSuccess
1683815203867@vehicle@0x0d5f26272be5a3b462c3b7a978c7bf4b0d6aadb1@FinishedAStarToDestination
1683815203867@vehicle@0x2a52bc09f527f500c7fc62c63f681d24dad62a77@FinishedAStarToDestination
1683815204977@vehicle@0x0c05c7ae6e3a58c23e5d27fc1d121ed1aec0f738@PassengerPaid
1683815204980@vehicle@0x0cac0bfe17bd73be78486a51a15db39b10cbafcf@PassengerPaid
1683815204983@vehicle@0x2a52bc09f527f500c7fc62c63f681d24dad62a77@StoreRouteToDestinationSuccess
1683815204983@vehicle@0x0d5f26272be5a3b462c3b7a978c7bf4b0d6aadb1@StoreRouteToDestinationSuccess
1683815204983@vehicle@0x00cbd2864b7c93822826f80a7c968a2ada1cbaa7@StoreRouteToStartingPointThroughAStarSuccess
1683815204984@vehicle@0x0c05c7ae6e3a58c23e5d27fc1d121ed1aec0f738@CarReleased
1683815204984@vehicle@0x0cac0bfe17bd73be78486a51a15db39b10cbafcf@CarReleased
1683815208082@vehicle@0x12d0e4381ef94a70a49252e35b9a65fadd3872b9@PickUp@0xd05c44f7b7f9d7c76a32f6cd5c612ac9c0f5bfc2000000000000000000000000
1683815208086@vehicle@0x2a52bc09f527f500c7fc62c63f681d24dad62a77@PassengerPaid
1683815208089@vehicle@0x0d5f26272be5a3b462c3b7a978c7bf4b0d6aadb1@PassengerPaid
1683815208091@vehicle@0x12d0e4381ef94a70a49252e35b9a65fadd3872b9@FinishedAStarToStartingPoint
1683815208092@vehicle@0x00cbd2864b7c93822826f80a7c968a2ada1cbaa7@DestinationReady
1683815208093@vehicle@0x00cbd2864b7c93822826f80a7c968a2ada1cbaa7@FinishedAStarToDestination
1683815208094@vehicle@0x0d5f26272be5a3b462c3b7a978c7bf4b0d6aadb1@CarReleased
1683815208094@vehicle@0x2a52bc09f527f500c7fc62c63f681d24dad62a77@CarReleased
1683815208527@vehicle@0x00cbd2864b7c93822826f80a7c968a2ada1cbaa7@StoreRouteToDestinationSuccess
1683815208528@vehicle@0x12d0e4381ef94a70a49252e35b9a65fadd3872b9@StoreRouteToStartingPointThroughAStarSuccess
1683815213164@vehicle@0x1c230c5d5ae6b126d0d7fd8e8af3aa09905d2b4b@PickUp@0xce2897c392e16c5762131a56686733e035a4aa30000000000000000000000000
1683815213165@vehicle@0x00cbd2864b7c93822826f80a7c968a2ada1cbaa7@PassengerPaid
1683815213167@vehicle@0x12d0e4381ef94a70a49252e35b9a65fadd3872b9@DestinationReady
1683815213167@vehicle@0x1c230c5d5ae6b126d0d7fd8e8af3aa09905d2b4b@FinishedAStarToStartingPoint
1683815213168@vehicle@0x12d0e4381ef94a70a49252e35b9a65fadd3872b9@FinishedAStarToDestination
1683815213168@vehicle@0x00cbd2864b7c93822826f80a7c968a2ada1cbaa7@CarReleased
1683815213827@vehicle@0x1c230c5d5ae6b126d0d7fd8e8af3aa09905d2b4b@StoreRouteToStartingPointThroughAStarSuccess
1683815213827@vehicle@0x12d0e4381ef94a70a49252e35b9a65fadd3872b9@StoreRouteToDestinationSuccess
1683815216124@vehicle@0x12d0e4381ef94a70a49252e35b9a65fadd3872b9@PassengerPaid
1683815216128@vehicle@0x1c230c5d5ae6b126d0d7fd8e8af3aa09905d2b4b@DestinationReady
1683815216129@vehicle@0x12d0e4381ef94a70a49252e35b9a65fadd3872b9@CarReleased
1683815216129@vehicle@0x1c230c5d5ae6b126d0d7fd8e8af3aa09905d2b4b@FinishedAStarToDestination
1683815220860@vehicle@0x0c05c7ae6e3a58c23e5d27fc1d121ed1aec0f738@PickUp@0x495b77d80ccb1d3d1476db06dd522292555b2e23000000000000000000000000
1683815220861@vehicle@0x0c05c7ae6e3a58c23e5d27fc1d121ed1aec0f738@FinishedAStarToStartingPoint
1683815220862@vehicle@0x1c230c5d5ae6b126d0d7fd8e8af3aa09905d2b4b@StoreRouteToDestinationSuccess
1683815222183@vehicle@0x1c230c5d5ae6b126d0d7fd8e8af3aa09905d2b4b@PassengerPaid
1683815222184@vehicle@0x2a52bc09f527f500c7fc62c63f681d24dad62a77@PickUp@0x28a3f726b61a49da7ae14fd456b80e44e4974d1d000000000000000000000000
1683815222185@vehicle@0x0c05c7ae6e3a58c23e5d27fc1d121ed1aec0f738@StoreRouteToStartingPointThroughAStarSuccess
1683815222185@vehicle@0x2a52bc09f527f500c7fc62c63f681d24dad62a77@FinishedAStarToStartingPoint
1683815222186@vehicle@0x1c230c5d5ae6b126d0d7fd8e8af3aa09905d2b4b@CarReleased
1683815223169@vehicle@0x2a52bc09f527f500c7fc62c63f681d24dad62a77@StoreRouteToStartingPointThroughAStarSuccess
1683815223169@vehicle@0x0c05c7ae6e3a58c23e5d27fc1d121ed1aec0f738@DestinationReady
1683815223169@vehicle@0x0c05c7ae6e3a58c23e5d27fc1d121ed1aec0f738@FinishedAStarToDestination
1683815223813@vehicle@0x0cac0bfe17bd73be78486a51a15db39b10cbafcf@PickUp@0xf0ce9fe96ac15405e4fd51a62cbdbdaef2d36372000000000000000000000000
1683815223813@vehicle@0x0cac0bfe17bd73be78486a51a15db39b10cbafcf@FinishedAStarToStartingPoint
1683815227040@vehicle@0x0c05c7ae6e3a58c23e5d27fc1d121ed1aec0f738@StoreRouteToDestinationSuccess
1683815227040@vehicle@0x0cac0bfe17bd73be78486a51a15db39b10cbafcf@StoreRouteToStartingPointThroughAStarSuccess
1683815227041@vehicle@0x2a52bc09f527f500c7fc62c63f681d24dad62a77@DestinationReady
1683815227042@vehicle@0x2a52bc09f527f500c7fc62c63f681d24dad62a77@FinishedAStarToDestination
1683815229615@vehicle@0x0c05c7ae6e3a58c23e5d27fc1d121ed1aec0f738@PassengerPaid
1683815229617@vehicle@0x2a52bc09f527f500c7fc62c63f681d24dad62a77@StoreRouteToDestinationSuccess
1683815229618@vehicle@0x0cac0bfe17bd73be78486a51a15db39b10cbafcf@DestinationReady
1683815229619@vehicle@0x0cac0bfe17bd73be78486a51a15db39b10cbafcf@FinishedAStarToDestination
1683815229620@vehicle@0x0c05c7ae6e3a58c23e5d27fc1d121ed1aec0f738@CarReleased
1683815231598@vehicle@0x2a52bc09f527f500c7fc62c63f681d24dad62a77@PassengerPaid
1683815231599@vehicle@0x00cbd2864b7c93822826f80a7c968a2ada1cbaa7@PickUp@0xd93f7bbe87e0986efca3dedc91880635a0f355d9000000000000000000000000
1683815231603@vehicle@0x0cac0bfe17bd73be78486a51a15db39b10cbafcf@StoreRouteToDestinationSuccess
1683815231604@vehicle@0x00cbd2864b7c93822826f80a7c968a2ada1cbaa7@FinishedAStarToStartingPoint
1683815231604@vehicle@0x2a52bc09f527f500c7fc62c63f681d24dad62a77@CarReleased
1683815232785@vehicle@0x0cac0bfe17bd73be78486a51a15db39b10cbafcf@PassengerPaid
1683815232786@vehicle@0x00cbd2864b7c93822826f80a7c968a2ada1cbaa7@StoreRouteToStartingPointThroughAStarSuccess
1683815232787@vehicle@0x0cac0bfe17bd73be78486a51a15db39b10cbafcf@CarReleased
1683815236983@vehicle@0x00cbd2864b7c93822826f80a7c968a2ada1cbaa7@DestinationReady
1683815236985@vehicle@0x00cbd2864b7c93822826f80a7c968a2ada1cbaa7@FinishedAStarToDestination
1683815238159@vehicle@0x00cbd2864b7c93822826f80a7c968a2ada1cbaa7@StoreRouteToDestinationSuccess
1683815239186@vehicle@0x12d0e4381ef94a70a49252e35b9a65fadd3872b9@PickUp@0x7a68b86008b0cfc3ae0e8068360271cbb999c97d000000000000000000000000
1683815239188@vehicle@0x12d0e4381ef94a70a49252e35b9a65fadd3872b9@FinishedAStarToStartingPoint
1683815239427@vehicle@0x00cbd2864b7c93822826f80a7c968a2ada1cbaa7@PassengerPaid
1683815239429@vehicle@0x00cbd2864b7c93822826f80a7c968a2ada1cbaa7@CarReleased
1683815239954@vehicle@0x12d0e4381ef94a70a49252e35b9a65fadd3872b9@StoreRouteToStartingPointThroughAStarSuccess
1683815242099@vehicle@0x12d0e4381ef94a70a49252e35b9a65fadd3872b9@DestinationReady
1683815242099@vehicle@0x12d0e4381ef94a70a49252e35b9a65fadd3872b9@FinishedAStarToDestination
1683815244082@vehicle@0x12d0e4381ef94a70a49252e35b9a65fadd3872b9@StoreRouteToDestinationSuccess
1683815245047@vehicle@0x12d0e4381ef94a70a49252e35b9a65fadd3872b9@PassengerPaid
1683815245050@vehicle@0x12d0e4381ef94a70a49252e35b9a65fadd3872b9@CarReleased
1683815247644@vehicle@0x0c05c7ae6e3a58c23e5d27fc1d121ed1aec0f738@PickUp@0xa330923b96f26c88a2681112bfe26d4d9186131a000000000000000000000000
1683815247646@vehicle@0x0c05c7ae6e3a58c23e5d27fc1d121ed1aec0f738@FinishedAStarToStartingPoint
1683815248914@vehicle@0x0c05c7ae6e3a58c23e5d27fc1d121ed1aec0f738@StoreRouteToStartingPointThroughAStarSuccess
1683815251833@vehicle@0x2a52bc09f527f500c7fc62c63f681d24dad62a77@PickUp@0x073ad6ab89e9097b5405da6d46e1b0db47ec632e000000000000000000000000
1683815251833@vehicle@0x0c05c7ae6e3a58c23e5d27fc1d121ed1aec0f738@DestinationReady
1683815251834@vehicle@0x2a52bc09f527f500c7fc62c63f681d24dad62a77@FinishedAStarToStartingPoint
1683815251834@vehicle@0x0c05c7ae6e3a58c23e5d27fc1d121ed1aec0f738@FinishedAStarToDestination
1683815253603@vehicle@0x0c05c7ae6e3a58c23e5d27fc1d121ed1aec0f738@StoreRouteToDestinationSuccess
1683815253604@vehicle@0x2a52bc09f527f500c7fc62c63f681d24dad62a77@StoreRouteToStartingPointThroughAStarSuccess
1683815255011@vehicle@0x0c05c7ae6e3a58c23e5d27fc1d121ed1aec0f738@PassengerPaid
1683815255013@vehicle@0x2a52bc09f527f500c7fc62c63f681d24dad62a77@DestinationReady
1683815255014@vehicle@0x2a52bc09f527f500c7fc62c63f681d24dad62a77@FinishedAStarToDestination
1683815255014@vehicle@0x0c05c7ae6e3a58c23e5d27fc1d121ed1aec0f738@CarReleased
1683815255328@vehicle@0x0cac0bfe17bd73be78486a51a15db39b10cbafcf@PickUp@0x1bdf42d9a37b5b5c5a3bc09cadfade23d075791a000000000000000000000000
1683815255329@vehicle@0x0cac0bfe17bd73be78486a51a15db39b10cbafcf@FinishedAStarToStartingPoint
1683815255351@vehicle@0x2a52bc09f527f500c7fc62c63f681d24dad62a77@StoreRouteToDestinationSuccess
1683815257432@vehicle@0x2a52bc09f527f500c7fc62c63f681d24dad62a77@PassengerPaid
1683815257435@vehicle@0x0cac0bfe17bd73be78486a51a15db39b10cbafcf@StoreRouteToStartingPointThroughAStarSuccess
1683815257436@vehicle@0x2a52bc09f527f500c7fc62c63f681d24dad62a77@CarReleased
1683815263807@vehicle@0x0cac0bfe17bd73be78486a51a15db39b10cbafcf@DestinationReady
1683815263808@vehicle@0x0cac0bfe17bd73be78486a51a15db39b10cbafcf@FinishedAStarToDestination
1683815266303@vehicle@0x0cac0bfe17bd73be78486a51a15db39b10cbafcf@StoreRouteToDestinationSuccess
1683815266954@vehicle@0x0cac0bfe17bd73be78486a51a15db39b10cbafcf@PassengerPaid
1683815266957@vehicle@0x0cac0bfe17bd73be78486a51a15db39b10cbafcf@CarReleased
1683815278340@vehicle@0x0c05c7ae6e3a58c23e5d27fc1d121ed1aec0f738@PickUp@0xa95e44270fc15576da490955d8e6698e2a95f610000000000000000000000000
1683815278342@vehicle@0x0c05c7ae6e3a58c23e5d27fc1d121ed1aec0f738@FinishedAStarToStartingPoint
1683815280863@vehicle@0x0c05c7ae6e3a58c23e5d27fc1d121ed1aec0f738@StoreRouteToStartingPointThroughAStarSuccess
1683815281322@vehicle@0x0c05c7ae6e3a58c23e5d27fc1d121ed1aec0f738@DestinationReady
1683815281322@vehicle@0x0c05c7ae6e3a58c23e5d27fc1d121ed1aec0f738@FinishedAStarToDestination
1683815283886@vehicle@0x0c05c7ae6e3a58c23e5d27fc1d121ed1aec0f738@StoreRouteToDestinationSuccess
1683815287449@vehicle@0x0c05c7ae6e3a58c23e5d27fc1d121ed1aec0f738@PassengerPaid
1683815287452@vehicle@0x0c05c7ae6e3a58c23e5d27fc1d121ed1aec0f738@CarReleased
1683815315959@vehicle@0x0c05c7ae6e3a58c23e5d27fc1d121ed1aec0f738@PickUp@0x814d66fc3f60ca8b257b21f1b89faeecd31475af000000000000000000000000
1683815315960@vehicle@0x0c05c7ae6e3a58c23e5d27fc1d121ed1aec0f738@FinishedAStarToStartingPoint
1683815318148@vehicle@0x0c05c7ae6e3a58c23e5d27fc1d121ed1aec0f738@StoreRouteToStartingPointThroughAStarSuccess
1683815318971@vehicle@0x0c05c7ae6e3a58c23e5d27fc1d121ed1aec0f738@DestinationReady
1683815318971@vehicle@0x0c05c7ae6e3a58c23e5d27fc1d121ed1aec0f738@FinishedAStarToDestination
1683815322871@vehicle@0x0c05c7ae6e3a58c23e5d27fc1d121ed1aec0f738@StoreRouteToDestinationSuccess
1683815324680@vehicle@0x0c05c7ae6e3a58c23e5d27fc1d121ed1aec0f738@PassengerPaid
1683815324683@vehicle@0x0c05c7ae6e3a58c23e5d27fc1d121ed1aec0f738@CarReleased
1683815354999@vehicle@0x0c05c7ae6e3a58c23e5d27fc1d121ed1aec0f738@PickUp@0x7b11919cd9db9a817c8f9d2e9477f410273a3ceb000000000000000000000000
1683815355000@vehicle@0x0c05c7ae6e3a58c23e5d27fc1d121ed1aec0f738@FinishedAStarToStartingPoint
1683815355521@vehicle@0x0c05c7ae6e3a58c23e5d27fc1d121ed1aec0f738@StoreRouteToStartingPointThroughAStarSuccess
1683815357559@vehicle@0x0c05c7ae6e3a58c23e5d27fc1d121ed1aec0f738@DestinationReady
1683815357560@vehicle@0x0c05c7ae6e3a58c23e5d27fc1d121ed1aec0f738@FinishedAStarToDestination
1683815360400@vehicle@0x0c05c7ae6e3a58c23e5d27fc1d121ed1aec0f738@StoreRouteToDestinationSuccess
1683815361811@vehicle@0x0c05c7ae6e3a58c23e5d27fc1d121ed1aec0f738@PassengerPaid
1683815361815@vehicle@0x0c05c7ae6e3a58c23e5d27fc1d121ed1aec0f738@CarReleased
