1683722843781@passenger@0xe64e81bc77ee05caaa6b1476de75193607e84d87@StartProcessing
1683722845555@passenger@0xe64e81bc77ee05caaa6b1476de75193607e84d87@StartingPointWrittenToContract
1683722846781@passenger@0x7a68b86008b0cfc3ae0e8068360271cbb999c97d@StartProcessing
1683722846965@passenger@0xe64e81bc77ee05caaa6b1476de75193607e84d87@DestinationWrittenToContract
1683722846967@passenger@0xe64e81bc77ee05caaa6b1476de75193607e84d87@FoundIdleCarsNearby
1683722846973@passenger@0x7a68b86008b0cfc3ae0e8068360271cbb999c97d@StartingPointWrittenToContract
1683722847023@passenger@0xe64e81bc77ee05caaa6b1476de75193607e84d87@FoundTheMostNearbyCar
1683722849783@passenger@0xd5f5ef5ff4c6323c62bdc5ab2061f440aefc511b@StartProcessing
1683722849907@passenger@0xe64e81bc77ee05caaa6b1476de75193607e84d87@TheMostNearbyCarIsSelected
1683722849908@passenger@0x7a68b86008b0cfc3ae0e8068360271cbb999c97d@DestinationWrittenToContract
1683722849909@passenger@0x7a68b86008b0cfc3ae0e8068360271cbb999c97d@FoundIdleCarsNearby
1683722849972@passenger@0x7a68b86008b0cfc3ae0e8068360271cbb999c97d@FoundTheMostNearbyCar
1683722850088@passenger@0xd5f5ef5ff4c6323c62bdc5ab2061f440aefc511b@StartingPointWrittenToContract
1683722850146@passenger@0x7a68b86008b0cfc3ae0e8068360271cbb999c97d@TheMostNearbyCarIsSelected
1683722850215@passenger@0xd5f5ef5ff4c6323c62bdc5ab2061f440aefc511b@DestinationWrittenToContract
1683722850215@passenger@0xd5f5ef5ff4c6323c62bdc5ab2061f440aefc511b@FoundIdleCarsNearby
1683722850272@passenger@0xd5f5ef5ff4c6323c62bdc5ab2061f440aefc511b@FoundTheMostNearbyCar
1683722852780@passenger@0xf4190533e1203597f7cbe83cd76a32192af04ebf@StartProcessing
1683722854568@passenger@0xf4190533e1203597f7cbe83cd76a32192af04ebf@StartingPointWrittenToContract
1683722854570@passenger@0xd5f5ef5ff4c6323c62bdc5ab2061f440aefc511b@TheMostNearbyCarIsSelected
1683722854572@passenger@0xe64e81bc77ee05caaa6b1476de75193607e84d87@PassengerOnBoard
1683722855781@passenger@0xfc932e94fed02d65e282e933c8e0cb75f6c4cfd8@StartProcessing
1683722856435@passenger@0xe64e81bc77ee05caaa6b1476de75193607e84d87@PassengerArriveAtDestination
1683722856436@passenger@0xf4190533e1203597f7cbe83cd76a32192af04ebf@DestinationWrittenToContract
1683722856437@passenger@0x7a68b86008b0cfc3ae0e8068360271cbb999c97d@PassengerOnBoard
1683722856437@passenger@0xf4190533e1203597f7cbe83cd76a32192af04ebf@FoundIdleCarsNearby
1683722856498@passenger@0xf4190533e1203597f7cbe83cd76a32192af04ebf@FoundTheMostNearbyCar
1683722857753@passenger@0xfc932e94fed02d65e282e933c8e0cb75f6c4cfd8@StartingPointWrittenToContract
1683722858781@passenger@0xfdd87ce574fea6b415f3a8f70f4fcc752555b920@StartProcessing
1683722861359@passenger@0x7a68b86008b0cfc3ae0e8068360271cbb999c97d@PassengerArriveAtDestination
1683722861359@passenger@0xfdd87ce574fea6b415f3a8f70f4fcc752555b920@StartingPointWrittenToContract
1683722861360@passenger@0xfc932e94fed02d65e282e933c8e0cb75f6c4cfd8@DestinationWrittenToContract
1683722861361@passenger@0xe64e81bc77ee05caaa6b1476de75193607e84d87@PassengerPaysAndGetsOff
1683722861361@passenger@0xd5f5ef5ff4c6323c62bdc5ab2061f440aefc511b@PassengerOnBoard
1683722861362@passenger@0xf4190533e1203597f7cbe83cd76a32192af04ebf@TheMostNearbyCarIsSelected
1683722861363@passenger@0xfc932e94fed02d65e282e933c8e0cb75f6c4cfd8@FoundIdleCarsNearby
1683722861423@passenger@0xfc932e94fed02d65e282e933c8e0cb75f6c4cfd8@FoundTheMostNearbyCar
1683722861780@passenger@0xd05c44f7b7f9d7c76a32f6cd5c612ac9c0f5bfc2@StartProcessing
1683722864072@passenger@0xd5f5ef5ff4c6323c62bdc5ab2061f440aefc511b@PassengerArriveAtDestination
1683722864073@passenger@0xfdd87ce574fea6b415f3a8f70f4fcc752555b920@DestinationWrittenToContract
1683722864074@passenger@0x7a68b86008b0cfc3ae0e8068360271cbb999c97d@PassengerPaysAndGetsOff
1683722864074@passenger@0xfc932e94fed02d65e282e933c8e0cb75f6c4cfd8@TheMostNearbyCarIsSelected
1683722864075@passenger@0xd05c44f7b7f9d7c76a32f6cd5c612ac9c0f5bfc2@StartingPointWrittenToContract
1683722864075@passenger@0xfdd87ce574fea6b415f3a8f70f4fcc752555b920@FoundIdleCarsNearby
1683722864135@passenger@0xfdd87ce574fea6b415f3a8f70f4fcc752555b920@FoundTheMostNearbyCar
1683722864556@passenger@0xfdd87ce574fea6b415f3a8f70f4fcc752555b920@TheMostNearbyCarIsSelected
1683722864557@passenger@0xd05c44f7b7f9d7c76a32f6cd5c612ac9c0f5bfc2@DestinationWrittenToContract
1683722864558@passenger@0xd5f5ef5ff4c6323c62bdc5ab2061f440aefc511b@PassengerPaysAndGetsOff
1683722864559@passenger@0xf4190533e1203597f7cbe83cd76a32192af04ebf@PassengerOnBoard
1683722864561@passenger@0xd05c44f7b7f9d7c76a32f6cd5c612ac9c0f5bfc2@FoundIdleCarsNearby
1683722864628@passenger@0xd05c44f7b7f9d7c76a32f6cd5c612ac9c0f5bfc2@FoundTheMostNearbyCar
1683722864781@passenger@0xbeacf6104014bfafccc307bb7e7b5ef850c1db0d@StartProcessing
1683722866847@passenger@0xf4190533e1203597f7cbe83cd76a32192af04ebf@PassengerArriveAtDestination
1683722866849@passenger@0xbeacf6104014bfafccc307bb7e7b5ef850c1db0d@StartingPointWrittenToContract
1683722866850@passenger@0xfc932e94fed02d65e282e933c8e0cb75f6c4cfd8@PassengerOnBoard
1683722866851@passenger@0xd05c44f7b7f9d7c76a32f6cd5c612ac9c0f5bfc2@TheMostNearbyCarIsSelected
1683722867780@passenger@0x3df2c7b1e2c3e8e5e40c6035f6a3a5bb8fdb6b87@StartProcessing
1683722868812@passenger@0xfc932e94fed02d65e282e933c8e0cb75f6c4cfd8@PassengerArriveAtDestination
1683722868815@passenger@0xbeacf6104014bfafccc307bb7e7b5ef850c1db0d@DestinationWrittenToContract
1683722868816@passenger@0xf4190533e1203597f7cbe83cd76a32192af04ebf@PassengerPaysAndGetsOff
1683722868817@passenger@0xfdd87ce574fea6b415f3a8f70f4fcc752555b920@PassengerOnBoard
1683722868818@passenger@0xbeacf6104014bfafccc307bb7e7b5ef850c1db0d@FoundIdleCarsNearby
1683722868882@passenger@0xbeacf6104014bfafccc307bb7e7b5ef850c1db0d@FoundTheMostNearbyCar
1683722869371@passenger@0x3df2c7b1e2c3e8e5e40c6035f6a3a5bb8fdb6b87@StartingPointWrittenToContract
1683722870781@passenger@0x46dfb062b17f2ef557a64283347653f11ba7c089@StartProcessing
1683722871009@passenger@0xfdd87ce574fea6b415f3a8f70f4fcc752555b920@PassengerArriveAtDestination
1683722871015@passenger@0xd05c44f7b7f9d7c76a32f6cd5c612ac9c0f5bfc2@PassengerOnBoard
1683722871016@passenger@0xfc932e94fed02d65e282e933c8e0cb75f6c4cfd8@PassengerPaysAndGetsOff
1683722871016@passenger@0xbeacf6104014bfafccc307bb7e7b5ef850c1db0d@TheMostNearbyCarIsSelected
1683722871646@passenger@0x46dfb062b17f2ef557a64283347653f11ba7c089@StartingPointWrittenToContract
1683722871647@passenger@0x3df2c7b1e2c3e8e5e40c6035f6a3a5bb8fdb6b87@DestinationWrittenToContract
1683722871648@passenger@0x3df2c7b1e2c3e8e5e40c6035f6a3a5bb8fdb6b87@FoundIdleCarsNearby
1683722871706@passenger@0x3df2c7b1e2c3e8e5e40c6035f6a3a5bb8fdb6b87@FoundTheMostNearbyCar
1683722871897@passenger@0xd05c44f7b7f9d7c76a32f6cd5c612ac9c0f5bfc2@PassengerArriveAtDestination
1683722871899@passenger@0xfdd87ce574fea6b415f3a8f70f4fcc752555b920@PassengerPaysAndGetsOff
1683722873782@passenger@0xd402c7301a68c4c65529ab0c597bb8b13e27f607@StartProcessing
1683722874025@passenger@0xd402c7301a68c4c65529ab0c597bb8b13e27f607@StartingPointWrittenToContract
1683722874025@passenger@0x46dfb062b17f2ef557a64283347653f11ba7c089@DestinationWrittenToContract
1683722874026@passenger@0xbeacf6104014bfafccc307bb7e7b5ef850c1db0d@PassengerOnBoard
1683722874027@passenger@0x3df2c7b1e2c3e8e5e40c6035f6a3a5bb8fdb6b87@TheMostNearbyCarIsSelected
1683722874028@passenger@0xd05c44f7b7f9d7c76a32f6cd5c612ac9c0f5bfc2@PassengerPaysAndGetsOff
1683722874029@passenger@0x46dfb062b17f2ef557a64283347653f11ba7c089@FoundIdleCarsNearby
1683722874094@passenger@0x46dfb062b17f2ef557a64283347653f11ba7c089@FoundTheMostNearbyCar
1683722875152@passenger@0xbeacf6104014bfafccc307bb7e7b5ef850c1db0d@PassengerArriveAtDestination
1683722875155@passenger@0x46dfb062b17f2ef557a64283347653f11ba7c089@TheMostNearbyCarIsSelected
1683722875156@passenger@0xd402c7301a68c4c65529ab0c597bb8b13e27f607@DestinationWrittenToContract
1683722875157@passenger@0xd402c7301a68c4c65529ab0c597bb8b13e27f607@FoundIdleCarsNearby
1683722875217@passenger@0xd402c7301a68c4c65529ab0c597bb8b13e27f607@FoundTheMostNearbyCar
1683722876781@passenger@0x42389309e69a2b32b98f04bc8255ad971797f757@StartProcessing
1683722879782@passenger@0xcae58827099cb4557f40dd308f5efc29e9065be8@StartProcessing
1683722880310@passenger@0xd402c7301a68c4c65529ab0c597bb8b13e27f607@TheMostNearbyCarIsSelected
1683722880311@passenger@0x42389309e69a2b32b98f04bc8255ad971797f757@StartingPointWrittenToContract
1683722880313@passenger@0xbeacf6104014bfafccc307bb7e7b5ef850c1db0d@PassengerPaysAndGetsOff
1683722880314@passenger@0x3df2c7b1e2c3e8e5e40c6035f6a3a5bb8fdb6b87@PassengerOnBoard
1683722880597@passenger@0xcae58827099cb4557f40dd308f5efc29e9065be8@StartingPointWrittenToContract
1683722882782@passenger@0x6d1558ef76336d670fb6f2b04ae1f345eab94761@StartProcessing
1683722884657@passenger@0x3df2c7b1e2c3e8e5e40c6035f6a3a5bb8fdb6b87@PassengerArriveAtDestination
1683722884662@passenger@0x46dfb062b17f2ef557a64283347653f11ba7c089@PassengerOnBoard
1683722884663@passenger@0x42389309e69a2b32b98f04bc8255ad971797f757@DestinationWrittenToContract
1683722884663@passenger@0x6d1558ef76336d670fb6f2b04ae1f345eab94761@StartingPointWrittenToContract
1683722884664@passenger@0xcae58827099cb4557f40dd308f5efc29e9065be8@DestinationWrittenToContract
1683722884665@passenger@0x42389309e69a2b32b98f04bc8255ad971797f757@FoundIdleCarsNearby
1683722884667@passenger@0xcae58827099cb4557f40dd308f5efc29e9065be8@FoundIdleCarsNearby
1683722884726@passenger@0x42389309e69a2b32b98f04bc8255ad971797f757@FoundTheMostNearbyCar
1683722884730@passenger@0xcae58827099cb4557f40dd308f5efc29e9065be8@FoundTheMostNearbyCar
1683722885780@passenger@0x95d2b2a36e6a3d1e7ac8edbf99481c6009a19131@StartProcessing
1683722886780@passenger@0x46dfb062b17f2ef557a64283347653f11ba7c089@PassengerArriveAtDestination
1683722886781@passenger@0x3df2c7b1e2c3e8e5e40c6035f6a3a5bb8fdb6b87@PassengerPaysAndGetsOff
1683722886784@passenger@0x6d1558ef76336d670fb6f2b04ae1f345eab94761@DestinationWrittenToContract
1683722886789@passenger@0xd402c7301a68c4c65529ab0c597bb8b13e27f607@PassengerOnBoard
1683722886791@passenger@0xcae58827099cb4557f40dd308f5efc29e9065be8@TheMostNearbyCarIsSelected
1683722886792@passenger@0x42389309e69a2b32b98f04bc8255ad971797f757@TheMostNearbyCarConflict
1683722886792@passenger@0x6d1558ef76336d670fb6f2b04ae1f345eab94761@FoundIdleCarsNearby
1683722886863@passenger@0x6d1558ef76336d670fb6f2b04ae1f345eab94761@FoundTheMostNearbyCar
1683722888691@passenger@0x95d2b2a36e6a3d1e7ac8edbf99481c6009a19131@StartingPointWrittenToContract
1683722888780@passenger@0xd35d112793fe59877302d4064c9ef5a89c0485ba@StartProcessing
1683722889703@passenger@0xd402c7301a68c4c65529ab0c597bb8b13e27f607@PassengerArriveAtDestination
1683722889706@passenger@0x6d1558ef76336d670fb6f2b04ae1f345eab94761@TheMostNearbyCarIsSelected
1683722889706@passenger@0x46dfb062b17f2ef557a64283347653f11ba7c089@PassengerPaysAndGetsOff
1683722891426@passenger@0xd35d112793fe59877302d4064c9ef5a89c0485ba@StartingPointWrittenToContract
1683722891428@passenger@0x95d2b2a36e6a3d1e7ac8edbf99481c6009a19131@DestinationWrittenToContract
1683722891432@passenger@0x95d2b2a36e6a3d1e7ac8edbf99481c6009a19131@FoundIdleCarsNearby
1683722891500@passenger@0x95d2b2a36e6a3d1e7ac8edbf99481c6009a19131@FoundTheMostNearbyCar
1683722891780@passenger@0xedb6f3a4a1ebc511f7fe9bd4f2cd4219ca0a3cf4@StartProcessing
1683722891848@passenger@0xd402c7301a68c4c65529ab0c597bb8b13e27f607@PassengerPaysAndGetsOff
1683722891848@passenger@0xcae58827099cb4557f40dd308f5efc29e9065be8@PassengerOnBoard
1683722892027@passenger@0xd35d112793fe59877302d4064c9ef5a89c0485ba@DestinationWrittenToContract
1683722892028@passenger@0x95d2b2a36e6a3d1e7ac8edbf99481c6009a19131@TheMostNearbyCarIsSelected
1683722892028@passenger@0xedb6f3a4a1ebc511f7fe9bd4f2cd4219ca0a3cf4@StartingPointWrittenToContract
1683722892029@passenger@0xd35d112793fe59877302d4064c9ef5a89c0485ba@FoundIdleCarsNearby
1683722892057@passenger@0xcae58827099cb4557f40dd308f5efc29e9065be8@PassengerArriveAtDestination
1683722892060@passenger@0x6d1558ef76336d670fb6f2b04ae1f345eab94761@PassengerOnBoard
1683722892095@passenger@0xd35d112793fe59877302d4064c9ef5a89c0485ba@FoundTheMostNearbyCar
1683722894783@passenger@0xbd2f3e025a8f0b0d8bb9f64ef60980ebb27e8d5d@StartProcessing
1683722897783@passenger@0xabd6b57b7d198796947bc03e4f5bd911813caada@StartProcessing
1683722898216@passenger@0x6d1558ef76336d670fb6f2b04ae1f345eab94761@PassengerArriveAtDestination
1683722898221@passenger@0xd35d112793fe59877302d4064c9ef5a89c0485ba@TheMostNearbyCarIsSelected
1683722898222@passenger@0xcae58827099cb4557f40dd308f5efc29e9065be8@PassengerPaysAndGetsOff
1683722898222@passenger@0xedb6f3a4a1ebc511f7fe9bd4f2cd4219ca0a3cf4@DestinationWrittenToContract
1683722898224@passenger@0xabd6b57b7d198796947bc03e4f5bd911813caada@StartingPointWrittenToContract
1683722898225@passenger@0xbd2f3e025a8f0b0d8bb9f64ef60980ebb27e8d5d@StartingPointWrittenToContract
1683722898226@passenger@0xedb6f3a4a1ebc511f7fe9bd4f2cd4219ca0a3cf4@FoundIdleCarsNearby
1683722898278@passenger@0xedb6f3a4a1ebc511f7fe9bd4f2cd4219ca0a3cf4@FoundTheMostNearbyCar
1683722900601@passenger@0x95d2b2a36e6a3d1e7ac8edbf99481c6009a19131@PassengerOnBoard
1683722900601@passenger@0x6d1558ef76336d670fb6f2b04ae1f345eab94761@PassengerPaysAndGetsOff
1683722900602@passenger@0xbd2f3e025a8f0b0d8bb9f64ef60980ebb27e8d5d@DestinationWrittenToContract
1683722900602@passenger@0xedb6f3a4a1ebc511f7fe9bd4f2cd4219ca0a3cf4@TheMostNearbyCarIsSelected
1683722900603@passenger@0xabd6b57b7d198796947bc03e4f5bd911813caada@DestinationWrittenToContract
1683722900603@passenger@0xbd2f3e025a8f0b0d8bb9f64ef60980ebb27e8d5d@FoundIdleCarsNearby
1683722900604@passenger@0xabd6b57b7d198796947bc03e4f5bd911813caada@FoundIdleCarsNearby
1683722900665@passenger@0xabd6b57b7d198796947bc03e4f5bd911813caada@FoundTheMostNearbyCar
1683722900672@passenger@0xbd2f3e025a8f0b0d8bb9f64ef60980ebb27e8d5d@FoundTheMostNearbyCar
1683722900780@passenger@0x62119c27e0081b14e6e0c596603d21eaa6d6452b@StartProcessing
1683722900854@passenger@0x42389309e69a2b32b98f04bc8255ad971797f757@FoundTheMostNearbyCar
1683722902345@passenger@0x95d2b2a36e6a3d1e7ac8edbf99481c6009a19131@PassengerArriveAtDestination
1683722902347@passenger@0xd35d112793fe59877302d4064c9ef5a89c0485ba@PassengerOnBoard
1683722902348@passenger@0xabd6b57b7d198796947bc03e4f5bd911813caada@TheMostNearbyCarIsSelected
1683722902348@passenger@0x62119c27e0081b14e6e0c596603d21eaa6d6452b@StartingPointWrittenToContract
1683722902349@passenger@0xbd2f3e025a8f0b0d8bb9f64ef60980ebb27e8d5d@TheMostNearbyCarConflict
1683722902847@passenger@0x42389309e69a2b32b98f04bc8255ad971797f757@TheMostNearbyCarIsSelected
1683722903404@passenger@0xd35d112793fe59877302d4064c9ef5a89c0485ba@PassengerArriveAtDestination
1683722903406@passenger@0xedb6f3a4a1ebc511f7fe9bd4f2cd4219ca0a3cf4@PassengerOnBoard
1683722903407@passenger@0x62119c27e0081b14e6e0c596603d21eaa6d6452b@DestinationWrittenToContract
1683722903407@passenger@0x95d2b2a36e6a3d1e7ac8edbf99481c6009a19131@PassengerPaysAndGetsOff
1683722903408@passenger@0x62119c27e0081b14e6e0c596603d21eaa6d6452b@FoundIdleCarsNearby
1683722903464@passenger@0x62119c27e0081b14e6e0c596603d21eaa6d6452b@FoundTheMostNearbyCar
1683722903780@passenger@0xc265c858c1186113b2d830e6f46f6d95142e9750@StartProcessing
1683722906476@passenger@0xedb6f3a4a1ebc511f7fe9bd4f2cd4219ca0a3cf4@PassengerArriveAtDestination
1683722906477@passenger@0x42389309e69a2b32b98f04bc8255ad971797f757@PassengerOnBoard
1683722906477@passenger@0xabd6b57b7d198796947bc03e4f5bd911813caada@PassengerOnBoard
1683722906477@passenger@0xc265c858c1186113b2d830e6f46f6d95142e9750@StartingPointWrittenToContract
1683722906478@passenger@0x62119c27e0081b14e6e0c596603d21eaa6d6452b@TheMostNearbyCarIsSelected
1683722906478@passenger@0xd35d112793fe59877302d4064c9ef5a89c0485ba@PassengerPaysAndGetsOff
1683722906780@passenger@0x03875bcc0db199992266825e2c1cf0f5bfc200d2@StartProcessing
1683722907412@passenger@0x42389309e69a2b32b98f04bc8255ad971797f757@PassengerArriveAtDestination
1683722907413@passenger@0xabd6b57b7d198796947bc03e4f5bd911813caada@PassengerArriveAtDestination
1683722907415@passenger@0xc265c858c1186113b2d830e6f46f6d95142e9750@DestinationWrittenToContract
1683722907416@passenger@0xedb6f3a4a1ebc511f7fe9bd4f2cd4219ca0a3cf4@PassengerPaysAndGetsOff
1683722907416@passenger@0xc265c858c1186113b2d830e6f46f6d95142e9750@FoundIdleCarsNearby
1683722907474@passenger@0xc265c858c1186113b2d830e6f46f6d95142e9750@FoundTheMostNearbyCar
1683722908033@passenger@0x03875bcc0db199992266825e2c1cf0f5bfc200d2@StartingPointWrittenToContract
1683722909781@passenger@0xf0ce9fe96ac15405e4fd51a62cbdbdaef2d36372@StartProcessing
1683722909981@passenger@0xc265c858c1186113b2d830e6f46f6d95142e9750@TheMostNearbyCarIsSelected
1683722909982@passenger@0x62119c27e0081b14e6e0c596603d21eaa6d6452b@PassengerOnBoard
1683722909982@passenger@0x42389309e69a2b32b98f04bc8255ad971797f757@PassengerPaysAndGetsOff
1683722909982@passenger@0xabd6b57b7d198796947bc03e4f5bd911813caada@PassengerPaysAndGetsOff
1683722910188@passenger@0x03875bcc0db199992266825e2c1cf0f5bfc200d2@DestinationWrittenToContract
1683722910189@passenger@0xf0ce9fe96ac15405e4fd51a62cbdbdaef2d36372@StartingPointWrittenToContract
1683722910189@passenger@0x03875bcc0db199992266825e2c1cf0f5bfc200d2@FoundIdleCarsNearby
1683722910239@passenger@0x03875bcc0db199992266825e2c1cf0f5bfc200d2@FoundTheMostNearbyCar
1683722910785@passenger@0x62119c27e0081b14e6e0c596603d21eaa6d6452b@PassengerArriveAtDestination
1683722912782@passenger@0x1bdf42d9a37b5b5c5a3bc09cadfade23d075791a@StartProcessing
1683722914857@passenger@0xf0ce9fe96ac15405e4fd51a62cbdbdaef2d36372@DestinationWrittenToContract
1683722914857@passenger@0x1bdf42d9a37b5b5c5a3bc09cadfade23d075791a@StartingPointWrittenToContract
1683722914859@passenger@0x62119c27e0081b14e6e0c596603d21eaa6d6452b@PassengerPaysAndGetsOff
1683722914860@passenger@0x03875bcc0db199992266825e2c1cf0f5bfc200d2@TheMostNearbyCarIsSelected
1683722914860@passenger@0xc265c858c1186113b2d830e6f46f6d95142e9750@PassengerOnBoard
1683722914860@passenger@0xf0ce9fe96ac15405e4fd51a62cbdbdaef2d36372@FoundIdleCarsNearby
1683722914919@passenger@0xf0ce9fe96ac15405e4fd51a62cbdbdaef2d36372@FoundTheMostNearbyCar
1683722915781@passenger@0x3449a20e1b4700ffd4dd49f0fc14bcac44fee63c@StartProcessing
1683722916402@passenger@0xbd2f3e025a8f0b0d8bb9f64ef60980ebb27e8d5d@FoundTheMostNearbyCar
1683722917695@passenger@0xc265c858c1186113b2d830e6f46f6d95142e9750@PassengerArriveAtDestination
1683722917702@passenger@0xbd2f3e025a8f0b0d8bb9f64ef60980ebb27e8d5d@TheMostNearbyCarIsSelected
1683722917702@passenger@0x1bdf42d9a37b5b5c5a3bc09cadfade23d075791a@DestinationWrittenToContract
1683722917703@passenger@0x3449a20e1b4700ffd4dd49f0fc14bcac44fee63c@StartingPointWrittenToContract
1683722917704@passenger@0xf0ce9fe96ac15405e4fd51a62cbdbdaef2d36372@TheMostNearbyCarConflict
1683722917704@passenger@0x1bdf42d9a37b5b5c5a3bc09cadfade23d075791a@FoundIdleCarsNearby
1683722917758@passenger@0x1bdf42d9a37b5b5c5a3bc09cadfade23d075791a@FoundTheMostNearbyCar
1683722918780@passenger@0xd2ed0cb17fd847c8aa8bc8e9ed3870481ede088b@StartProcessing
1683722919002@passenger@0x03875bcc0db199992266825e2c1cf0f5bfc200d2@PassengerOnBoard
1683722919002@passenger@0x1bdf42d9a37b5b5c5a3bc09cadfade23d075791a@TheMostNearbyCarIsSelected
1683722919003@passenger@0xc265c858c1186113b2d830e6f46f6d95142e9750@PassengerPaysAndGetsOff
1683722919003@passenger@0x3449a20e1b4700ffd4dd49f0fc14bcac44fee63c@DestinationWrittenToContract
1683722919004@passenger@0x3449a20e1b4700ffd4dd49f0fc14bcac44fee63c@FoundIdleCarsNearby
1683722919060@passenger@0x3449a20e1b4700ffd4dd49f0fc14bcac44fee63c@FoundTheMostNearbyCar
1683722921783@passenger@0x5227daf8db7c57d268979df21ba9ee9c93d26712@StartProcessing
1683722922455@passenger@0x03875bcc0db199992266825e2c1cf0f5bfc200d2@PassengerArriveAtDestination
1683722922463@passenger@0x3449a20e1b4700ffd4dd49f0fc14bcac44fee63c@TheMostNearbyCarIsSelected
1683722922464@passenger@0xd2ed0cb17fd847c8aa8bc8e9ed3870481ede088b@StartingPointWrittenToContract
1683722922464@passenger@0x5227daf8db7c57d268979df21ba9ee9c93d26712@StartingPointWrittenToContract
1683722922465@passenger@0xbd2f3e025a8f0b0d8bb9f64ef60980ebb27e8d5d@PassengerOnBoard
1683722923497@passenger@0xbd2f3e025a8f0b0d8bb9f64ef60980ebb27e8d5d@PassengerArriveAtDestination
1683722923501@passenger@0x1bdf42d9a37b5b5c5a3bc09cadfade23d075791a@PassengerOnBoard
1683722923501@passenger@0xd2ed0cb17fd847c8aa8bc8e9ed3870481ede088b@DestinationWrittenToContract
1683722923502@passenger@0x5227daf8db7c57d268979df21ba9ee9c93d26712@DestinationWrittenToContract
1683722923504@passenger@0x03875bcc0db199992266825e2c1cf0f5bfc200d2@PassengerPaysAndGetsOff
1683722923506@passenger@0xd2ed0cb17fd847c8aa8bc8e9ed3870481ede088b@FoundIdleCarsNearby
1683722923507@passenger@0x5227daf8db7c57d268979df21ba9ee9c93d26712@FoundIdleCarsNearby
1683722923562@passenger@0xd2ed0cb17fd847c8aa8bc8e9ed3870481ede088b@FoundTheMostNearbyCar
1683722923563@passenger@0x5227daf8db7c57d268979df21ba9ee9c93d26712@FoundTheMostNearbyCar
1683722924781@passenger@0xb658cbd857f52f9705fbecf9b30cf827dd8c81a8@StartProcessing
1683722926613@passenger@0x1bdf42d9a37b5b5c5a3bc09cadfade23d075791a@PassengerArriveAtDestination
1683722926615@passenger@0xd2ed0cb17fd847c8aa8bc8e9ed3870481ede088b@TheMostNearbyCarIsSelected
1683722926616@passenger@0xbd2f3e025a8f0b0d8bb9f64ef60980ebb27e8d5d@PassengerPaysAndGetsOff
1683722926616@passenger@0xb658cbd857f52f9705fbecf9b30cf827dd8c81a8@StartingPointWrittenToContract
1683722926618@passenger@0x3449a20e1b4700ffd4dd49f0fc14bcac44fee63c@PassengerOnBoard
1683722926618@passenger@0x5227daf8db7c57d268979df21ba9ee9c93d26712@TheMostNearbyCarConflict
1683722927781@passenger@0x5895ef03d8c36b9a53b4f961cd1345ed0bd79fa3@StartProcessing
1683722928985@passenger@0x3449a20e1b4700ffd4dd49f0fc14bcac44fee63c@PassengerArriveAtDestination
1683722928989@passenger@0xb658cbd857f52f9705fbecf9b30cf827dd8c81a8@DestinationWrittenToContract
1683722928989@passenger@0x5895ef03d8c36b9a53b4f961cd1345ed0bd79fa3@StartingPointWrittenToContract
1683722928990@passenger@0x1bdf42d9a37b5b5c5a3bc09cadfade23d075791a@PassengerPaysAndGetsOff
1683722928990@passenger@0xb658cbd857f52f9705fbecf9b30cf827dd8c81a8@FoundIdleCarsNearby
1683722929045@passenger@0xb658cbd857f52f9705fbecf9b30cf827dd8c81a8@FoundTheMostNearbyCar
1683722930782@passenger@0x4093777e3bf0a104ef5576011a965c58a206b69b@StartProcessing
1683722931758@passenger@0xf0ce9fe96ac15405e4fd51a62cbdbdaef2d36372@FoundTheMostNearbyCar
1683722933782@passenger@0x7906b337632876b8050f55ee5b57228f02972fa3@StartProcessing
1683722936106@passenger@0xd2ed0cb17fd847c8aa8bc8e9ed3870481ede088b@PassengerOnBoard
1683722936106@passenger@0xf0ce9fe96ac15405e4fd51a62cbdbdaef2d36372@TheMostNearbyCarConflict
1683722936107@passenger@0x4093777e3bf0a104ef5576011a965c58a206b69b@StartingPointWrittenToContract
1683722936108@passenger@0x3449a20e1b4700ffd4dd49f0fc14bcac44fee63c@PassengerPaysAndGetsOff
1683722936108@passenger@0x7906b337632876b8050f55ee5b57228f02972fa3@StartingPointWrittenToContract
1683722936109@passenger@0xb658cbd857f52f9705fbecf9b30cf827dd8c81a8@TheMostNearbyCarIsSelected
1683722936109@passenger@0x5895ef03d8c36b9a53b4f961cd1345ed0bd79fa3@DestinationWrittenToContract
1683722936111@passenger@0x5895ef03d8c36b9a53b4f961cd1345ed0bd79fa3@FoundIdleCarsNearby
1683722936170@passenger@0x5895ef03d8c36b9a53b4f961cd1345ed0bd79fa3@FoundTheMostNearbyCar
1683722936780@passenger@0x3b49b8eb1d9d3c28242b97c135379e0e32468fb9@StartProcessing
1683722937669@passenger@0x4093777e3bf0a104ef5576011a965c58a206b69b@DestinationWrittenToContract
1683722937669@passenger@0x7906b337632876b8050f55ee5b57228f02972fa3@DestinationWrittenToContract
1683722937670@passenger@0x5895ef03d8c36b9a53b4f961cd1345ed0bd79fa3@TheMostNearbyCarIsSelected
1683722937671@passenger@0x4093777e3bf0a104ef5576011a965c58a206b69b@FoundIdleCarsNearby
1683722937672@passenger@0x7906b337632876b8050f55ee5b57228f02972fa3@FoundIdleCarsNearby
1683722937678@passenger@0xd2ed0cb17fd847c8aa8bc8e9ed3870481ede088b@PassengerArriveAtDestination
1683722937730@passenger@0x4093777e3bf0a104ef5576011a965c58a206b69b@FoundTheMostNearbyCar
1683722937731@passenger@0x7906b337632876b8050f55ee5b57228f02972fa3@FoundTheMostNearbyCar
1683722938413@passenger@0x3b49b8eb1d9d3c28242b97c135379e0e32468fb9@StartingPointWrittenToContract
1683722938713@passenger@0xb658cbd857f52f9705fbecf9b30cf827dd8c81a8@PassengerOnBoard
1683722938714@passenger@0x4093777e3bf0a104ef5576011a965c58a206b69b@TheMostNearbyCarIsSelected
1683722938714@passenger@0x7906b337632876b8050f55ee5b57228f02972fa3@TheMostNearbyCarConflict
1683722938714@passenger@0xd2ed0cb17fd847c8aa8bc8e9ed3870481ede088b@PassengerPaysAndGetsOff
1683722939781@passenger@0x075c06e40ff4067d3f9d765719555f06532bb170@StartProcessing
1683722940671@passenger@0x5227daf8db7c57d268979df21ba9ee9c93d26712@FoundTheMostNearbyCar
1683722941114@passenger@0x5227daf8db7c57d268979df21ba9ee9c93d26712@TheMostNearbyCarIsSelected
1683722941115@passenger@0x075c06e40ff4067d3f9d765719555f06532bb170@StartingPointWrittenToContract
1683722941115@passenger@0x5895ef03d8c36b9a53b4f961cd1345ed0bd79fa3@PassengerOnBoard
1683722941115@passenger@0x3b49b8eb1d9d3c28242b97c135379e0e32468fb9@DestinationWrittenToContract
1683722941116@passenger@0xb658cbd857f52f9705fbecf9b30cf827dd8c81a8@PassengerArriveAtDestination
1683722941118@passenger@0x3b49b8eb1d9d3c28242b97c135379e0e32468fb9@FoundIdleCarsNearby
1683722941176@passenger@0x3b49b8eb1d9d3c28242b97c135379e0e32468fb9@FoundTheMostNearbyCar
1683722942254@passenger@0x5895ef03d8c36b9a53b4f961cd1345ed0bd79fa3@PassengerArriveAtDestination
1683722942257@passenger@0x3b49b8eb1d9d3c28242b97c135379e0e32468fb9@TheMostNearbyCarIsSelected
1683722942258@passenger@0x075c06e40ff4067d3f9d765719555f06532bb170@DestinationWrittenToContract
1683722942260@passenger@0x4093777e3bf0a104ef5576011a965c58a206b69b@PassengerOnBoard
1683722942260@passenger@0xb658cbd857f52f9705fbecf9b30cf827dd8c81a8@PassengerPaysAndGetsOff
1683722942261@passenger@0x075c06e40ff4067d3f9d765719555f06532bb170@FoundIdleCarsNearby
1683722942353@passenger@0x075c06e40ff4067d3f9d765719555f06532bb170@FoundTheMostNearbyCar
1683722942780@passenger@0xbb9fdf370e08bb5dee6f39ea440de18f01cdb1c8@StartProcessing
1683722944309@passenger@0x4093777e3bf0a104ef5576011a965c58a206b69b@PassengerArriveAtDestination
1683722944311@passenger@0xbb9fdf370e08bb5dee6f39ea440de18f01cdb1c8@StartingPointWrittenToContract
1683722944313@passenger@0x075c06e40ff4067d3f9d765719555f06532bb170@TheMostNearbyCarIsSelected
1683722944313@passenger@0x5895ef03d8c36b9a53b4f961cd1345ed0bd79fa3@PassengerPaysAndGetsOff
1683722944314@passenger@0x5227daf8db7c57d268979df21ba9ee9c93d26712@PassengerOnBoard
1683722945782@passenger@0xed04389fb476cbfb0737477e9aa3a509404917cf@StartProcessing
1683722946123@passenger@0x5227daf8db7c57d268979df21ba9ee9c93d26712@PassengerArriveAtDestination
1683722946128@passenger@0x3b49b8eb1d9d3c28242b97c135379e0e32468fb9@PassengerOnBoard
1683722946128@passenger@0xbb9fdf370e08bb5dee6f39ea440de18f01cdb1c8@DestinationWrittenToContract
1683722946128@passenger@0x4093777e3bf0a104ef5576011a965c58a206b69b@PassengerPaysAndGetsOff
1683722946128@passenger@0xed04389fb476cbfb0737477e9aa3a509404917cf@StartingPointWrittenToContract
1683722946129@passenger@0xbb9fdf370e08bb5dee6f39ea440de18f01cdb1c8@FoundIdleCarsNearby
1683722946205@passenger@0xbb9fdf370e08bb5dee6f39ea440de18f01cdb1c8@FoundTheMostNearbyCar
1683722948783@passenger@0x54dd0a733e1c1ae9ea5ddab64c5f3922daec1ddf@StartProcessing
1683722951134@passenger@0x3b49b8eb1d9d3c28242b97c135379e0e32468fb9@PassengerArriveAtDestination
1683722951135@passenger@0x075c06e40ff4067d3f9d765719555f06532bb170@PassengerOnBoard
1683722951135@passenger@0x5227daf8db7c57d268979df21ba9ee9c93d26712@PassengerPaysAndGetsOff
1683722951135@passenger@0xed04389fb476cbfb0737477e9aa3a509404917cf@DestinationWrittenToContract
1683722951136@passenger@0x54dd0a733e1c1ae9ea5ddab64c5f3922daec1ddf@StartingPointWrittenToContract
1683722951136@passenger@0xbb9fdf370e08bb5dee6f39ea440de18f01cdb1c8@TheMostNearbyCarIsSelected
1683722951137@passenger@0xed04389fb476cbfb0737477e9aa3a509404917cf@FoundIdleCarsNearby
1683722951202@passenger@0xed04389fb476cbfb0737477e9aa3a509404917cf@FoundTheMostNearbyCar
1683722951781@passenger@0xd93f7bbe87e0986efca3dedc91880635a0f355d9@StartProcessing
1683722952614@passenger@0x075c06e40ff4067d3f9d765719555f06532bb170@PassengerArriveAtDestination
1683722952617@passenger@0xed04389fb476cbfb0737477e9aa3a509404917cf@TheMostNearbyCarIsSelected
1683722952617@passenger@0x3b49b8eb1d9d3c28242b97c135379e0e32468fb9@PassengerPaysAndGetsOff
1683722952618@passenger@0x54dd0a733e1c1ae9ea5ddab64c5f3922daec1ddf@DestinationWrittenToContract
1683722952618@passenger@0x54dd0a733e1c1ae9ea5ddab64c5f3922daec1ddf@FoundIdleCarsNearby
1683722952684@passenger@0x54dd0a733e1c1ae9ea5ddab64c5f3922daec1ddf@FoundTheMostNearbyCar
1683722952762@passenger@0x7906b337632876b8050f55ee5b57228f02972fa3@FoundTheMostNearbyCar
1683722952831@passenger@0xd93f7bbe87e0986efca3dedc91880635a0f355d9@StartingPointWrittenToContract
1683722954158@passenger@0xf0ce9fe96ac15405e4fd51a62cbdbdaef2d36372@FoundTheMostNearbyCar
1683722954781@passenger@0x781b6d4d069a201ca8dc1542684edffd1b79c025@StartProcessing
1683722956370@passenger@0x075c06e40ff4067d3f9d765719555f06532bb170@PassengerPaysAndGetsOff
1683722956371@passenger@0x54dd0a733e1c1ae9ea5ddab64c5f3922daec1ddf@TheMostNearbyCarIsSelected
1683722956372@passenger@0xbb9fdf370e08bb5dee6f39ea440de18f01cdb1c8@PassengerOnBoard
1683722956372@passenger@0xd93f7bbe87e0986efca3dedc91880635a0f355d9@DestinationWrittenToContract
1683722956373@passenger@0xf0ce9fe96ac15405e4fd51a62cbdbdaef2d36372@TheMostNearbyCarIsSelected
1683722956374@passenger@0x781b6d4d069a201ca8dc1542684edffd1b79c025@StartingPointWrittenToContract
1683722956375@passenger@0x7906b337632876b8050f55ee5b57228f02972fa3@TheMostNearbyCarConflict
1683722956376@passenger@0xd93f7bbe87e0986efca3dedc91880635a0f355d9@FoundIdleCarsNearby
1683722956446@passenger@0xd93f7bbe87e0986efca3dedc91880635a0f355d9@FoundTheMostNearbyCar
1683722956625@passenger@0xbb9fdf370e08bb5dee6f39ea440de18f01cdb1c8@PassengerArriveAtDestination
1683722956628@passenger@0x781b6d4d069a201ca8dc1542684edffd1b79c025@DestinationWrittenToContract
1683722956628@passenger@0xed04389fb476cbfb0737477e9aa3a509404917cf@PassengerOnBoard
1683722956629@passenger@0xd93f7bbe87e0986efca3dedc91880635a0f355d9@TheMostNearbyCarIsSelected
1683722956630@passenger@0x781b6d4d069a201ca8dc1542684edffd1b79c025@FoundIdleCarsNearby
1683722956683@passenger@0x781b6d4d069a201ca8dc1542684edffd1b79c025@FoundTheMostNearbyCar
1683722957781@passenger@0x05d6ca3c365ab26983bfca03809309a8258e3f62@StartProcessing
1683722960556@passenger@0xed04389fb476cbfb0737477e9aa3a509404917cf@PassengerArriveAtDestination
1683722960559@passenger@0x781b6d4d069a201ca8dc1542684edffd1b79c025@TheMostNearbyCarIsSelected
1683722960560@passenger@0x54dd0a733e1c1ae9ea5ddab64c5f3922daec1ddf@PassengerOnBoard
1683722960560@passenger@0xf0ce9fe96ac15405e4fd51a62cbdbdaef2d36372@PassengerOnBoard
1683722960560@passenger@0x05d6ca3c365ab26983bfca03809309a8258e3f62@StartingPointWrittenToContract
1683722960560@passenger@0xbb9fdf370e08bb5dee6f39ea440de18f01cdb1c8@PassengerPaysAndGetsOff
1683722960780@passenger@0x792e5531f6d360524e4dd3f1d17725edcc9b1dc1@StartProcessing
1683722963332@passenger@0xf0ce9fe96ac15405e4fd51a62cbdbdaef2d36372@PassengerArriveAtDestination
1683722963333@passenger@0x05d6ca3c365ab26983bfca03809309a8258e3f62@DestinationWrittenToContract
1683722963334@passenger@0x792e5531f6d360524e4dd3f1d17725edcc9b1dc1@StartingPointWrittenToContract
1683722963334@passenger@0xd93f7bbe87e0986efca3dedc91880635a0f355d9@PassengerOnBoard
1683722963335@passenger@0xed04389fb476cbfb0737477e9aa3a509404917cf@PassengerPaysAndGetsOff
1683722963336@passenger@0x05d6ca3c365ab26983bfca03809309a8258e3f62@FoundIdleCarsNearby
1683722963346@passenger@0x54dd0a733e1c1ae9ea5ddab64c5f3922daec1ddf@PassengerArriveAtDestination
1683722963400@passenger@0x05d6ca3c365ab26983bfca03809309a8258e3f62@FoundTheMostNearbyCar
1683722963620@passenger@0xd93f7bbe87e0986efca3dedc91880635a0f355d9@PassengerArriveAtDestination
1683722963622@passenger@0x05d6ca3c365ab26983bfca03809309a8258e3f62@TheMostNearbyCarIsSelected
1683722963623@passenger@0xf0ce9fe96ac15405e4fd51a62cbdbdaef2d36372@PassengerPaysAndGetsOff
1683722963623@passenger@0x781b6d4d069a201ca8dc1542684edffd1b79c025@PassengerOnBoard
1683722963623@passenger@0x54dd0a733e1c1ae9ea5ddab64c5f3922daec1ddf@PassengerPaysAndGetsOff
1683722963623@passenger@0x792e5531f6d360524e4dd3f1d17725edcc9b1dc1@DestinationWrittenToContract
1683722963624@passenger@0x792e5531f6d360524e4dd3f1d17725edcc9b1dc1@FoundIdleCarsNearby
1683722963691@passenger@0x792e5531f6d360524e4dd3f1d17725edcc9b1dc1@FoundTheMostNearbyCar
1683722963780@passenger@0x086ba65affc894f226e87f8d16f20a35d4f60b4d@StartProcessing
1683722965689@passenger@0x781b6d4d069a201ca8dc1542684edffd1b79c025@PassengerArriveAtDestination
1683722965694@passenger@0x086ba65affc894f226e87f8d16f20a35d4f60b4d@StartingPointWrittenToContract
1683722965695@passenger@0xd93f7bbe87e0986efca3dedc91880635a0f355d9@PassengerPaysAndGetsOff
1683722965695@passenger@0x792e5531f6d360524e4dd3f1d17725edcc9b1dc1@TheMostNearbyCarIsSelected
1683722966781@passenger@0x2702ee5633daab4d277f5660f1c29d3e5454f7b3@StartProcessing
1683722967534@passenger@0x05d6ca3c365ab26983bfca03809309a8258e3f62@PassengerOnBoard
1683722967534@passenger@0x086ba65affc894f226e87f8d16f20a35d4f60b4d@DestinationWrittenToContract
1683722967534@passenger@0x781b6d4d069a201ca8dc1542684edffd1b79c025@PassengerPaysAndGetsOff
1683722967535@passenger@0x2702ee5633daab4d277f5660f1c29d3e5454f7b3@StartingPointWrittenToContract
1683722967535@passenger@0x086ba65affc894f226e87f8d16f20a35d4f60b4d@FoundIdleCarsNearby
1683722967603@passenger@0x086ba65affc894f226e87f8d16f20a35d4f60b4d@FoundTheMostNearbyCar
1683722969780@passenger@0x2888bd343cbbc9cb5469c7a3c52d51dff4350d97@StartProcessing
1683722970068@passenger@0x05d6ca3c365ab26983bfca03809309a8258e3f62@PassengerArriveAtDestination
1683722970072@passenger@0x792e5531f6d360524e4dd3f1d17725edcc9b1dc1@PassengerOnBoard
1683722970072@passenger@0x086ba65affc894f226e87f8d16f20a35d4f60b4d@TheMostNearbyCarIsSelected
1683722970073@passenger@0x2702ee5633daab4d277f5660f1c29d3e5454f7b3@DestinationWrittenToContract
1683722970074@passenger@0x2702ee5633daab4d277f5660f1c29d3e5454f7b3@FoundIdleCarsNearby
1683722970130@passenger@0x2702ee5633daab4d277f5660f1c29d3e5454f7b3@FoundTheMostNearbyCar
1683722972070@passenger@0x2888bd343cbbc9cb5469c7a3c52d51dff4350d97@StartingPointWrittenToContract
1683722972690@passenger@0x792e5531f6d360524e4dd3f1d17725edcc9b1dc1@PassengerArriveAtDestination
1683722972697@passenger@0x05d6ca3c365ab26983bfca03809309a8258e3f62@PassengerPaysAndGetsOff
1683722972697@passenger@0x2702ee5633daab4d277f5660f1c29d3e5454f7b3@TheMostNearbyCarIsSelected
1683722972780@passenger@0x7a594ef9f871e4ef17c8d659aa58b3b09e090cf3@StartProcessing
1683722974425@passenger@0x7906b337632876b8050f55ee5b57228f02972fa3@FoundTheMostNearbyCar
1683722974683@passenger@0x2888bd343cbbc9cb5469c7a3c52d51dff4350d97@DestinationWrittenToContract
1683722974685@passenger@0x2888bd343cbbc9cb5469c7a3c52d51dff4350d97@FoundIdleCarsNearby
1683722974745@passenger@0x2888bd343cbbc9cb5469c7a3c52d51dff4350d97@FoundTheMostNearbyCar
1683722975421@passenger@0x086ba65affc894f226e87f8d16f20a35d4f60b4d@PassengerOnBoard
1683722975421@passenger@0x792e5531f6d360524e4dd3f1d17725edcc9b1dc1@PassengerPaysAndGetsOff
1683722975422@passenger@0x7906b337632876b8050f55ee5b57228f02972fa3@TheMostNearbyCarIsSelected
1683722975423@passenger@0x7a594ef9f871e4ef17c8d659aa58b3b09e090cf3@StartingPointWrittenToContract
1683722975780@passenger@0xb2e192f38247113c0a695a4da975771bfd32d68e@StartProcessing
1683722976013@passenger@0x2888bd343cbbc9cb5469c7a3c52d51dff4350d97@TheMostNearbyCarIsSelected
1683722976893@passenger@0x086ba65affc894f226e87f8d16f20a35d4f60b4d@PassengerArriveAtDestination
1683722976899@passenger@0x7a594ef9f871e4ef17c8d659aa58b3b09e090cf3@DestinationWrittenToContract
1683722976900@passenger@0x2702ee5633daab4d277f5660f1c29d3e5454f7b3@PassengerOnBoard
1683722976900@passenger@0xb2e192f38247113c0a695a4da975771bfd32d68e@StartingPointWrittenToContract
1683722976901@passenger@0x7a594ef9f871e4ef17c8d659aa58b3b09e090cf3@FoundIdleCarsNearby
1683722976962@passenger@0x7a594ef9f871e4ef17c8d659aa58b3b09e090cf3@FoundTheMostNearbyCar
1683722978781@passenger@0xe3cfc7fd117fa5762bfb5390acbdf48557a18ac2@StartProcessing
1683722979125@passenger@0x2702ee5633daab4d277f5660f1c29d3e5454f7b3@PassengerArriveAtDestination
1683722979127@passenger@0x086ba65affc894f226e87f8d16f20a35d4f60b4d@PassengerPaysAndGetsOff
1683722979127@passenger@0x7a594ef9f871e4ef17c8d659aa58b3b09e090cf3@TheMostNearbyCarIsSelected
1683722979128@passenger@0x7906b337632876b8050f55ee5b57228f02972fa3@PassengerOnBoard
1683722979128@passenger@0xb2e192f38247113c0a695a4da975771bfd32d68e@DestinationWrittenToContract
1683722979129@passenger@0xb2e192f38247113c0a695a4da975771bfd32d68e@FoundIdleCarsNearby
1683722979189@passenger@0xb2e192f38247113c0a695a4da975771bfd32d68e@FoundTheMostNearbyCar
1683722979281@passenger@0xe3cfc7fd117fa5762bfb5390acbdf48557a18ac2@StartingPointWrittenToContract
1683722979282@passenger@0x2888bd343cbbc9cb5469c7a3c52d51dff4350d97@PassengerOnBoard
1683722979562@passenger@0x7906b337632876b8050f55ee5b57228f02972fa3@PassengerArriveAtDestination
1683722979565@passenger@0xb2e192f38247113c0a695a4da975771bfd32d68e@TheMostNearbyCarIsSelected
1683722979566@passenger@0x2702ee5633daab4d277f5660f1c29d3e5454f7b3@PassengerPaysAndGetsOff
1683722981783@passenger@0xa97253e4fe217e80b5f2e995bd54904f63726719@StartProcessing
1683722982130@passenger@0x2888bd343cbbc9cb5469c7a3c52d51dff4350d97@PassengerArriveAtDestination
1683722982131@passenger@0x7a594ef9f871e4ef17c8d659aa58b3b09e090cf3@PassengerOnBoard
1683722982132@passenger@0xe3cfc7fd117fa5762bfb5390acbdf48557a18ac2@DestinationWrittenToContract
1683722982132@passenger@0x7906b337632876b8050f55ee5b57228f02972fa3@PassengerPaysAndGetsOff
1683722982133@passenger@0xe3cfc7fd117fa5762bfb5390acbdf48557a18ac2@FoundIdleCarsNearby
1683722982191@passenger@0xe3cfc7fd117fa5762bfb5390acbdf48557a18ac2@FoundTheMostNearbyCar
1683722982357@passenger@0xa97253e4fe217e80b5f2e995bd54904f63726719@StartingPointWrittenToContract
1683722982566@passenger@0x7a594ef9f871e4ef17c8d659aa58b3b09e090cf3@PassengerArriveAtDestination
1683722982569@passenger@0xe3cfc7fd117fa5762bfb5390acbdf48557a18ac2@TheMostNearbyCarIsSelected
1683722982569@passenger@0x2888bd343cbbc9cb5469c7a3c52d51dff4350d97@PassengerPaysAndGetsOff
1683722982569@passenger@0xb2e192f38247113c0a695a4da975771bfd32d68e@PassengerOnBoard
1683722984782@passenger@0xce2897c392e16c5762131a56686733e035a4aa30@StartProcessing
1683722987181@passenger@0xb2e192f38247113c0a695a4da975771bfd32d68e@PassengerArriveAtDestination
1683722987185@passenger@0x7a594ef9f871e4ef17c8d659aa58b3b09e090cf3@PassengerPaysAndGetsOff
1683722987185@passenger@0xce2897c392e16c5762131a56686733e035a4aa30@StartingPointWrittenToContract
1683722987186@passenger@0xa97253e4fe217e80b5f2e995bd54904f63726719@DestinationWrittenToContract
1683722987186@passenger@0xa97253e4fe217e80b5f2e995bd54904f63726719@FoundIdleCarsNearby
1683722987251@passenger@0xa97253e4fe217e80b5f2e995bd54904f63726719@FoundTheMostNearbyCar
1683722987780@passenger@0x7b11919cd9db9a817c8f9d2e9477f410273a3ceb@StartProcessing
1683722988578@passenger@0xe3cfc7fd117fa5762bfb5390acbdf48557a18ac2@PassengerOnBoard
1683722988579@passenger@0xa97253e4fe217e80b5f2e995bd54904f63726719@TheMostNearbyCarIsSelected
1683722988580@passenger@0x7b11919cd9db9a817c8f9d2e9477f410273a3ceb@StartingPointWrittenToContract
1683722988582@passenger@0xb2e192f38247113c0a695a4da975771bfd32d68e@PassengerPaysAndGetsOff
1683722988582@passenger@0xce2897c392e16c5762131a56686733e035a4aa30@DestinationWrittenToContract
1683722988584@passenger@0xce2897c392e16c5762131a56686733e035a4aa30@FoundIdleCarsNearby
1683722988662@passenger@0xce2897c392e16c5762131a56686733e035a4aa30@FoundTheMostNearbyCar
1683722989133@passenger@0xe3cfc7fd117fa5762bfb5390acbdf48557a18ac2@PassengerArriveAtDestination
1683722989137@passenger@0x7b11919cd9db9a817c8f9d2e9477f410273a3ceb@DestinationWrittenToContract
1683722989138@passenger@0xce2897c392e16c5762131a56686733e035a4aa30@TheMostNearbyCarIsSelected
1683722989138@passenger@0x7b11919cd9db9a817c8f9d2e9477f410273a3ceb@FoundIdleCarsNearby
1683722989193@passenger@0x7b11919cd9db9a817c8f9d2e9477f410273a3ceb@FoundTheMostNearbyCar
1683722990782@passenger@0x3c28dc70332560ed17d1002704780df9df497abb@StartProcessing
1683722991326@passenger@0xe3cfc7fd117fa5762bfb5390acbdf48557a18ac2@PassengerPaysAndGetsOff
1683722991326@passenger@0x3c28dc70332560ed17d1002704780df9df497abb@StartingPointWrittenToContract
1683722991327@passenger@0xa97253e4fe217e80b5f2e995bd54904f63726719@PassengerOnBoard
1683722991327@passenger@0x7b11919cd9db9a817c8f9d2e9477f410273a3ceb@TheMostNearbyCarIsSelected
1683722993781@passenger@0xeef75753e18f97f0ee8a61119d84cdba23d22a7f@StartProcessing
1683722994265@passenger@0xa97253e4fe217e80b5f2e995bd54904f63726719@PassengerArriveAtDestination
1683722994271@passenger@0x3c28dc70332560ed17d1002704780df9df497abb@DestinationWrittenToContract
1683722994272@passenger@0xce2897c392e16c5762131a56686733e035a4aa30@PassengerOnBoard
1683722994272@passenger@0x3c28dc70332560ed17d1002704780df9df497abb@FoundIdleCarsNearby
1683722994296@passenger@0xeef75753e18f97f0ee8a61119d84cdba23d22a7f@StartingPointWrittenToContract
1683722994331@passenger@0x3c28dc70332560ed17d1002704780df9df497abb@FoundTheMostNearbyCar
1683722995075@passenger@0xce2897c392e16c5762131a56686733e035a4aa30@PassengerArriveAtDestination
1683722995078@passenger@0xa97253e4fe217e80b5f2e995bd54904f63726719@PassengerPaysAndGetsOff
1683722995078@passenger@0x7b11919cd9db9a817c8f9d2e9477f410273a3ceb@PassengerOnBoard
1683722996782@passenger@0x2a772e261792d208c40d685b31673a85ad18eb90@StartProcessing
1683722997546@passenger@0xeef75753e18f97f0ee8a61119d84cdba23d22a7f@DestinationWrittenToContract
1683722997547@passenger@0x3c28dc70332560ed17d1002704780df9df497abb@TheMostNearbyCarIsSelected
1683722997548@passenger@0xeef75753e18f97f0ee8a61119d84cdba23d22a7f@FoundIdleCarsNearby
1683722997608@passenger@0xeef75753e18f97f0ee8a61119d84cdba23d22a7f@FoundTheMostNearbyCar
1683722998006@passenger@0x7b11919cd9db9a817c8f9d2e9477f410273a3ceb@PassengerArriveAtDestination
1683722998013@passenger@0xce2897c392e16c5762131a56686733e035a4aa30@PassengerPaysAndGetsOff
1683722998014@passenger@0x2a772e261792d208c40d685b31673a85ad18eb90@StartingPointWrittenToContract
1683722998952@passenger@0xeef75753e18f97f0ee8a61119d84cdba23d22a7f@TheMostNearbyCarIsSelected
1683722999781@passenger@0x495b77d80ccb1d3d1476db06dd522292555b2e23@StartProcessing
1683723001101@passenger@0x2a772e261792d208c40d685b31673a85ad18eb90@DestinationWrittenToContract
1683723001109@passenger@0x7b11919cd9db9a817c8f9d2e9477f410273a3ceb@PassengerPaysAndGetsOff
1683723001110@passenger@0x2a772e261792d208c40d685b31673a85ad18eb90@FoundIdleCarsNearby
1683723001173@passenger@0x2a772e261792d208c40d685b31673a85ad18eb90@FoundTheMostNearbyCar
1683723001518@passenger@0x495b77d80ccb1d3d1476db06dd522292555b2e23@StartingPointWrittenToContract
1683723001519@passenger@0x3c28dc70332560ed17d1002704780df9df497abb@PassengerOnBoard
1683723001559@passenger@0x2a772e261792d208c40d685b31673a85ad18eb90@TheMostNearbyCarIsSelected
1683723002781@passenger@0xa95e44270fc15576da490955d8e6698e2a95f610@StartProcessing
1683723004269@passenger@0x3c28dc70332560ed17d1002704780df9df497abb@PassengerArriveAtDestination
1683723004273@passenger@0x495b77d80ccb1d3d1476db06dd522292555b2e23@DestinationWrittenToContract
1683723004274@passenger@0xeef75753e18f97f0ee8a61119d84cdba23d22a7f@PassengerOnBoard
1683723004274@passenger@0xa95e44270fc15576da490955d8e6698e2a95f610@StartingPointWrittenToContract
1683723004275@passenger@0x495b77d80ccb1d3d1476db06dd522292555b2e23@FoundIdleCarsNearby
1683723004329@passenger@0x495b77d80ccb1d3d1476db06dd522292555b2e23@FoundTheMostNearbyCar
1683723005782@passenger@0xa330923b96f26c88a2681112bfe26d4d9186131a@StartProcessing
1683723008373@passenger@0xeef75753e18f97f0ee8a61119d84cdba23d22a7f@PassengerArriveAtDestination
1683723008377@passenger@0xa330923b96f26c88a2681112bfe26d4d9186131a@StartingPointWrittenToContract
1683723008378@passenger@0x2a772e261792d208c40d685b31673a85ad18eb90@PassengerOnBoard
1683723008378@passenger@0xa95e44270fc15576da490955d8e6698e2a95f610@DestinationWrittenToContract
1683723008379@passenger@0x495b77d80ccb1d3d1476db06dd522292555b2e23@TheMostNearbyCarIsSelected
1683723008379@passenger@0x3c28dc70332560ed17d1002704780df9df497abb@PassengerPaysAndGetsOff
1683723008380@passenger@0xa95e44270fc15576da490955d8e6698e2a95f610@FoundIdleCarsNearby
1683723008464@passenger@0xa95e44270fc15576da490955d8e6698e2a95f610@FoundTheMostNearbyCar
1683723008780@passenger@0x814d66fc3f60ca8b257b21f1b89faeecd31475af@StartProcessing
1683723010888@passenger@0x2a772e261792d208c40d685b31673a85ad18eb90@PassengerArriveAtDestination
1683723010889@passenger@0x814d66fc3f60ca8b257b21f1b89faeecd31475af@StartingPointWrittenToContract
1683723010890@passenger@0xa330923b96f26c88a2681112bfe26d4d9186131a@DestinationWrittenToContract
1683723010892@passenger@0xeef75753e18f97f0ee8a61119d84cdba23d22a7f@PassengerPaysAndGetsOff
1683723010892@passenger@0xa95e44270fc15576da490955d8e6698e2a95f610@TheMostNearbyCarIsSelected
1683723010893@passenger@0xa330923b96f26c88a2681112bfe26d4d9186131a@FoundIdleCarsNearby
1683723010950@passenger@0xa330923b96f26c88a2681112bfe26d4d9186131a@FoundTheMostNearbyCar
1683723011781@passenger@0x17164c34807aa124363d80a604efd4560d8cea0e@StartProcessing
1683723014108@passenger@0x814d66fc3f60ca8b257b21f1b89faeecd31475af@DestinationWrittenToContract
1683723014109@passenger@0x2a772e261792d208c40d685b31673a85ad18eb90@PassengerPaysAndGetsOff
1683723014109@passenger@0x495b77d80ccb1d3d1476db06dd522292555b2e23@PassengerOnBoard
1683723014110@passenger@0x17164c34807aa124363d80a604efd4560d8cea0e@StartingPointWrittenToContract
1683723014111@passenger@0xa330923b96f26c88a2681112bfe26d4d9186131a@TheMostNearbyCarIsSelected
1683723014112@passenger@0x814d66fc3f60ca8b257b21f1b89faeecd31475af@FoundIdleCarsNearby
1683723014208@passenger@0x814d66fc3f60ca8b257b21f1b89faeecd31475af@FoundTheMostNearbyCar
1683723014781@passenger@0x9edfe6721d18361bf2b6d83b5cc22c0bf4db6314@StartProcessing
1683723016781@passenger@0x495b77d80ccb1d3d1476db06dd522292555b2e23@PassengerArriveAtDestination
1683723016787@passenger@0x814d66fc3f60ca8b257b21f1b89faeecd31475af@TheMostNearbyCarIsSelected
1683723016789@passenger@0x17164c34807aa124363d80a604efd4560d8cea0e@DestinationWrittenToContract
1683723016790@passenger@0xa95e44270fc15576da490955d8e6698e2a95f610@PassengerOnBoard
1683723016792@passenger@0x17164c34807aa124363d80a604efd4560d8cea0e@FoundIdleCarsNearby
1683723016857@passenger@0x17164c34807aa124363d80a604efd4560d8cea0e@FoundTheMostNearbyCar
1683723017781@passenger@0x08346710bfb71d0fea0b4a9a3d31107df5fe287a@StartProcessing
1683723018127@passenger@0x9edfe6721d18361bf2b6d83b5cc22c0bf4db6314@StartingPointWrittenToContract
1683723020783@passenger@0x28a3f726b61a49da7ae14fd456b80e44e4974d1d@StartProcessing
1683723021825@passenger@0xa95e44270fc15576da490955d8e6698e2a95f610@PassengerArriveAtDestination
1683723021832@passenger@0x28a3f726b61a49da7ae14fd456b80e44e4974d1d@StartingPointWrittenToContract
1683723021833@passenger@0xa330923b96f26c88a2681112bfe26d4d9186131a@PassengerOnBoard
1683723021834@passenger@0x495b77d80ccb1d3d1476db06dd522292555b2e23@PassengerPaysAndGetsOff
1683723021834@passenger@0x17164c34807aa124363d80a604efd4560d8cea0e@TheMostNearbyCarIsSelected
1683723021835@passenger@0x9edfe6721d18361bf2b6d83b5cc22c0bf4db6314@DestinationWrittenToContract
1683723021836@passenger@0x08346710bfb71d0fea0b4a9a3d31107df5fe287a@StartingPointWrittenToContract
1683723021838@passenger@0x9edfe6721d18361bf2b6d83b5cc22c0bf4db6314@FoundIdleCarsNearby
1683723021896@passenger@0x9edfe6721d18361bf2b6d83b5cc22c0bf4db6314@FoundTheMostNearbyCar
1683723023781@passenger@0xb08c2456169491982bb3ab852eae8ee3300b9261@StartProcessing
1683723024712@passenger@0xa330923b96f26c88a2681112bfe26d4d9186131a@PassengerArriveAtDestination
1683723024717@passenger@0x08346710bfb71d0fea0b4a9a3d31107df5fe287a@DestinationWrittenToContract
1683723024718@passenger@0x9edfe6721d18361bf2b6d83b5cc22c0bf4db6314@TheMostNearbyCarIsSelected
1683723024720@passenger@0x28a3f726b61a49da7ae14fd456b80e44e4974d1d@DestinationWrittenToContract
1683723024721@passenger@0xa95e44270fc15576da490955d8e6698e2a95f610@PassengerPaysAndGetsOff
1683723024721@passenger@0x814d66fc3f60ca8b257b21f1b89faeecd31475af@PassengerOnBoard
1683723024723@passenger@0x08346710bfb71d0fea0b4a9a3d31107df5fe287a@FoundIdleCarsNearby
1683723024724@passenger@0x28a3f726b61a49da7ae14fd456b80e44e4974d1d@FoundIdleCarsNearby
1683723024784@passenger@0x08346710bfb71d0fea0b4a9a3d31107df5fe287a@FoundTheMostNearbyCar
1683723024785@passenger@0x28a3f726b61a49da7ae14fd456b80e44e4974d1d@FoundTheMostNearbyCar
1683723026326@passenger@0xb08c2456169491982bb3ab852eae8ee3300b9261@StartingPointWrittenToContract
1683723026442@passenger@0x814d66fc3f60ca8b257b21f1b89faeecd31475af@PassengerArriveAtDestination
1683723026443@passenger@0x17164c34807aa124363d80a604efd4560d8cea0e@PassengerOnBoard
1683723026444@passenger@0x28a3f726b61a49da7ae14fd456b80e44e4974d1d@TheMostNearbyCarIsSelected
1683723026450@passenger@0xa330923b96f26c88a2681112bfe26d4d9186131a@PassengerPaysAndGetsOff
1683723026451@passenger@0x08346710bfb71d0fea0b4a9a3d31107df5fe287a@TheMostNearbyCarConflict
1683723026628@passenger@0xb08c2456169491982bb3ab852eae8ee3300b9261@DestinationWrittenToContract
1683723026628@passenger@0xb08c2456169491982bb3ab852eae8ee3300b9261@FoundIdleCarsNearby
1683723026687@passenger@0xb08c2456169491982bb3ab852eae8ee3300b9261@FoundTheMostNearbyCar
1683723026780@passenger@0x073ad6ab89e9097b5405da6d46e1b0db47ec632e@StartProcessing
1683723029783@passenger@0x3007e2b9de5a7a57c84cd64609441bef2d29a9d0@StartProcessing
1683723030189@passenger@0x17164c34807aa124363d80a604efd4560d8cea0e@PassengerArriveAtDestination
1683723030191@passenger@0x814d66fc3f60ca8b257b21f1b89faeecd31475af@PassengerPaysAndGetsOff
1683723030192@passenger@0x9edfe6721d18361bf2b6d83b5cc22c0bf4db6314@PassengerOnBoard
1683723030192@passenger@0xb08c2456169491982bb3ab852eae8ee3300b9261@TheMostNearbyCarIsSelected
1683723030193@passenger@0x073ad6ab89e9097b5405da6d46e1b0db47ec632e@StartingPointWrittenToContract
1683723031351@passenger@0x3007e2b9de5a7a57c84cd64609441bef2d29a9d0@StartingPointWrittenToContract
1683723031708@passenger@0x17164c34807aa124363d80a604efd4560d8cea0e@PassengerPaysAndGetsOff
1683723031708@passenger@0x073ad6ab89e9097b5405da6d46e1b0db47ec632e@DestinationWrittenToContract
1683723031709@passenger@0x28a3f726b61a49da7ae14fd456b80e44e4974d1d@PassengerOnBoard
1683723031713@passenger@0x9edfe6721d18361bf2b6d83b5cc22c0bf4db6314@PassengerArriveAtDestination
1683723031715@passenger@0x073ad6ab89e9097b5405da6d46e1b0db47ec632e@FoundIdleCarsNearby
1683723031716@passenger@0x3007e2b9de5a7a57c84cd64609441bef2d29a9d0@DestinationWrittenToContract
1683723031716@passenger@0x3007e2b9de5a7a57c84cd64609441bef2d29a9d0@FoundIdleCarsNearby
1683723031777@passenger@0x073ad6ab89e9097b5405da6d46e1b0db47ec632e@FoundTheMostNearbyCar
1683723031779@passenger@0x3007e2b9de5a7a57c84cd64609441bef2d29a9d0@FoundTheMostNearbyCar
1683723032781@passenger@0xea9453d9095bf11acba9728c471703e9af4c31af@StartProcessing
1683723036415@passenger@0x28a3f726b61a49da7ae14fd456b80e44e4974d1d@PassengerArriveAtDestination
1683723036417@passenger@0x073ad6ab89e9097b5405da6d46e1b0db47ec632e@TheMostNearbyCarIsSelected
1683723036417@passenger@0xea9453d9095bf11acba9728c471703e9af4c31af@StartingPointWrittenToContract
1683723036417@passenger@0x3007e2b9de5a7a57c84cd64609441bef2d29a9d0@TheMostNearbyCarConflict
1683723036418@passenger@0x9edfe6721d18361bf2b6d83b5cc22c0bf4db6314@PassengerPaysAndGetsOff
1683723036418@passenger@0xb08c2456169491982bb3ab852eae8ee3300b9261@PassengerOnBoard
1683723037745@passenger@0xb08c2456169491982bb3ab852eae8ee3300b9261@PassengerArriveAtDestination
1683723037752@passenger@0xea9453d9095bf11acba9728c471703e9af4c31af@DestinationWrittenToContract
1683723037754@passenger@0x28a3f726b61a49da7ae14fd456b80e44e4974d1d@PassengerPaysAndGetsOff
1683723037755@passenger@0xea9453d9095bf11acba9728c471703e9af4c31af@FoundIdleCarsNearby
1683723037816@passenger@0xea9453d9095bf11acba9728c471703e9af4c31af@FoundTheMostNearbyCar
1683723039021@passenger@0x073ad6ab89e9097b5405da6d46e1b0db47ec632e@PassengerOnBoard
1683723039022@passenger@0xea9453d9095bf11acba9728c471703e9af4c31af@TheMostNearbyCarIsSelected
1683723039023@passenger@0xb08c2456169491982bb3ab852eae8ee3300b9261@PassengerPaysAndGetsOff
1683723040505@passenger@0x08346710bfb71d0fea0b4a9a3d31107df5fe287a@FoundTheMostNearbyCar
1683723042180@passenger@0x073ad6ab89e9097b5405da6d46e1b0db47ec632e@PassengerArriveAtDestination
1683723042183@passenger@0x08346710bfb71d0fea0b4a9a3d31107df5fe287a@TheMostNearbyCarIsSelected
1683723047050@passenger@0x073ad6ab89e9097b5405da6d46e1b0db47ec632e@PassengerPaysAndGetsOff
1683723047050@passenger@0xea9453d9095bf11acba9728c471703e9af4c31af@PassengerOnBoard
1683723049220@passenger@0x08346710bfb71d0fea0b4a9a3d31107df5fe287a@PassengerOnBoard
1683723049223@passenger@0xea9453d9095bf11acba9728c471703e9af4c31af@PassengerArriveAtDestination
1683723050201@passenger@0x08346710bfb71d0fea0b4a9a3d31107df5fe287a@PassengerArriveAtDestination
1683723050202@passenger@0xea9453d9095bf11acba9728c471703e9af4c31af@PassengerPaysAndGetsOff
1683723050474@passenger@0x3007e2b9de5a7a57c84cd64609441bef2d29a9d0@FoundTheMostNearbyCar
1683723056495@passenger@0x3007e2b9de5a7a57c84cd64609441bef2d29a9d0@TheMostNearbyCarIsSelected
1683723056497@passenger@0x08346710bfb71d0fea0b4a9a3d31107df5fe287a@PassengerPaysAndGetsOff
1683723061195@passenger@0x3007e2b9de5a7a57c84cd64609441bef2d29a9d0@PassengerOnBoard
1683723062541@passenger@0x3007e2b9de5a7a57c84cd64609441bef2d29a9d0@PassengerArriveAtDestination
1683723064531@passenger@0x3007e2b9de5a7a57c84cd64609441bef2d29a9d0@PassengerPaysAndGetsOff
