1683722188942@passenger@0x7b11919cd9db9a817c8f9d2e9477f410273a3ceb@StartProcessing
1683722190148@passenger@0x7b11919cd9db9a817c8f9d2e9477f410273a3ceb@StartingPointWrittenToContract
1683722191941@passenger@0x3c28dc70332560ed17d1002704780df9df497abb@StartProcessing
1683722194370@passenger@0x7b11919cd9db9a817c8f9d2e9477f410273a3ceb@DestinationWrittenToContract
1683722194372@passenger@0x3c28dc70332560ed17d1002704780df9df497abb@StartingPointWrittenToContract
1683722194374@passenger@0x7b11919cd9db9a817c8f9d2e9477f410273a3ceb@FoundIdleCarsNearby
1683722194404@passenger@0x7b11919cd9db9a817c8f9d2e9477f410273a3ceb@FoundTheMostNearbyCar
1683722194940@passenger@0xeef75753e18f97f0ee8a61119d84cdba23d22a7f@StartProcessing
1683722195918@passenger@0x7b11919cd9db9a817c8f9d2e9477f410273a3ceb@TheMostNearbyCarIsSelected
1683722195920@passenger@0x3c28dc70332560ed17d1002704780df9df497abb@DestinationWrittenToContract
1683722195921@passenger@0xeef75753e18f97f0ee8a61119d84cdba23d22a7f@StartingPointWrittenToContract
1683722195923@passenger@0x3c28dc70332560ed17d1002704780df9df497abb@FoundIdleCarsNearby
1683722195957@passenger@0x3c28dc70332560ed17d1002704780df9df497abb@FoundTheMostNearbyCar
1683722197939@passenger@0x2a772e261792d208c40d685b31673a85ad18eb90@StartProcessing
1683722200295@passenger@0x3c28dc70332560ed17d1002704780df9df497abb@TheMostNearbyCarIsSelected
1683722200296@passenger@0x2a772e261792d208c40d685b31673a85ad18eb90@StartingPointWrittenToContract
1683722200298@passenger@0xeef75753e18f97f0ee8a61119d84cdba23d22a7f@DestinationWrittenToContract
1683722200301@passenger@0xeef75753e18f97f0ee8a61119d84cdba23d22a7f@FoundIdleCarsNearby
1683722200344@passenger@0xeef75753e18f97f0ee8a61119d84cdba23d22a7f@FoundTheMostNearbyCar
1683722200940@passenger@0x495b77d80ccb1d3d1476db06dd522292555b2e23@StartProcessing
1683722202474@passenger@0x7b11919cd9db9a817c8f9d2e9477f410273a3ceb@PassengerOnBoard
1683722202475@passenger@0x2a772e261792d208c40d685b31673a85ad18eb90@DestinationWrittenToContract
1683722202476@passenger@0x495b77d80ccb1d3d1476db06dd522292555b2e23@StartingPointWrittenToContract
1683722202479@passenger@0xeef75753e18f97f0ee8a61119d84cdba23d22a7f@TheMostNearbyCarIsSelected
1683722202480@passenger@0x2a772e261792d208c40d685b31673a85ad18eb90@FoundIdleCarsNearby
1683722202519@passenger@0x2a772e261792d208c40d685b31673a85ad18eb90@FoundTheMostNearbyCar
1683722203941@passenger@0xa95e44270fc15576da490955d8e6698e2a95f610@StartProcessing
1683722205306@passenger@0x7b11919cd9db9a817c8f9d2e9477f410273a3ceb@PassengerArriveAtDestination
1683722205311@passenger@0x3c28dc70332560ed17d1002704780df9df497abb@PassengerOnBoard
1683722205311@passenger@0x495b77d80ccb1d3d1476db06dd522292555b2e23@DestinationWrittenToContract
1683722205312@passenger@0x2a772e261792d208c40d685b31673a85ad18eb90@TheMostNearbyCarIsSelected
1683722205315@passenger@0x495b77d80ccb1d3d1476db06dd522292555b2e23@FoundIdleCarsNearby
1683722205357@passenger@0x495b77d80ccb1d3d1476db06dd522292555b2e23@FoundTheMostNearbyCar
1683722206322@passenger@0xa95e44270fc15576da490955d8e6698e2a95f610@StartingPointWrittenToContract
1683722206527@passenger@0x3c28dc70332560ed17d1002704780df9df497abb@PassengerArriveAtDestination
1683722206532@passenger@0x495b77d80ccb1d3d1476db06dd522292555b2e23@TheMostNearbyCarIsSelected
1683722206533@passenger@0xeef75753e18f97f0ee8a61119d84cdba23d22a7f@PassengerOnBoard
1683722206534@passenger@0x7b11919cd9db9a817c8f9d2e9477f410273a3ceb@PassengerPaysAndGetsOff
1683722206939@passenger@0xa330923b96f26c88a2681112bfe26d4d9186131a@StartProcessing
1683722207342@passenger@0xa95e44270fc15576da490955d8e6698e2a95f610@DestinationWrittenToContract
1683722207343@passenger@0xa95e44270fc15576da490955d8e6698e2a95f610@FoundIdleCarsNearby
1683722207369@passenger@0xa95e44270fc15576da490955d8e6698e2a95f610@FoundTheMostNearbyCar
1683722208577@passenger@0xeef75753e18f97f0ee8a61119d84cdba23d22a7f@PassengerArriveAtDestination
1683722208578@passenger@0x2a772e261792d208c40d685b31673a85ad18eb90@PassengerOnBoard
1683722208579@passenger@0xa330923b96f26c88a2681112bfe26d4d9186131a@StartingPointWrittenToContract
1683722208579@passenger@0x3c28dc70332560ed17d1002704780df9df497abb@PassengerPaysAndGetsOff
1683722209908@passenger@0xa95e44270fc15576da490955d8e6698e2a95f610@TheMostNearbyCarIsSelected
1683722209939@passenger@0x814d66fc3f60ca8b257b21f1b89faeecd31475af@StartProcessing
1683722210058@passenger@0x2a772e261792d208c40d685b31673a85ad18eb90@PassengerArriveAtDestination
1683722210060@passenger@0xeef75753e18f97f0ee8a61119d84cdba23d22a7f@PassengerPaysAndGetsOff
1683722210061@passenger@0xa330923b96f26c88a2681112bfe26d4d9186131a@DestinationWrittenToContract
1683722210063@passenger@0x495b77d80ccb1d3d1476db06dd522292555b2e23@PassengerOnBoard
1683722210065@passenger@0xa330923b96f26c88a2681112bfe26d4d9186131a@FoundIdleCarsNearby
1683722210090@passenger@0xa330923b96f26c88a2681112bfe26d4d9186131a@FoundTheMostNearbyCar
1683722211612@passenger@0x814d66fc3f60ca8b257b21f1b89faeecd31475af@StartingPointWrittenToContract
1683722212942@passenger@0x17164c34807aa124363d80a604efd4560d8cea0e@StartProcessing
1683722212974@passenger@0x495b77d80ccb1d3d1476db06dd522292555b2e23@PassengerArriveAtDestination
1683722212976@passenger@0x2a772e261792d208c40d685b31673a85ad18eb90@PassengerPaysAndGetsOff
1683722212977@passenger@0xa330923b96f26c88a2681112bfe26d4d9186131a@TheMostNearbyCarIsSelected
1683722213998@passenger@0x17164c34807aa124363d80a604efd4560d8cea0e@StartingPointWrittenToContract
1683722213999@passenger@0xa95e44270fc15576da490955d8e6698e2a95f610@PassengerOnBoard
1683722214000@passenger@0x814d66fc3f60ca8b257b21f1b89faeecd31475af@DestinationWrittenToContract
1683722214001@passenger@0x814d66fc3f60ca8b257b21f1b89faeecd31475af@FoundIdleCarsNearby
1683722214021@passenger@0x814d66fc3f60ca8b257b21f1b89faeecd31475af@FoundTheMostNearbyCar
1683722214256@passenger@0x495b77d80ccb1d3d1476db06dd522292555b2e23@PassengerPaysAndGetsOff
1683722215125@passenger@0xa95e44270fc15576da490955d8e6698e2a95f610@PassengerArriveAtDestination
1683722215130@passenger@0x814d66fc3f60ca8b257b21f1b89faeecd31475af@TheMostNearbyCarIsSelected
1683722215132@passenger@0x17164c34807aa124363d80a604efd4560d8cea0e@DestinationWrittenToContract
1683722215134@passenger@0x17164c34807aa124363d80a604efd4560d8cea0e@FoundIdleCarsNearby
1683722215168@passenger@0x17164c34807aa124363d80a604efd4560d8cea0e@FoundTheMostNearbyCar
1683722215378@passenger@0xa330923b96f26c88a2681112bfe26d4d9186131a@PassengerOnBoard
1683722215940@passenger@0x9edfe6721d18361bf2b6d83b5cc22c0bf4db6314@StartProcessing
1683722217579@passenger@0xa330923b96f26c88a2681112bfe26d4d9186131a@PassengerArriveAtDestination
1683722217581@passenger@0x9edfe6721d18361bf2b6d83b5cc22c0bf4db6314@StartingPointWrittenToContract
1683722217582@passenger@0x17164c34807aa124363d80a604efd4560d8cea0e@TheMostNearbyCarIsSelected
1683722217586@passenger@0xa95e44270fc15576da490955d8e6698e2a95f610@PassengerPaysAndGetsOff
1683722218940@passenger@0x08346710bfb71d0fea0b4a9a3d31107df5fe287a@StartProcessing
1683722220283@passenger@0x9edfe6721d18361bf2b6d83b5cc22c0bf4db6314@DestinationWrittenToContract
1683722220285@passenger@0x814d66fc3f60ca8b257b21f1b89faeecd31475af@PassengerOnBoard
1683722220287@passenger@0xa330923b96f26c88a2681112bfe26d4d9186131a@PassengerPaysAndGetsOff
1683722220289@passenger@0x9edfe6721d18361bf2b6d83b5cc22c0bf4db6314@FoundIdleCarsNearby
1683722220324@passenger@0x9edfe6721d18361bf2b6d83b5cc22c0bf4db6314@FoundTheMostNearbyCar
1683722221150@passenger@0x08346710bfb71d0fea0b4a9a3d31107df5fe287a@StartingPointWrittenToContract
1683722221318@passenger@0x814d66fc3f60ca8b257b21f1b89faeecd31475af@PassengerArriveAtDestination
1683722221321@passenger@0x17164c34807aa124363d80a604efd4560d8cea0e@PassengerOnBoard
1683722221322@passenger@0x9edfe6721d18361bf2b6d83b5cc22c0bf4db6314@TheMostNearbyCarIsSelected
1683722221941@passenger@0x28a3f726b61a49da7ae14fd456b80e44e4974d1d@StartProcessing
1683722222024@passenger@0x08346710bfb71d0fea0b4a9a3d31107df5fe287a@DestinationWrittenToContract
1683722222025@passenger@0x08346710bfb71d0fea0b4a9a3d31107df5fe287a@FoundIdleCarsNearby
1683722222050@passenger@0x08346710bfb71d0fea0b4a9a3d31107df5fe287a@FoundTheMostNearbyCar
1683722224943@passenger@0xb08c2456169491982bb3ab852eae8ee3300b9261@StartProcessing
1683722224990@passenger@0x17164c34807aa124363d80a604efd4560d8cea0e@PassengerArriveAtDestination
1683722224994@passenger@0x814d66fc3f60ca8b257b21f1b89faeecd31475af@PassengerPaysAndGetsOff
1683722224995@passenger@0x28a3f726b61a49da7ae14fd456b80e44e4974d1d@StartingPointWrittenToContract
1683722225511@passenger@0x08346710bfb71d0fea0b4a9a3d31107df5fe287a@TheMostNearbyCarIsSelected
1683722225512@passenger@0xb08c2456169491982bb3ab852eae8ee3300b9261@StartingPointWrittenToContract
1683722227142@passenger@0x9edfe6721d18361bf2b6d83b5cc22c0bf4db6314@PassengerOnBoard
1683722227143@passenger@0x17164c34807aa124363d80a604efd4560d8cea0e@PassengerPaysAndGetsOff
1683722227143@passenger@0x28a3f726b61a49da7ae14fd456b80e44e4974d1d@DestinationWrittenToContract
1683722227144@passenger@0x28a3f726b61a49da7ae14fd456b80e44e4974d1d@FoundIdleCarsNearby
1683722227165@passenger@0x28a3f726b61a49da7ae14fd456b80e44e4974d1d@FoundTheMostNearbyCar
1683722227941@passenger@0x073ad6ab89e9097b5405da6d46e1b0db47ec632e@StartProcessing
1683722230405@passenger@0x9edfe6721d18361bf2b6d83b5cc22c0bf4db6314@PassengerArriveAtDestination
1683722230411@passenger@0xb08c2456169491982bb3ab852eae8ee3300b9261@DestinationWrittenToContract
1683722230412@passenger@0x28a3f726b61a49da7ae14fd456b80e44e4974d1d@TheMostNearbyCarIsSelected
1683722230413@passenger@0x073ad6ab89e9097b5405da6d46e1b0db47ec632e@StartingPointWrittenToContract
1683722230415@passenger@0xb08c2456169491982bb3ab852eae8ee3300b9261@FoundIdleCarsNearby
1683722230457@passenger@0xb08c2456169491982bb3ab852eae8ee3300b9261@FoundTheMostNearbyCar
1683722230941@passenger@0x3007e2b9de5a7a57c84cd64609441bef2d29a9d0@StartProcessing
1683722233942@passenger@0xea9453d9095bf11acba9728c471703e9af4c31af@StartProcessing
1683722235892@passenger@0x3007e2b9de5a7a57c84cd64609441bef2d29a9d0@StartingPointWrittenToContract
1683722235893@passenger@0x073ad6ab89e9097b5405da6d46e1b0db47ec632e@DestinationWrittenToContract
1683722235894@passenger@0xb08c2456169491982bb3ab852eae8ee3300b9261@TheMostNearbyCarIsSelected
1683722235895@passenger@0xea9453d9095bf11acba9728c471703e9af4c31af@StartingPointWrittenToContract
1683722235898@passenger@0x08346710bfb71d0fea0b4a9a3d31107df5fe287a@PassengerOnBoard
1683722235899@passenger@0x9edfe6721d18361bf2b6d83b5cc22c0bf4db6314@PassengerPaysAndGetsOff
1683722235900@passenger@0x073ad6ab89e9097b5405da6d46e1b0db47ec632e@FoundIdleCarsNearby
1683722235936@passenger@0x073ad6ab89e9097b5405da6d46e1b0db47ec632e@FoundTheMostNearbyCar
1683722237572@passenger@0x08346710bfb71d0fea0b4a9a3d31107df5fe287a@PassengerArriveAtDestination
1683722237575@passenger@0x28a3f726b61a49da7ae14fd456b80e44e4974d1d@PassengerOnBoard
1683722237576@passenger@0x073ad6ab89e9097b5405da6d46e1b0db47ec632e@TheMostNearbyCarIsSelected
1683722237577@passenger@0x3007e2b9de5a7a57c84cd64609441bef2d29a9d0@DestinationWrittenToContract
1683722237578@passenger@0xea9453d9095bf11acba9728c471703e9af4c31af@DestinationWrittenToContract
1683722237580@passenger@0x3007e2b9de5a7a57c84cd64609441bef2d29a9d0@FoundIdleCarsNearby
1683722237582@passenger@0xea9453d9095bf11acba9728c471703e9af4c31af@FoundIdleCarsNearby
1683722237605@passenger@0x3007e2b9de5a7a57c84cd64609441bef2d29a9d0@FoundTheMostNearbyCar
1683722237613@passenger@0xea9453d9095bf11acba9728c471703e9af4c31af@FoundTheMostNearbyCar
1683722238597@passenger@0x28a3f726b61a49da7ae14fd456b80e44e4974d1d@PassengerArriveAtDestination
1683722238609@passenger@0x08346710bfb71d0fea0b4a9a3d31107df5fe287a@PassengerPaysAndGetsOff
1683722238610@passenger@0xb08c2456169491982bb3ab852eae8ee3300b9261@PassengerOnBoard
1683722238611@passenger@0x3007e2b9de5a7a57c84cd64609441bef2d29a9d0@TheMostNearbyCarIsSelected
1683722238612@passenger@0xea9453d9095bf11acba9728c471703e9af4c31af@TheMostNearbyCarConflict
1683722239699@passenger@0xb08c2456169491982bb3ab852eae8ee3300b9261@PassengerArriveAtDestination
1683722239702@passenger@0x073ad6ab89e9097b5405da6d46e1b0db47ec632e@PassengerOnBoard
1683722239703@passenger@0x28a3f726b61a49da7ae14fd456b80e44e4974d1d@PassengerPaysAndGetsOff
1683722243179@passenger@0x073ad6ab89e9097b5405da6d46e1b0db47ec632e@PassengerArriveAtDestination
1683722243181@passenger@0x3007e2b9de5a7a57c84cd64609441bef2d29a9d0@PassengerOnBoard
1683722243182@passenger@0xb08c2456169491982bb3ab852eae8ee3300b9261@PassengerPaysAndGetsOff
1683722246766@passenger@0x3007e2b9de5a7a57c84cd64609441bef2d29a9d0@PassengerArriveAtDestination
1683722246767@passenger@0x073ad6ab89e9097b5405da6d46e1b0db47ec632e@PassengerPaysAndGetsOff
1683722252643@passenger@0xea9453d9095bf11acba9728c471703e9af4c31af@FoundTheMostNearbyCar
1683722256549@passenger@0xea9453d9095bf11acba9728c471703e9af4c31af@TheMostNearbyCarIsSelected
1683722256553@passenger@0x3007e2b9de5a7a57c84cd64609441bef2d29a9d0@PassengerPaysAndGetsOff
1683722261500@passenger@0xea9453d9095bf11acba9728c471703e9af4c31af@PassengerOnBoard
1683722261773@passenger@0xea9453d9095bf11acba9728c471703e9af4c31af@PassengerArriveAtDestination
1683722264965@passenger@0xea9453d9095bf11acba9728c471703e9af4c31af@PassengerPaysAndGetsOff
/home/endericedragon/repos/taxi-4-leaves/passenger.js:172
                if (event.returnValues.passengerId.slice(0, 42) == passengerId.toLowerCase()) {
                                       ^

TypeError: Cannot read properties of undefined (reading 'passengerId')
    at Subscription.callback (/home/endericedragon/repos/taxi-4-leaves/passenger.js:172:40)
    at Object.callback (/home/endericedragon/repos/taxi-4-leaves/node_modules/web3/node_modules/web3-core-subscriptions/lib/subscription.js:248:27)
    at /home/endericedragon/repos/taxi-4-leaves/node_modules/web3/node_modules/web3-core-requestmanager/lib/index.js:108:34
    at Map.forEach (<anonymous>)
    at WebsocketProvider.disconnect (/home/endericedragon/repos/taxi-4-leaves/node_modules/web3/node_modules/web3-core-requestmanager/lib/index.js:107:37)
    at WebsocketProvider.emit (/home/endericedragon/repos/taxi-4-leaves/node_modules/web3/node_modules/eventemitter3/index.js:181:35)
    at WebsocketProvider._onClose (/home/endericedragon/repos/taxi-4-leaves/node_modules/web3/node_modules/web3-providers-ws/lib/index.js:152:10)
    at W3CWebSocket._dispatchEvent [as dispatchEvent] (/home/endericedragon/repos/taxi-4-leaves/node_modules/web3/node_modules/yaeti/lib/EventTarget.js:115:12)
    at W3CWebSocket.onClose (/home/endericedragon/repos/taxi-4-leaves/node_modules/web3/node_modules/websocket/lib/W3CWebSocket.js:228:10)
    at WebSocketConnection.<anonymous> (/home/endericedragon/repos/taxi-4-leaves/node_modules/web3/node_modules/websocket/lib/W3CWebSocket.js:201:17)
    at WebSocketConnection.emit (node:events:513:28)
    at WebSocketConnection.handleSocketClose (/home/endericedragon/repos/taxi-4-leaves/node_modules/web3/node_modules/websocket/lib/WebSocketConnection.js:389:14)
    at Socket.emit (node:events:513:28)
    at TCP.<anonymous> (node:net:322:12)

Node.js v18.16.0
