1683722161390@passenger@0xedb6f3a4a1ebc511f7fe9bd4f2cd4219ca0a3cf4@StartProcessing
1683722162125@passenger@0xedb6f3a4a1ebc511f7fe9bd4f2cd4219ca0a3cf4@StartingPointWrittenToContract
1683722164388@passenger@0xbd2f3e025a8f0b0d8bb9f64ef60980ebb27e8d5d@StartProcessing
1683722165022@passenger@0xedb6f3a4a1ebc511f7fe9bd4f2cd4219ca0a3cf4@DestinationWrittenToContract
1683722165023@passenger@0xedb6f3a4a1ebc511f7fe9bd4f2cd4219ca0a3cf4@FoundIdleCarsNearby
1683722165041@passenger@0xedb6f3a4a1ebc511f7fe9bd4f2cd4219ca0a3cf4@FoundTheMostNearbyCar
1683722165803@passenger@0xbd2f3e025a8f0b0d8bb9f64ef60980ebb27e8d5d@StartingPointWrittenToContract
1683722166877@passenger@0xedb6f3a4a1ebc511f7fe9bd4f2cd4219ca0a3cf4@TheMostNearbyCarIsSelected
1683722167389@passenger@0xabd6b57b7d198796947bc03e4f5bd911813caada@StartProcessing
1683722167946@passenger@0xbd2f3e025a8f0b0d8bb9f64ef60980ebb27e8d5d@DestinationWrittenToContract
1683722167947@passenger@0xbd2f3e025a8f0b0d8bb9f64ef60980ebb27e8d5d@FoundIdleCarsNearby
1683722167967@passenger@0xbd2f3e025a8f0b0d8bb9f64ef60980ebb27e8d5d@FoundTheMostNearbyCar
1683722170388@passenger@0x62119c27e0081b14e6e0c596603d21eaa6d6452b@StartProcessing
1683722173391@passenger@0xc265c858c1186113b2d830e6f46f6d95142e9750@StartProcessing
1683722174320@passenger@0xabd6b57b7d198796947bc03e4f5bd911813caada@StartingPointWrittenToContract
1683722174323@passenger@0xbd2f3e025a8f0b0d8bb9f64ef60980ebb27e8d5d@TheMostNearbyCarIsSelected
1683722174324@passenger@0xc265c858c1186113b2d830e6f46f6d95142e9750@StartingPointWrittenToContract
1683722174325@passenger@0x62119c27e0081b14e6e0c596603d21eaa6d6452b@StartingPointWrittenToContract
1683722174915@passenger@0xc265c858c1186113b2d830e6f46f6d95142e9750@DestinationWrittenToContract
1683722174916@passenger@0x62119c27e0081b14e6e0c596603d21eaa6d6452b@DestinationWrittenToContract
1683722174916@passenger@0xabd6b57b7d198796947bc03e4f5bd911813caada@DestinationWrittenToContract
1683722174917@passenger@0xedb6f3a4a1ebc511f7fe9bd4f2cd4219ca0a3cf4@PassengerOnBoard
1683722174918@passenger@0x62119c27e0081b14e6e0c596603d21eaa6d6452b@FoundIdleCarsNearby
1683722174919@passenger@0xabd6b57b7d198796947bc03e4f5bd911813caada@FoundIdleCarsNearby
1683722174920@passenger@0xc265c858c1186113b2d830e6f46f6d95142e9750@FoundIdleCarsNearby
1683722174957@passenger@0xabd6b57b7d198796947bc03e4f5bd911813caada@FoundTheMostNearbyCar
1683722174964@passenger@0x62119c27e0081b14e6e0c596603d21eaa6d6452b@FoundTheMostNearbyCar
1683722174966@passenger@0xc265c858c1186113b2d830e6f46f6d95142e9750@FoundTheMostNearbyCar
1683722176389@passenger@0x03875bcc0db199992266825e2c1cf0f5bfc200d2@StartProcessing
1683722177570@passenger@0xedb6f3a4a1ebc511f7fe9bd4f2cd4219ca0a3cf4@PassengerArriveAtDestination
1683722177575@passenger@0xc265c858c1186113b2d830e6f46f6d95142e9750@TheMostNearbyCarIsSelected
1683722177577@passenger@0x03875bcc0db199992266825e2c1cf0f5bfc200d2@StartingPointWrittenToContract
1683722177578@passenger@0x62119c27e0081b14e6e0c596603d21eaa6d6452b@TheMostNearbyCarConflict
1683722177578@passenger@0xabd6b57b7d198796947bc03e4f5bd911813caada@TheMostNearbyCarConflict
1683722177579@passenger@0xbd2f3e025a8f0b0d8bb9f64ef60980ebb27e8d5d@PassengerOnBoard
1683722179388@passenger@0xf0ce9fe96ac15405e4fd51a62cbdbdaef2d36372@StartProcessing
1683722179702@passenger@0xbd2f3e025a8f0b0d8bb9f64ef60980ebb27e8d5d@PassengerArriveAtDestination
1683722179705@passenger@0xedb6f3a4a1ebc511f7fe9bd4f2cd4219ca0a3cf4@PassengerPaysAndGetsOff
1683722179706@passenger@0x03875bcc0db199992266825e2c1cf0f5bfc200d2@DestinationWrittenToContract
1683722179707@passenger@0x03875bcc0db199992266825e2c1cf0f5bfc200d2@FoundIdleCarsNearby
1683722179732@passenger@0x03875bcc0db199992266825e2c1cf0f5bfc200d2@FoundTheMostNearbyCar
1683722180960@passenger@0xf0ce9fe96ac15405e4fd51a62cbdbdaef2d36372@StartingPointWrittenToContract
1683722181440@passenger@0xc265c858c1186113b2d830e6f46f6d95142e9750@PassengerOnBoard
1683722181441@passenger@0xbd2f3e025a8f0b0d8bb9f64ef60980ebb27e8d5d@PassengerPaysAndGetsOff
1683722181443@passenger@0x03875bcc0db199992266825e2c1cf0f5bfc200d2@TheMostNearbyCarIsSelected
1683722181870@passenger@0xf0ce9fe96ac15405e4fd51a62cbdbdaef2d36372@DestinationWrittenToContract
1683722181871@passenger@0xf0ce9fe96ac15405e4fd51a62cbdbdaef2d36372@FoundIdleCarsNearby
1683722181886@passenger@0xf0ce9fe96ac15405e4fd51a62cbdbdaef2d36372@FoundTheMostNearbyCar
1683722182389@passenger@0x1bdf42d9a37b5b5c5a3bc09cadfade23d075791a@StartProcessing
1683722184010@passenger@0xc265c858c1186113b2d830e6f46f6d95142e9750@PassengerArriveAtDestination
1683722184013@passenger@0x1bdf42d9a37b5b5c5a3bc09cadfade23d075791a@StartingPointWrittenToContract
1683722184015@passenger@0xf0ce9fe96ac15405e4fd51a62cbdbdaef2d36372@TheMostNearbyCarIsSelected
1683722185389@passenger@0x3449a20e1b4700ffd4dd49f0fc14bcac44fee63c@StartProcessing
1683722185741@passenger@0x1bdf42d9a37b5b5c5a3bc09cadfade23d075791a@DestinationWrittenToContract
1683722185744@passenger@0xc265c858c1186113b2d830e6f46f6d95142e9750@PassengerPaysAndGetsOff
1683722185745@passenger@0x03875bcc0db199992266825e2c1cf0f5bfc200d2@PassengerOnBoard
1683722185746@passenger@0x1bdf42d9a37b5b5c5a3bc09cadfade23d075791a@FoundIdleCarsNearby
1683722185770@passenger@0x1bdf42d9a37b5b5c5a3bc09cadfade23d075791a@FoundTheMostNearbyCar
1683722185882@passenger@0x3449a20e1b4700ffd4dd49f0fc14bcac44fee63c@StartingPointWrittenToContract
1683722188391@passenger@0xd2ed0cb17fd847c8aa8bc8e9ed3870481ede088b@StartProcessing
1683722188913@passenger@0x03875bcc0db199992266825e2c1cf0f5bfc200d2@PassengerArriveAtDestination
1683722188920@passenger@0x1bdf42d9a37b5b5c5a3bc09cadfade23d075791a@TheMostNearbyCarIsSelected
1683722188922@passenger@0xf0ce9fe96ac15405e4fd51a62cbdbdaef2d36372@PassengerOnBoard
1683722188922@passenger@0xd2ed0cb17fd847c8aa8bc8e9ed3870481ede088b@StartingPointWrittenToContract
1683722188924@passenger@0x3449a20e1b4700ffd4dd49f0fc14bcac44fee63c@DestinationWrittenToContract
1683722188927@passenger@0x3449a20e1b4700ffd4dd49f0fc14bcac44fee63c@FoundIdleCarsNearby
1683722188946@passenger@0x3449a20e1b4700ffd4dd49f0fc14bcac44fee63c@FoundTheMostNearbyCar
1683722191388@passenger@0x5227daf8db7c57d268979df21ba9ee9c93d26712@StartProcessing
1683722191481@passenger@0xf0ce9fe96ac15405e4fd51a62cbdbdaef2d36372@PassengerArriveAtDestination
1683722191484@passenger@0x03875bcc0db199992266825e2c1cf0f5bfc200d2@PassengerPaysAndGetsOff
1683722191484@passenger@0xd2ed0cb17fd847c8aa8bc8e9ed3870481ede088b@DestinationWrittenToContract
1683722191487@passenger@0x3449a20e1b4700ffd4dd49f0fc14bcac44fee63c@TheMostNearbyCarIsSelected
1683722191489@passenger@0xd2ed0cb17fd847c8aa8bc8e9ed3870481ede088b@FoundIdleCarsNearby
1683722191522@passenger@0xd2ed0cb17fd847c8aa8bc8e9ed3870481ede088b@FoundTheMostNearbyCar
1683722191613@passenger@0x62119c27e0081b14e6e0c596603d21eaa6d6452b@FoundTheMostNearbyCar
1683722191619@passenger@0xabd6b57b7d198796947bc03e4f5bd911813caada@FoundTheMostNearbyCar
1683722192075@passenger@0x5227daf8db7c57d268979df21ba9ee9c93d26712@StartingPointWrittenToContract
1683722192734@passenger@0xf0ce9fe96ac15405e4fd51a62cbdbdaef2d36372@PassengerPaysAndGetsOff
1683722192735@passenger@0x1bdf42d9a37b5b5c5a3bc09cadfade23d075791a@PassengerOnBoard
1683722192737@passenger@0xd2ed0cb17fd847c8aa8bc8e9ed3870481ede088b@TheMostNearbyCarIsSelected
1683722192738@passenger@0x62119c27e0081b14e6e0c596603d21eaa6d6452b@TheMostNearbyCarConflict
1683722192738@passenger@0xabd6b57b7d198796947bc03e4f5bd911813caada@TheMostNearbyCarConflict
1683722193745@passenger@0x5227daf8db7c57d268979df21ba9ee9c93d26712@DestinationWrittenToContract
1683722193746@passenger@0x5227daf8db7c57d268979df21ba9ee9c93d26712@FoundIdleCarsNearby
1683722193771@passenger@0x5227daf8db7c57d268979df21ba9ee9c93d26712@FoundTheMostNearbyCar
1683722194389@passenger@0xb658cbd857f52f9705fbecf9b30cf827dd8c81a8@StartProcessing
1683722194522@passenger@0x1bdf42d9a37b5b5c5a3bc09cadfade23d075791a@PassengerArriveAtDestination
1683722194530@passenger@0x3449a20e1b4700ffd4dd49f0fc14bcac44fee63c@PassengerOnBoard
1683722194694@passenger@0xb658cbd857f52f9705fbecf9b30cf827dd8c81a8@StartingPointWrittenToContract
1683722194695@passenger@0x5227daf8db7c57d268979df21ba9ee9c93d26712@TheMostNearbyCarIsSelected
1683722197391@passenger@0x5895ef03d8c36b9a53b4f961cd1345ed0bd79fa3@StartProcessing
1683722197786@passenger@0x3449a20e1b4700ffd4dd49f0fc14bcac44fee63c@PassengerArriveAtDestination
1683722197787@passenger@0x5895ef03d8c36b9a53b4f961cd1345ed0bd79fa3@StartingPointWrittenToContract
1683722197788@passenger@0xd2ed0cb17fd847c8aa8bc8e9ed3870481ede088b@PassengerOnBoard
1683722197788@passenger@0xb658cbd857f52f9705fbecf9b30cf827dd8c81a8@DestinationWrittenToContract
1683722197790@passenger@0x1bdf42d9a37b5b5c5a3bc09cadfade23d075791a@PassengerPaysAndGetsOff
1683722197791@passenger@0xb658cbd857f52f9705fbecf9b30cf827dd8c81a8@FoundIdleCarsNearby
1683722197804@passenger@0xb658cbd857f52f9705fbecf9b30cf827dd8c81a8@FoundTheMostNearbyCar
1683722200389@passenger@0x4093777e3bf0a104ef5576011a965c58a206b69b@StartProcessing
1683722200636@passenger@0xd2ed0cb17fd847c8aa8bc8e9ed3870481ede088b@PassengerArriveAtDestination
1683722200640@passenger@0x5227daf8db7c57d268979df21ba9ee9c93d26712@PassengerOnBoard
1683722200641@passenger@0x5895ef03d8c36b9a53b4f961cd1345ed0bd79fa3@DestinationWrittenToContract
1683722200642@passenger@0xb658cbd857f52f9705fbecf9b30cf827dd8c81a8@TheMostNearbyCarIsSelected
1683722200643@passenger@0x3449a20e1b4700ffd4dd49f0fc14bcac44fee63c@PassengerPaysAndGetsOff
1683722200644@passenger@0x5895ef03d8c36b9a53b4f961cd1345ed0bd79fa3@FoundIdleCarsNearby
1683722200668@passenger@0x5895ef03d8c36b9a53b4f961cd1345ed0bd79fa3@FoundTheMostNearbyCar
1683722201920@passenger@0x4093777e3bf0a104ef5576011a965c58a206b69b@StartingPointWrittenToContract
1683722202860@passenger@0x5227daf8db7c57d268979df21ba9ee9c93d26712@PassengerArriveAtDestination
1683722202873@passenger@0x5895ef03d8c36b9a53b4f961cd1345ed0bd79fa3@TheMostNearbyCarIsSelected
1683722202875@passenger@0xd2ed0cb17fd847c8aa8bc8e9ed3870481ede088b@PassengerPaysAndGetsOff
1683722203199@passenger@0x4093777e3bf0a104ef5576011a965c58a206b69b@DestinationWrittenToContract
1683722203201@passenger@0x4093777e3bf0a104ef5576011a965c58a206b69b@FoundIdleCarsNearby
1683722203223@passenger@0x4093777e3bf0a104ef5576011a965c58a206b69b@FoundTheMostNearbyCar
1683722203389@passenger@0x7906b337632876b8050f55ee5b57228f02972fa3@StartProcessing
1683722203796@passenger@0xb658cbd857f52f9705fbecf9b30cf827dd8c81a8@PassengerOnBoard
1683722203797@passenger@0x5227daf8db7c57d268979df21ba9ee9c93d26712@PassengerPaysAndGetsOff
1683722203917@passenger@0x4093777e3bf0a104ef5576011a965c58a206b69b@TheMostNearbyCarIsSelected
1683722203918@passenger@0x7906b337632876b8050f55ee5b57228f02972fa3@StartingPointWrittenToContract
1683722206295@passenger@0xb658cbd857f52f9705fbecf9b30cf827dd8c81a8@PassengerArriveAtDestination
1683722206297@passenger@0x5895ef03d8c36b9a53b4f961cd1345ed0bd79fa3@PassengerOnBoard
1683722206298@passenger@0x7906b337632876b8050f55ee5b57228f02972fa3@DestinationWrittenToContract
1683722206300@passenger@0x7906b337632876b8050f55ee5b57228f02972fa3@FoundIdleCarsNearby
1683722206331@passenger@0x7906b337632876b8050f55ee5b57228f02972fa3@FoundTheMostNearbyCar
1683722206390@passenger@0x3b49b8eb1d9d3c28242b97c135379e0e32468fb9@StartProcessing
1683722206960@passenger@0x5895ef03d8c36b9a53b4f961cd1345ed0bd79fa3@PassengerArriveAtDestination
1683722206963@passenger@0xb658cbd857f52f9705fbecf9b30cf827dd8c81a8@PassengerPaysAndGetsOff
1683722206963@passenger@0x3b49b8eb1d9d3c28242b97c135379e0e32468fb9@StartingPointWrittenToContract
1683722206964@passenger@0x7906b337632876b8050f55ee5b57228f02972fa3@TheMostNearbyCarIsSelected
1683722206965@passenger@0x4093777e3bf0a104ef5576011a965c58a206b69b@PassengerOnBoard
1683722210713@passenger@0x4093777e3bf0a104ef5576011a965c58a206b69b@PassengerArriveAtDestination
1683722210715@passenger@0x5895ef03d8c36b9a53b4f961cd1345ed0bd79fa3@PassengerPaysAndGetsOff
1683722210716@passenger@0x3b49b8eb1d9d3c28242b97c135379e0e32468fb9@DestinationWrittenToContract
1683722210717@passenger@0x3b49b8eb1d9d3c28242b97c135379e0e32468fb9@FoundIdleCarsNearby
1683722210736@passenger@0x3b49b8eb1d9d3c28242b97c135379e0e32468fb9@FoundTheMostNearbyCar
1683722210752@passenger@0x62119c27e0081b14e6e0c596603d21eaa6d6452b@FoundTheMostNearbyCar
1683722210762@passenger@0xabd6b57b7d198796947bc03e4f5bd911813caada@FoundTheMostNearbyCar
1683722211855@passenger@0x7906b337632876b8050f55ee5b57228f02972fa3@PassengerOnBoard
1683722211855@passenger@0xabd6b57b7d198796947bc03e4f5bd911813caada@TheMostNearbyCarConflict
1683722211856@passenger@0x4093777e3bf0a104ef5576011a965c58a206b69b@PassengerPaysAndGetsOff
1683722211857@passenger@0x3b49b8eb1d9d3c28242b97c135379e0e32468fb9@TheMostNearbyCarIsSelected
1683722211857@passenger@0x62119c27e0081b14e6e0c596603d21eaa6d6452b@TheMostNearbyCarConflict
1683722212373@passenger@0x7906b337632876b8050f55ee5b57228f02972fa3@PassengerArriveAtDestination
1683722216345@passenger@0x7906b337632876b8050f55ee5b57228f02972fa3@PassengerPaysAndGetsOff
1683722216345@passenger@0x3b49b8eb1d9d3c28242b97c135379e0e32468fb9@PassengerOnBoard
1683722224069@passenger@0x3b49b8eb1d9d3c28242b97c135379e0e32468fb9@PassengerArriveAtDestination
1683722225832@passenger@0x3b49b8eb1d9d3c28242b97c135379e0e32468fb9@PassengerPaysAndGetsOff
1683722233877@passenger@0x62119c27e0081b14e6e0c596603d21eaa6d6452b@FoundTheMostNearbyCar
1683722233886@passenger@0xabd6b57b7d198796947bc03e4f5bd911813caada@FoundTheMostNearbyCar
1683722236568@passenger@0x62119c27e0081b14e6e0c596603d21eaa6d6452b@TheMostNearbyCarIsSelected
1683722236568@passenger@0xabd6b57b7d198796947bc03e4f5bd911813caada@TheMostNearbyCarConflict
1683722240758@passenger@0x62119c27e0081b14e6e0c596603d21eaa6d6452b@PassengerOnBoard
1683722243697@passenger@0x62119c27e0081b14e6e0c596603d21eaa6d6452b@PassengerArriveAtDestination
1683722244167@passenger@0x62119c27e0081b14e6e0c596603d21eaa6d6452b@PassengerPaysAndGetsOff
1683722262603@passenger@0xabd6b57b7d198796947bc03e4f5bd911813caada@FoundTheMostNearbyCar
1683722265214@passenger@0xabd6b57b7d198796947bc03e4f5bd911813caada@TheMostNearbyCarIsSelected
1683722268551@passenger@0xabd6b57b7d198796947bc03e4f5bd911813caada@PassengerOnBoard
1683722275249@passenger@0xabd6b57b7d198796947bc03e4f5bd911813caada@PassengerArriveAtDestination
1683722280765@passenger@0xabd6b57b7d198796947bc03e4f5bd911813caada@PassengerPaysAndGetsOff
/home/endericedragon/repos/taxi-4-leaves/passenger.js:172
                if (event.returnValues.passengerId.slice(0, 42) == passengerId.toLowerCase()) {
                                       ^

TypeError: Cannot read properties of undefined (reading 'passengerId')
    at Subscription.callback (/home/endericedragon/repos/taxi-4-leaves/passenger.js:172:40)
    at Object.callback (/home/endericedragon/repos/taxi-4-leaves/node_modules/web3/node_modules/web3-core-subscriptions/lib/subscription.js:248:27)
    at /home/endericedragon/repos/taxi-4-leaves/node_modules/web3/node_modules/web3-core-requestmanager/lib/index.js:108:34
    at Map.forEach (<anonymous>)
    at WebsocketProvider.disconnect (/home/endericedragon/repos/taxi-4-leaves/node_modules/web3/node_modules/web3-core-requestmanager/lib/index.js:107:37)
    at WebsocketProvider.emit (/home/endericedragon/repos/taxi-4-leaves/node_modules/web3/node_modules/eventemitter3/index.js:181:35)
    at WebsocketProvider._onClose (/home/endericedragon/repos/taxi-4-leaves/node_modules/web3/node_modules/web3-providers-ws/lib/index.js:152:10)
    at W3CWebSocket._dispatchEvent [as dispatchEvent] (/home/endericedragon/repos/taxi-4-leaves/node_modules/web3/node_modules/yaeti/lib/EventTarget.js:115:12)
    at W3CWebSocket.onClose (/home/endericedragon/repos/taxi-4-leaves/node_modules/web3/node_modules/websocket/lib/W3CWebSocket.js:228:10)
    at WebSocketConnection.<anonymous> (/home/endericedragon/repos/taxi-4-leaves/node_modules/web3/node_modules/websocket/lib/W3CWebSocket.js:201:17)
    at WebSocketConnection.emit (node:events:513:28)
    at WebSocketConnection.handleSocketClose (/home/endericedragon/repos/taxi-4-leaves/node_modules/web3/node_modules/websocket/lib/WebSocketConnection.js:389:14)
    at Socket.emit (node:events:513:28)
    at TCP.<anonymous> (node:net:322:12)

Node.js v18.16.0
