1683814654996@vehicle@0xac37a0543b6abb8e7add0c00128c9f486e45b0e9@StartProcessing
1683814655008@vehicle@0x7a5b8a958a74e39ade01f412951fb319ee4fe6d9@StartProcessing
1683814655010@vehicle@0xfb1c049ecb1884a77e857bcca8ae6443f0143dbf@StartProcessing
1683814655011@vehicle@0x4c0ae67f9e2dcabbcaee58afa56c14e427272b6f@StartProcessing
1683814655012@vehicle@0x0d5f26272be5a3b462c3b7a978c7bf4b0d6aadb1@StartProcessing
1683814655013@vehicle@0x0cac0bfe17bd73be78486a51a15db39b10cbafcf@StartProcessing
1683814655014@vehicle@0xbf5868b482ace24aa4f339ceb26e32230fc7d3aa@StartProcessing
1683814655015@vehicle@0x926f155822d00a9191fe71ec570bcd1f0eb0c300@StartProcessing
1683814663451@vehicle@0x0cac0bfe17bd73be78486a51a15db39b10cbafcf@PickUp@0xedb6f3a4a1ebc511f7fe9bd4f2cd4219ca0a3cf4000000000000000000000000
1683814663456@vehicle@0x0cac0bfe17bd73be78486a51a15db39b10cbafcf@FinishedAStarToStartingPoint
1683814667715@vehicle@0x0cac0bfe17bd73be78486a51a15db39b10cbafcf@StoreRouteToStartingPointThroughAStarSuccess
1683814671065@vehicle@0x0d5f26272be5a3b462c3b7a978c7bf4b0d6aadb1@PickUp@0xabd6b57b7d198796947bc03e4f5bd911813caada000000000000000000000000
1683814671066@vehicle@0x0cac0bfe17bd73be78486a51a15db39b10cbafcf@DestinationReady
1683814671067@vehicle@0x0d5f26272be5a3b462c3b7a978c7bf4b0d6aadb1@FinishedAStarToStartingPoint
1683814671068@vehicle@0x0cac0bfe17bd73be78486a51a15db39b10cbafcf@FinishedAStarToDestination
1683814671824@vehicle@0x4c0ae67f9e2dcabbcaee58afa56c14e427272b6f@PickUp@0x62119c27e0081b14e6e0c596603d21eaa6d6452b000000000000000000000000
1683814671825@vehicle@0x0cac0bfe17bd73be78486a51a15db39b10cbafcf@StoreRouteToDestinationSuccess
1683814671826@vehicle@0x0d5f26272be5a3b462c3b7a978c7bf4b0d6aadb1@StoreRouteToStartingPointThroughAStarSuccess
1683814671826@vehicle@0x4c0ae67f9e2dcabbcaee58afa56c14e427272b6f@FinishedAStarToStartingPoint
1683814674322@vehicle@0x0cac0bfe17bd73be78486a51a15db39b10cbafcf@PassengerPaid
1683814674325@vehicle@0x7a5b8a958a74e39ade01f412951fb319ee4fe6d9@PickUp@0xc265c858c1186113b2d830e6f46f6d95142e9750000000000000000000000000
1683814674334@vehicle@0x7a5b8a958a74e39ade01f412951fb319ee4fe6d9@FinishedAStarToStartingPoint
1683814674340@vehicle@0x4c0ae67f9e2dcabbcaee58afa56c14e427272b6f@StoreRouteToStartingPointThroughAStarSuccess
1683814674341@vehicle@0x0d5f26272be5a3b462c3b7a978c7bf4b0d6aadb1@DestinationReady
1683814674342@vehicle@0x0cac0bfe17bd73be78486a51a15db39b10cbafcf@CarReleased
1683814674343@vehicle@0x0d5f26272be5a3b462c3b7a978c7bf4b0d6aadb1@FinishedAStarToDestination
1683814676957@vehicle@0x7a5b8a958a74e39ade01f412951fb319ee4fe6d9@StoreRouteToStartingPointThroughAStarSuccess
1683814676958@vehicle@0x4c0ae67f9e2dcabbcaee58afa56c14e427272b6f@DestinationReady
1683814676961@vehicle@0x0d5f26272be5a3b462c3b7a978c7bf4b0d6aadb1@StoreRouteToDestinationSuccess
1683814676962@vehicle@0x4c0ae67f9e2dcabbcaee58afa56c14e427272b6f@FinishedAStarToDestination
1683814679243@vehicle@0x0d5f26272be5a3b462c3b7a978c7bf4b0d6aadb1@PassengerPaid
1683814679250@vehicle@0x0cac0bfe17bd73be78486a51a15db39b10cbafcf@PickUp@0xbd2f3e025a8f0b0d8bb9f64ef60980ebb27e8d5d000000000000000000000000
1683814679254@vehicle@0x4c0ae67f9e2dcabbcaee58afa56c14e427272b6f@StoreRouteToDestinationSuccess
1683814679254@vehicle@0x7a5b8a958a74e39ade01f412951fb319ee4fe6d9@DestinationReady
1683814679256@vehicle@0x0cac0bfe17bd73be78486a51a15db39b10cbafcf@FinishedAStarToStartingPoint
1683814679257@vehicle@0x0d5f26272be5a3b462c3b7a978c7bf4b0d6aadb1@CarReleased
1683814679259@vehicle@0x7a5b8a958a74e39ade01f412951fb319ee4fe6d9@FinishedAStarToDestination
1683814680469@vehicle@0x4c0ae67f9e2dcabbcaee58afa56c14e427272b6f@PassengerPaid
1683814680476@vehicle@0x926f155822d00a9191fe71ec570bcd1f0eb0c300@PickUp@0xf0ce9fe96ac15405e4fd51a62cbdbdaef2d36372000000000000000000000000
1683814680480@vehicle@0x0cac0bfe17bd73be78486a51a15db39b10cbafcf@StoreRouteToStartingPointThroughAStarSuccess
1683814680481@vehicle@0x926f155822d00a9191fe71ec570bcd1f0eb0c300@FinishedAStarToStartingPoint
1683814680483@vehicle@0x7a5b8a958a74e39ade01f412951fb319ee4fe6d9@StoreRouteToDestinationSuccess
1683814680483@vehicle@0x4c0ae67f9e2dcabbcaee58afa56c14e427272b6f@CarReleased
1683814683012@vehicle@0x0d5f26272be5a3b462c3b7a978c7bf4b0d6aadb1@PickUp@0x1bdf42d9a37b5b5c5a3bc09cadfade23d075791a000000000000000000000000
1683814683017@vehicle@0x7a5b8a958a74e39ade01f412951fb319ee4fe6d9@PassengerPaid
1683814683020@vehicle@0x0d5f26272be5a3b462c3b7a978c7bf4b0d6aadb1@FinishedAStarToStartingPoint
1683814683021@vehicle@0x926f155822d00a9191fe71ec570bcd1f0eb0c300@StoreRouteToStartingPointThroughAStarSuccess
1683814683022@vehicle@0x0cac0bfe17bd73be78486a51a15db39b10cbafcf@DestinationReady
1683814683023@vehicle@0x7a5b8a958a74e39ade01f412951fb319ee4fe6d9@CarReleased
1683814683024@vehicle@0x0cac0bfe17bd73be78486a51a15db39b10cbafcf@FinishedAStarToDestination
1683814683224@vehicle@0x926f155822d00a9191fe71ec570bcd1f0eb0c300@DestinationReady
1683814683225@vehicle@0x0cac0bfe17bd73be78486a51a15db39b10cbafcf@StoreRouteToDestinationSuccess
1683814683226@vehicle@0x0d5f26272be5a3b462c3b7a978c7bf4b0d6aadb1@StoreRouteToStartingPointThroughAStarSuccess
1683814683227@vehicle@0x926f155822d00a9191fe71ec570bcd1f0eb0c300@FinishedAStarToDestination
1683814685746@vehicle@0x0cac0bfe17bd73be78486a51a15db39b10cbafcf@PassengerPaid
1683814685749@vehicle@0x4c0ae67f9e2dcabbcaee58afa56c14e427272b6f@PickUp@0x3449a20e1b4700ffd4dd49f0fc14bcac44fee63c000000000000000000000000
1683814685754@vehicle@0x4c0ae67f9e2dcabbcaee58afa56c14e427272b6f@FinishedAStarToStartingPoint
1683814685755@vehicle@0x926f155822d00a9191fe71ec570bcd1f0eb0c300@StoreRouteToDestinationSuccess
1683814685756@vehicle@0x0d5f26272be5a3b462c3b7a978c7bf4b0d6aadb1@DestinationReady
1683814685756@vehicle@0x0cac0bfe17bd73be78486a51a15db39b10cbafcf@CarReleased
1683814685758@vehicle@0x0d5f26272be5a3b462c3b7a978c7bf4b0d6aadb1@FinishedAStarToDestination
1683814687919@vehicle@0x926f155822d00a9191fe71ec570bcd1f0eb0c300@PassengerPaid
1683814687923@vehicle@0x4c0ae67f9e2dcabbcaee58afa56c14e427272b6f@StoreRouteToStartingPointThroughAStarSuccess
1683814687925@vehicle@0x0d5f26272be5a3b462c3b7a978c7bf4b0d6aadb1@StoreRouteToDestinationSuccess
1683814687926@vehicle@0x926f155822d00a9191fe71ec570bcd1f0eb0c300@CarReleased
1683814688568@vehicle@0x0d5f26272be5a3b462c3b7a978c7bf4b0d6aadb1@PassengerPaid
1683814688573@vehicle@0x0cac0bfe17bd73be78486a51a15db39b10cbafcf@PickUp@0xd2ed0cb17fd847c8aa8bc8e9ed3870481ede088b000000000000000000000000
1683814688575@vehicle@0x4c0ae67f9e2dcabbcaee58afa56c14e427272b6f@DestinationReady
1683814688575@vehicle@0x0cac0bfe17bd73be78486a51a15db39b10cbafcf@FinishedAStarToStartingPoint
1683814688576@vehicle@0x0d5f26272be5a3b462c3b7a978c7bf4b0d6aadb1@CarReleased
1683814688576@vehicle@0x4c0ae67f9e2dcabbcaee58afa56c14e427272b6f@FinishedAStarToDestination
1683814690885@vehicle@0x7a5b8a958a74e39ade01f412951fb319ee4fe6d9@PickUp@0x5227daf8db7c57d268979df21ba9ee9c93d26712000000000000000000000000
1683814690886@vehicle@0x4c0ae67f9e2dcabbcaee58afa56c14e427272b6f@StoreRouteToDestinationSuccess
1683814690886@vehicle@0x0cac0bfe17bd73be78486a51a15db39b10cbafcf@StoreRouteToStartingPointThroughAStarSuccess
1683814690887@vehicle@0x7a5b8a958a74e39ade01f412951fb319ee4fe6d9@FinishedAStarToStartingPoint
1683814694807@vehicle@0x4c0ae67f9e2dcabbcaee58afa56c14e427272b6f@PassengerPaid
1683814694814@vehicle@0x7a5b8a958a74e39ade01f412951fb319ee4fe6d9@StoreRouteToStartingPointThroughAStarSuccess
1683814694814@vehicle@0x0cac0bfe17bd73be78486a51a15db39b10cbafcf@DestinationReady
1683814694816@vehicle@0x4c0ae67f9e2dcabbcaee58afa56c14e427272b6f@CarReleased
1683814694817@vehicle@0x0cac0bfe17bd73be78486a51a15db39b10cbafcf@FinishedAStarToDestination
1683814698603@vehicle@0x0d5f26272be5a3b462c3b7a978c7bf4b0d6aadb1@PickUp@0xb658cbd857f52f9705fbecf9b30cf827dd8c81a8000000000000000000000000
1683814698611@vehicle@0x0d5f26272be5a3b462c3b7a978c7bf4b0d6aadb1@FinishedAStarToStartingPoint
1683814698613@vehicle@0x7a5b8a958a74e39ade01f412951fb319ee4fe6d9@DestinationReady
1683814698615@vehicle@0x0cac0bfe17bd73be78486a51a15db39b10cbafcf@StoreRouteToDestinationSuccess
1683814698616@vehicle@0x7a5b8a958a74e39ade01f412951fb319ee4fe6d9@FinishedAStarToDestination
1683814700316@vehicle@0x0cac0bfe17bd73be78486a51a15db39b10cbafcf@PassengerPaid
1683814700320@vehicle@0x0d5f26272be5a3b462c3b7a978c7bf4b0d6aadb1@StoreRouteToStartingPointThroughAStarSuccess
1683814700321@vehicle@0x7a5b8a958a74e39ade01f412951fb319ee4fe6d9@StoreRouteToDestinationSuccess
1683814700322@vehicle@0x0cac0bfe17bd73be78486a51a15db39b10cbafcf@CarReleased
1683814703828@vehicle@0x4c0ae67f9e2dcabbcaee58afa56c14e427272b6f@PickUp@0x5895ef03d8c36b9a53b4f961cd1345ed0bd79fa3000000000000000000000000
1683814703830@vehicle@0x7a5b8a958a74e39ade01f412951fb319ee4fe6d9@PassengerPaid
1683814703840@vehicle@0x4c0ae67f9e2dcabbcaee58afa56c14e427272b6f@FinishedAStarToStartingPoint
1683814703843@vehicle@0x0d5f26272be5a3b462c3b7a978c7bf4b0d6aadb1@DestinationReady
1683814703844@vehicle@0x7a5b8a958a74e39ade01f412951fb319ee4fe6d9@CarReleased
1683814703846@vehicle@0x0d5f26272be5a3b462c3b7a978c7bf4b0d6aadb1@FinishedAStarToDestination
1683814707608@vehicle@0x0d5f26272be5a3b462c3b7a978c7bf4b0d6aadb1@StoreRouteToDestinationSuccess
1683814707609@vehicle@0x4c0ae67f9e2dcabbcaee58afa56c14e427272b6f@StoreRouteToStartingPointThroughAStarSuccess
1683814709979@vehicle@0x0d5f26272be5a3b462c3b7a978c7bf4b0d6aadb1@PassengerPaid
1683814709984@vehicle@0x0cac0bfe17bd73be78486a51a15db39b10cbafcf@PickUp@0x3b49b8eb1d9d3c28242b97c135379e0e32468fb9000000000000000000000000
1683814709986@vehicle@0x4c0ae67f9e2dcabbcaee58afa56c14e427272b6f@DestinationReady
1683814709987@vehicle@0x0cac0bfe17bd73be78486a51a15db39b10cbafcf@FinishedAStarToStartingPoint
1683814709988@vehicle@0x4c0ae67f9e2dcabbcaee58afa56c14e427272b6f@FinishedAStarToDestination
1683814709989@vehicle@0x0d5f26272be5a3b462c3b7a978c7bf4b0d6aadb1@CarReleased
1683814713091@vehicle@0x4c0ae67f9e2dcabbcaee58afa56c14e427272b6f@StoreRouteToDestinationSuccess
1683814713092@vehicle@0x0cac0bfe17bd73be78486a51a15db39b10cbafcf@StoreRouteToStartingPointThroughAStarSuccess
1683814716118@vehicle@0x4c0ae67f9e2dcabbcaee58afa56c14e427272b6f@PassengerPaid
1683814716125@vehicle@0x0cac0bfe17bd73be78486a51a15db39b10cbafcf@DestinationReady
1683814716126@vehicle@0x4c0ae67f9e2dcabbcaee58afa56c14e427272b6f@CarReleased
1683814716127@vehicle@0x0cac0bfe17bd73be78486a51a15db39b10cbafcf@FinishedAStarToDestination
1683814718883@vehicle@0x0d5f26272be5a3b462c3b7a978c7bf4b0d6aadb1@PickUp@0x03875bcc0db199992266825e2c1cf0f5bfc200d2000000000000000000000000
1683814718887@vehicle@0x0d5f26272be5a3b462c3b7a978c7bf4b0d6aadb1@FinishedAStarToStartingPoint
1683814718889@vehicle@0x0cac0bfe17bd73be78486a51a15db39b10cbafcf@StoreRouteToDestinationSuccess
1683814720530@vehicle@0x0cac0bfe17bd73be78486a51a15db39b10cbafcf@PassengerPaid
1683814720532@vehicle@0x0d5f26272be5a3b462c3b7a978c7bf4b0d6aadb1@StoreRouteToStartingPointThroughAStarSuccess
1683814720533@vehicle@0x0cac0bfe17bd73be78486a51a15db39b10cbafcf@CarReleased
1683814722768@vehicle@0x0d5f26272be5a3b462c3b7a978c7bf4b0d6aadb1@DestinationReady
1683814722771@vehicle@0x0d5f26272be5a3b462c3b7a978c7bf4b0d6aadb1@FinishedAStarToDestination
1683814725320@vehicle@0x0cac0bfe17bd73be78486a51a15db39b10cbafcf@PickUp@0x7906b337632876b8050f55ee5b57228f02972fa3000000000000000000000000
1683814725323@vehicle@0x0cac0bfe17bd73be78486a51a15db39b10cbafcf@FinishedAStarToStartingPoint
1683814725324@vehicle@0x0d5f26272be5a3b462c3b7a978c7bf4b0d6aadb1@StoreRouteToDestinationSuccess
1683814727925@vehicle@0x0d5f26272be5a3b462c3b7a978c7bf4b0d6aadb1@PassengerPaid
1683814727928@vehicle@0x0cac0bfe17bd73be78486a51a15db39b10cbafcf@StoreRouteToStartingPointThroughAStarSuccess
1683814727930@vehicle@0x0d5f26272be5a3b462c3b7a978c7bf4b0d6aadb1@CarReleased
1683814730774@vehicle@0x0cac0bfe17bd73be78486a51a15db39b10cbafcf@DestinationReady
1683814730775@vehicle@0x0cac0bfe17bd73be78486a51a15db39b10cbafcf@FinishedAStarToDestination
1683814732306@vehicle@0x0cac0bfe17bd73be78486a51a15db39b10cbafcf@StoreRouteToDestinationSuccess
1683814734743@vehicle@0x0cac0bfe17bd73be78486a51a15db39b10cbafcf@PassengerPaid
1683814734747@vehicle@0x0cac0bfe17bd73be78486a51a15db39b10cbafcf@CarReleased
1683814740902@vehicle@0x0cac0bfe17bd73be78486a51a15db39b10cbafcf@PickUp@0x4093777e3bf0a104ef5576011a965c58a206b69b000000000000000000000000
1683814740905@vehicle@0x0cac0bfe17bd73be78486a51a15db39b10cbafcf@FinishedAStarToStartingPoint
1683814742870@vehicle@0x0cac0bfe17bd73be78486a51a15db39b10cbafcf@StoreRouteToStartingPointThroughAStarSuccess
1683814747284@vehicle@0x0cac0bfe17bd73be78486a51a15db39b10cbafcf@DestinationReady
1683814747286@vehicle@0x0cac0bfe17bd73be78486a51a15db39b10cbafcf@FinishedAStarToDestination
1683814747488@vehicle@0x0cac0bfe17bd73be78486a51a15db39b10cbafcf@StoreRouteToDestinationSuccess
1683814749670@vehicle@0x0cac0bfe17bd73be78486a51a15db39b10cbafcf@PassengerPaid
1683814749675@vehicle@0x0cac0bfe17bd73be78486a51a15db39b10cbafcf@CarReleased
/home/endericedragon/repos/taxi-4-leaves/vehicle.js:98
        if (event.returnValues.vehicleId.slice(0, 42) == vehicleId.toLowerCase()) {
                               ^

TypeError: Cannot read properties of undefined (reading 'vehicleId')
    at Subscription.callback (/home/endericedragon/repos/taxi-4-leaves/vehicle.js:98:32)
    at Object.callback (/home/endericedragon/repos/taxi-4-leaves/node_modules/web3/node_modules/web3-core-subscriptions/lib/subscription.js:248:27)
    at /home/endericedragon/repos/taxi-4-leaves/node_modules/web3/node_modules/web3-core-requestmanager/lib/index.js:108:34
    at Map.forEach (<anonymous>)
    at WebsocketProvider.disconnect (/home/endericedragon/repos/taxi-4-leaves/node_modules/web3/node_modules/web3-core-requestmanager/lib/index.js:107:37)
    at WebsocketProvider.emit (/home/endericedragon/repos/taxi-4-leaves/node_modules/web3/node_modules/eventemitter3/index.js:181:35)
    at WebsocketProvider._onClose (/home/endericedragon/repos/taxi-4-leaves/node_modules/web3/node_modules/web3-providers-ws/lib/index.js:152:10)
    at W3CWebSocket._dispatchEvent [as dispatchEvent] (/home/endericedragon/repos/taxi-4-leaves/node_modules/web3/node_modules/yaeti/lib/EventTarget.js:115:12)
    at W3CWebSocket.onClose (/home/endericedragon/repos/taxi-4-leaves/node_modules/web3/node_modules/websocket/lib/W3CWebSocket.js:228:10)
    at WebSocketConnection.<anonymous> (/home/endericedragon/repos/taxi-4-leaves/node_modules/web3/node_modules/websocket/lib/W3CWebSocket.js:201:17)
    at WebSocketConnection.emit (node:events:513:28)
    at WebSocketConnection.handleSocketClose (/home/endericedragon/repos/taxi-4-leaves/node_modules/web3/node_modules/websocket/lib/WebSocketConnection.js:389:14)
    at Socket.emit (node:events:513:28)
    at TCP.<anonymous> (node:net:322:12)

Node.js v18.16.0
