1683766492316@passenger@0xbf5868b482ace24aa4f339ceb26e32230fc7d3aa@StartProcessing
1683766495325@passenger@0x926f155822d00a9191fe71ec570bcd1f0eb0c300@StartProcessing
1683766499399@passenger@0xbf5868b482ace24aa4f339ceb26e32230fc7d3aa@StartingPointWrittenToContract
1683766499401@passenger@0x926f155822d00a9191fe71ec570bcd1f0eb0c300@StartingPointWrittenToContract
1683766514533@passenger@0xbf5868b482ace24aa4f339ceb26e32230fc7d3aa@DestinationWrittenToContract
1683766514535@passenger@0x926f155822d00a9191fe71ec570bcd1f0eb0c300@DestinationWrittenToContract
1683766514537@passenger@0xbf5868b482ace24aa4f339ceb26e32230fc7d3aa@FoundIdleCarsNearby
1683766514539@passenger@0x926f155822d00a9191fe71ec570bcd1f0eb0c300@FoundIdleCarsNearby
1683766514545@passenger@0xbf5868b482ace24aa4f339ceb26e32230fc7d3aa@FoundTheMostNearbyCar
1683766514546@passenger@0x926f155822d00a9191fe71ec570bcd1f0eb0c300@FoundTheMostNearbyCar
1683766517849@passenger@0x926f155822d00a9191fe71ec570bcd1f0eb0c300@TheMostNearbyCarIsSelected
1683766517850@passenger@0xbf5868b482ace24aa4f339ceb26e32230fc7d3aa@TheMostNearbyCarConflict
1683766531587@passenger@0x926f155822d00a9191fe71ec570bcd1f0eb0c300@PassengerOnBoard
1683766531860@passenger@0xbf5868b482ace24aa4f339ceb26e32230fc7d3aa@FoundTheMostNearbyCar
1683766534162@passenger@0x926f155822d00a9191fe71ec570bcd1f0eb0c300@PassengerArriveAtDestination
1683766534169@passenger@0xbf5868b482ace24aa4f339ceb26e32230fc7d3aa@TheMostNearbyCarConflict
1683766539706@passenger@0x926f155822d00a9191fe71ec570bcd1f0eb0c300@PassengerPaysAndGetsOff
1683766552204@passenger@0xbf5868b482ace24aa4f339ceb26e32230fc7d3aa@FoundTheMostNearbyCar
1683766554503@passenger@0xbf5868b482ace24aa4f339ceb26e32230fc7d3aa@TheMostNearbyCarIsSelected
1683766571548@passenger@0xbf5868b482ace24aa4f339ceb26e32230fc7d3aa@PassengerOnBoard
1683766580242@passenger@0xbf5868b482ace24aa4f339ceb26e32230fc7d3aa@PassengerArriveAtDestination
1683766587205@passenger@0xbf5868b482ace24aa4f339ceb26e32230fc7d3aa@PassengerPaysAndGetsOff
